<?xml version="1.0" encoding="utf-8"?><testsuites name="pytest tests"><testsuite name="pytest" errors="0" failures="1" skipped="0" tests="16" time="128.194" timestamp="2026-03-17T23:13:36.069783+00:00" hostname="agent-env-1acbe16a-4062-4a13-9aa3-613f7d542219"><testcase classname="tests.test_free_tier_pages_iteration148.TestHealthEndpoints" name="test_health_endpoint" time="60.231"><failure message="assert 502 == 200&#10; +  where 502 = &lt;Response [502]&gt;.status_code">tests/test_free_tier_pages_iteration148.py:71: in test_health_endpoint
    assert response.status_code == 200
E   assert 502 == 200
E    +  where 502 = &lt;Response [502]&gt;.status_code</failure></testcase><testcase classname="tests.test_free_tier_pages_iteration148.TestMarketPageAPIs" name="test_pressure_endpoint_returns_proper_structure" time="42.697" /><testcase classname="tests.test_free_tier_pages_iteration148.TestMarketPageAPIs" name="test_freshness_endpoint_returns_proper_structure" time="1.107" /><testcase classname="tests.test_free_tier_pages_iteration148.TestMarketPageAPIs" name="test_watchtower_endpoint" time="1.382" /><testcase classname="tests.test_free_tier_pages_iteration148.TestBusinessDNAKPITab" name="test_brain_kpis_endpoint" time="1.818" /><testcase classname="tests.test_free_tier_pages_iteration148.TestBusinessDNAKPITab" name="test_brain_kpis_save_works" time="3.893" /><testcase classname="tests.test_free_tier_pages_iteration148.TestFreeTierAccess" name="test_soundboard_endpoint" time="0.050" /><testcase classname="tests.test_free_tier_pages_iteration148.TestFreeTierAccess" name="test_alerts_endpoint" time="2.129" /><testcase classname="tests.test_free_tier_pages_iteration148.TestFreeTierAccess" name="test_priority_inbox_endpoint" time="1.119" /><testcase classname="tests.test_free_tier_pages_iteration148.TestIntegrationsPage" name="test_merge_connected_endpoint" time="1.892" /><testcase classname="tests.test_free_tier_pages_iteration148.TestIntegrationsPage" name="test_integration_status_endpoint" time="2.104" /><testcase classname="tests.test_free_tier_pages_iteration148.TestDataHealthPage" name="test_data_health_sync_endpoint_exists" time="3.553" /><testcase classname="tests.test_free_tier_pages_iteration148.TestCompetitiveBenchmarkPage" name="test_marketing_benchmark_latest" time="1.230" /><testcase classname="tests.test_free_tier_pages_iteration148.TestCompetitiveBenchmarkPage" name="test_marketing_benchmark_post" time="1.238" /><testcase classname="tests.test_free_tier_pages_iteration148.TestCalendarPage" name="test_calendar_events_endpoint" time="2.373" /><testcase classname="tests.test_free_tier_pages_iteration148.TestPriorityInboxPage" name="test_priority_inbox_structure" time="1.171" /></testsuite></testsuites>