<?xml version="1.0" encoding="utf-8"?><testsuites name="pytest tests"><testsuite name="pytest" errors="0" failures="0" skipped="0" tests="35" time="1.085" timestamp="2026-02-17T03:41:00.517437+00:00" hostname="agent-env-872cb119-47fb-47e8-9ede-525e55ff8689"><testcase classname="backend.tests.test_iteration43_dynamic_gap_filling.TestStrategicAuditEndpoint" name="test_strategic_audit_returns_401_without_auth" time="0.282" /><testcase classname="backend.tests.test_iteration43_dynamic_gap_filling.TestStrategicAuditEndpoint" name="test_strategic_audit_endpoint_exists" time="0.127" /><testcase classname="backend.tests.test_iteration43_dynamic_gap_filling.TestCalibrationStatusEndpoint" name="test_calibration_status_returns_401_without_auth" time="0.104" /><testcase classname="backend.tests.test_iteration43_dynamic_gap_filling.TestBusinessProfileEndpoint" name="test_business_profile_put_returns_401_without_auth" time="0.170" /><testcase classname="backend.tests.test_iteration43_dynamic_gap_filling.TestBusinessProfileEndpoint" name="test_business_profile_context_returns_401_without_auth" time="0.164" /><testcase classname="backend.tests.test_iteration43_dynamic_gap_filling.TestBackendCodeReview" name="test_strategic_dimensions_list_has_17_items" time="0.001" /><testcase classname="backend.tests.test_iteration43_dynamic_gap_filling.TestBackendCodeReview" name="test_strategic_audit_endpoint_returns_correct_structure" time="0.000" /><testcase classname="backend.tests.test_iteration43_dynamic_gap_filling.TestBackendCodeReview" name="test_strategic_dimensions_includes_growth_goals" time="0.000" /><testcase classname="backend.tests.test_iteration43_dynamic_gap_filling.TestBackendCodeReview" name="test_strategic_dimensions_includes_risk_profile" time="0.000" /><testcase classname="backend.tests.test_iteration43_dynamic_gap_filling.TestBackendCodeReview" name="test_strategic_dimensions_includes_competitive_advantages" time="0.000" /><testcase classname="backend.tests.test_iteration43_dynamic_gap_filling.TestBackendCodeReview" name="test_strategic_dimensions_includes_products_services" time="0.000" /><testcase classname="backend.tests.test_iteration43_dynamic_gap_filling.TestBackendCodeReview" name="test_strategic_dimensions_includes_team_size" time="0.000" /><testcase classname="backend.tests.test_iteration43_dynamic_gap_filling.TestBackendCodeReview" name="test_strategic_dimensions_includes_years_operating" time="0.000" /><testcase classname="backend.tests.test_iteration43_dynamic_gap_filling.TestFactResolutionCodeReview" name="test_fact_sources_includes_growth_goals" time="0.000" /><testcase classname="backend.tests.test_iteration43_dynamic_gap_filling.TestFactResolutionCodeReview" name="test_fact_sources_includes_risk_profile" time="0.000" /><testcase classname="backend.tests.test_iteration43_dynamic_gap_filling.TestFactResolutionCodeReview" name="test_fact_sources_includes_competitive_advantages" time="0.000" /><testcase classname="backend.tests.test_iteration43_dynamic_gap_filling.TestFactResolutionCodeReview" name="test_fact_sources_includes_products_services" time="0.000" /><testcase classname="backend.tests.test_iteration43_dynamic_gap_filling.TestFactResolutionCodeReview" name="test_fact_sources_includes_team_size" time="0.000" /><testcase classname="backend.tests.test_iteration43_dynamic_gap_filling.TestFactResolutionCodeReview" name="test_fact_sources_includes_years_operating" time="0.000" /><testcase classname="backend.tests.test_iteration43_dynamic_gap_filling.TestFactResolutionCodeReview" name="test_onboarding_field_to_fact_includes_growth_goals" time="0.000" /><testcase classname="backend.tests.test_iteration43_dynamic_gap_filling.TestFactResolutionCodeReview" name="test_onboarding_field_to_fact_includes_risk_profile" time="0.000" /><testcase classname="backend.tests.test_iteration43_dynamic_gap_filling.TestWarRoomConsoleCodeReview" name="test_warroomconsole_fetches_strategic_audit" time="0.000" /><testcase classname="backend.tests.test_iteration43_dynamic_gap_filling.TestWarRoomConsoleCodeReview" name="test_warroomconsole_checks_gap_count_for_complete" time="0.000" /><testcase classname="backend.tests.test_iteration43_dynamic_gap_filling.TestWarRoomConsoleCodeReview" name="test_warroomconsole_auto_advances_step" time="0.000" /><testcase classname="backend.tests.test_iteration43_dynamic_gap_filling.TestWarRoomConsoleCodeReview" name="test_warroomconsole_sets_progress_from_audit" time="0.000" /><testcase classname="backend.tests.test_iteration43_dynamic_gap_filling.TestSettingsPageCodeReview" name="test_settings_has_business_stage_select" time="0.000" /><testcase classname="backend.tests.test_iteration43_dynamic_gap_filling.TestSettingsPageCodeReview" name="test_settings_has_growth_goals_select" time="0.000" /><testcase classname="backend.tests.test_iteration43_dynamic_gap_filling.TestSettingsPageCodeReview" name="test_settings_has_risk_profile_select" time="0.000" /><testcase classname="backend.tests.test_iteration43_dynamic_gap_filling.TestSettingsPageCodeReview" name="test_settings_save_buttons_call_handleSaveProfile" time="0.000" /><testcase classname="backend.tests.test_iteration43_dynamic_gap_filling.TestSettingsPageCodeReview" name="test_settings_handleSaveProfile_calls_put_business_profile" time="0.000" /><testcase classname="backend.tests.test_iteration43_dynamic_gap_filling.TestOnboardingWizardCodeReview" name="test_onboarding_step6_has_growth_goals_select" time="0.000" /><testcase classname="backend.tests.test_iteration43_dynamic_gap_filling.TestOnboardingWizardCodeReview" name="test_onboarding_profile_sync_fields_includes_growth_goals" time="0.000" /><testcase classname="backend.tests.test_iteration43_dynamic_gap_filling.TestOnboardingWizardCodeReview" name="test_onboarding_sync_to_business_profile_function_exists" time="0.000" /><testcase classname="backend.tests.test_iteration43_dynamic_gap_filling.TestOnboardingWizardCodeReview" name="test_onboarding_sync_calls_put_business_profile" time="0.001" /><testcase classname="backend.tests.test_iteration43_dynamic_gap_filling.TestHealthEndpoint" name="test_health_endpoint_returns_200" time="0.138" /></testsuite></testsuites>