<?xml version="1.0" encoding="utf-8"?><testsuites name="pytest tests"><testsuite name="pytest" errors="0" failures="0" skipped="0" tests="13" time="25.556" timestamp="2026-03-15T08:33:31.416734+00:00" hostname="agent-env-5bf9e343-21a5-482c-b9f4-a93840a890d6"><testcase classname="backend.tests.test_iteration140_kpi_thresholds.TestTierAwareKpiMapping" name="test_brain_metric_limits_defined" time="0.001" /><testcase classname="backend.tests.test_iteration140_kpi_thresholds.TestTierAwareKpiMapping" name="test_brain_plan_labels_defined" time="0.000" /><testcase classname="backend.tests.test_iteration140_kpi_thresholds.TestTierAwareKpiMapping" name="test_get_brain_metric_limit_function" time="0.000" /><testcase classname="backend.tests.test_iteration140_kpi_thresholds.TestGetBrainKpis" name="test_kpis_endpoint_returns_200" time="2.555" /><testcase classname="backend.tests.test_iteration140_kpi_thresholds.TestGetBrainKpis" name="test_kpis_returns_plan_policy_fields" time="1.443" /><testcase classname="backend.tests.test_iteration140_kpi_thresholds.TestGetBrainKpis" name="test_kpis_super_admin_has_100_visible_metrics" time="1.399" /><testcase classname="backend.tests.test_iteration140_kpi_thresholds.TestGetBrainKpis" name="test_kpis_returns_metrics_array" time="1.454" /><testcase classname="backend.tests.test_iteration140_kpi_thresholds.TestPutBrainKpis" name="test_save_single_threshold" time="4.938" /><testcase classname="backend.tests.test_iteration140_kpi_thresholds.TestPutBrainKpis" name="test_disable_threshold" time="6.355" /><testcase classname="backend.tests.test_iteration140_kpi_thresholds.TestBrainMetricsWithCoverage" name="test_metrics_coverage_has_threshold_config" time="1.442" /><testcase classname="backend.tests.test_iteration140_kpi_thresholds.TestBrainMetricsWithCoverage" name="test_metrics_coverage_respects_visible_limit" time="1.415" /><testcase classname="backend.tests.test_iteration140_kpi_thresholds.TestBrainPrioritiesBrainPolicy" name="test_priorities_returns_brain_policy" time="4.337" /><testcase classname="backend.tests.test_iteration140_kpi_thresholds.TestHealthCheck" name="test_health_endpoint" time="0.131" /></testsuite></testsuites>