<?xml version="1.0" encoding="utf-8"?><testsuites name="pytest tests"><testsuite name="pytest" errors="0" failures="0" skipped="0" tests="8" time="17.739" timestamp="2026-02-24T10:13:25.786616+00:00" hostname="agent-env-9271b7e8-9486-4c0f-a05d-9e50e0ff9433"><testcase classname="backend.tests.test_iteration69_market_intelligence.TestMarketIntelligence" name="test_market_intelligence_returns_auth_error_without_auth" time="0.166" /><testcase classname="backend.tests.test_iteration69_market_intelligence.TestMarketIntelligence" name="test_market_intelligence_returns_cognitive_data" time="4.929" /><testcase classname="backend.tests.test_iteration69_market_intelligence.TestMarketIntelligence" name="test_market_intelligence_has_system_state" time="3.769" /><testcase classname="backend.tests.test_iteration69_market_intelligence.TestMarketIntelligence" name="test_market_intelligence_crm_summary_when_connected" time="3.643" /><testcase classname="backend.tests.test_iteration69_market_intelligence.TestSnapshotLatest" name="test_snapshot_latest_returns_auth_error_without_auth" time="0.131" /><testcase classname="backend.tests.test_iteration69_market_intelligence.TestSnapshotLatest" name="test_snapshot_latest_returns_cognitive_key" time="1.394" /><testcase classname="backend.tests.test_iteration69_market_intelligence.TestChannelStatusCRM" name="test_channels_status_crm_connected_hubspot" time="3.524" /><testcase classname="backend.tests.test_iteration69_market_intelligence.TestHealthCheck" name="test_health_endpoint" time="0.117" /></testsuite></testsuites>