<?xml version="1.0" encoding="utf-8"?><testsuites name="pytest tests"><testsuite name="pytest" errors="0" failures="2" skipped="0" tests="21" time="4.249" timestamp="2026-03-13T07:26:55.624088+00:00" hostname="agent-env-5d83e6fc-44d5-485a-b42e-9bbae981d08c"><testcase classname="backend.tests.test_forensic_iteration117.TestHealthEndpoints" name="test_api_health" time="0.180" /><testcase classname="backend.tests.test_forensic_iteration117.TestHealthEndpoints" name="test_production_health" time="0.953" /><testcase classname="backend.tests.test_forensic_iteration117.TestUnauthorizedEndpoints" name="test_soundboard_conversations_unauthorized" time="0.142" /><testcase classname="backend.tests.test_forensic_iteration117.TestUnauthorizedEndpoints" name="test_soundboard_chat_unauthorized" time="0.152" /><testcase classname="backend.tests.test_forensic_iteration117.TestUnauthorizedEndpoints" name="test_boardroom_respond_unauthorized" time="0.133" /><testcase classname="backend.tests.test_forensic_iteration117.TestUnauthorizedEndpoints" name="test_boardroom_diagnosis_unauthorized" time="0.099" /><testcase classname="backend.tests.test_forensic_iteration117.TestUnauthorizedEndpoints" name="test_war_room_respond_unauthorized" time="0.104" /><testcase classname="backend.tests.test_forensic_iteration117.TestUnauthorizedEndpoints" name="test_admin_users_unauthorized" time="0.111" /><testcase classname="backend.tests.test_forensic_iteration117.TestUnauthorizedEndpoints" name="test_admin_stats_unauthorized" time="0.102" /><testcase classname="backend.tests.test_forensic_iteration117.TestUnauthorizedEndpoints" name="test_admin_rate_limits_defaults_unauthorized" time="0.142" /><testcase classname="backend.tests.test_forensic_iteration117.TestOpsAdvisoryRoute" name="test_oac_recommendations_unauthorized" time="0.109" /><testcase classname="backend.tests.test_forensic_iteration117.TestNotificationEndpoints" name="test_notifications_alerts_unauthorized" time="0.102" /><testcase classname="backend.tests.test_forensic_iteration117.TestIntelligenceEndpoints" name="test_intelligence_watchtower_unauthorized" time="0.106" /><testcase classname="backend.tests.test_forensic_iteration117.TestCognitionEndpoints" name="test_cognition_overview_unauthorized" time="0.099" /><testcase classname="backend.tests.test_forensic_iteration117.TestIntegrationEndpoints" name="test_integrations_status_unauthorized" time="0.105"><failure message="assert 404 in [401, 403]&#10; +  where 404 = &lt;Response [404]&gt;.status_code">backend/tests/test_forensic_iteration117.py:141: in test_integrations_status_unauthorized
    assert response.status_code in [401, 403]
E   assert 404 in [401, 403]
E    +  where 404 = &lt;Response [404]&gt;.status_code</failure></testcase><testcase classname="backend.tests.test_forensic_iteration117.TestCalibrationEndpoints" name="test_calibration_status_unauthorized" time="0.109" /><testcase classname="backend.tests.test_forensic_iteration117.TestBoardroomDiagnosisAreas" name="test_invalid_focus_area" time="0.098" /><testcase classname="backend.tests.test_forensic_iteration117.TestSnapshotEndpoints" name="test_snapshot_latest_unauthorized" time="0.106" /><testcase classname="backend.tests.test_forensic_iteration117.TestProfileEndpoints" name="test_business_profile_unauthorized" time="0.128"><failure message="assert 404 in [401, 403]&#10; +  where 404 = &lt;Response [404]&gt;.status_code">backend/tests/test_forensic_iteration117.py:195: in test_business_profile_unauthorized
    assert response.status_code in [401, 403]
E   assert 404 in [401, 403]
E    +  where 404 = &lt;Response [404]&gt;.status_code</failure></testcase><testcase classname="backend.tests.test_forensic_iteration117.TestUnifiedEndpoints" name="test_unified_revenue_unauthorized" time="0.112" /><testcase classname="backend.tests.test_forensic_iteration117.TestEndpointDiscovery" name="test_key_routes_exist" time="0.957" /></testsuite></testsuites>