<?xml version="1.0" encoding="utf-8"?><testsuites name="pytest tests"><testsuite name="pytest" errors="0" failures="0" skipped="0" tests="4" time="0.022" timestamp="2026-03-16T06:59:08.785394+00:00" hostname="agent-env-5bf9e343-21a5-482c-b9f4-a93840a890d6"><testcase classname="tests.test_iteration145_redis_route_migration" name="test_no_asyncio_create_task_in_target_route_files" time="0.002" /><testcase classname="tests.test_iteration145_redis_route_migration" name="test_enqueue_job_used_in_target_route_files" time="0.001" /><testcase classname="tests.test_iteration145_redis_route_migration" name="test_redis_job_types_and_handlers_registered" time="0.000" /><testcase classname="tests.test_iteration145_redis_route_migration" name="test_conversational_routes_unchanged_from_queue_migration_scope" time="0.001" /></testsuite></testsuites>