<?xml version="1.0" encoding="utf-8"?><testsuites name="pytest tests"><testsuite name="pytest" errors="0" failures="3" skipped="0" tests="9" time="72.023" timestamp="2026-03-14T00:15:57.957012+00:00" hostname="agent-env-5d83e6fc-44d5-485a-b42e-9bbae981d08c"><testcase classname="backend.tests.test_ai_modules_iteration129.TestAuthenticationAndAIModules" name="test_01_health_check" time="0.154" /><testcase classname="backend.tests.test_ai_modules_iteration129.TestAuthenticationAndAIModules" name="test_02_authentication_success" time="0.475" /><testcase classname="backend.tests.test_ai_modules_iteration129.TestAuthenticationAndAIModules" name="test_03_calibration_status" time="1.402" /><testcase classname="backend.tests.test_ai_modules_iteration129.TestAuthenticationAndAIModules" name="test_04_soundboard_chat_basic" time="8.250"><failure message="Failed: Soundboard failed with 500">backend/tests/test_ai_modules_iteration129.py:146: in test_04_soundboard_chat_basic
    pytest.fail(f"Soundboard failed with {response.status_code}")
E   Failed: Soundboard failed with 500</failure></testcase><testcase classname="backend.tests.test_ai_modules_iteration129.TestAuthenticationAndAIModules" name="test_05_soundboard_multi_turn" time="30.439"><failure message="AssertionError: Only 0/3 turns succeeded&#10;assert 0 &gt;= 2">backend/tests/test_ai_modules_iteration129.py:193: in test_05_soundboard_multi_turn
    assert successful_turns &gt;= 2, f"Only {successful_turns}/3 turns succeeded"
E   AssertionError: Only 0/3 turns succeeded
E   assert 0 &gt;= 2</failure></testcase><testcase classname="backend.tests.test_ai_modules_iteration129.TestAuthenticationAndAIModules" name="test_06_war_room_respond" time="19.175"><failure message="AssertionError: War Room response too short&#10;assert 0 &gt; 30&#10; +  where 0 = len('')">backend/tests/test_ai_modules_iteration129.py:236: in test_06_war_room_respond
    assert len(answer) &gt; 30, "War Room response too short"
E   AssertionError: War Room response too short
E   assert 0 &gt; 30
E    +  where 0 = len('')</failure></testcase><testcase classname="backend.tests.test_ai_modules_iteration129.TestAuthenticationAndAIModules" name="test_07_boardroom_diagnosis" time="8.870" /><testcase classname="backend.tests.test_ai_modules_iteration129.TestAuthenticationAndAIModules" name="test_08_calibration_enrichment_quality" time="3.045" /><testcase classname="backend.tests.test_ai_modules_iteration129.TestLLMRouterHealth" name="test_router_config" time="0.118" /></testsuite></testsuites>