<?xml version="1.0" encoding="utf-8"?><testsuites name="pytest tests"><testsuite name="pytest" errors="0" failures="0" skipped="0" tests="4" time="6.048" timestamp="2026-03-12T19:28:41.120352+00:00" hostname="agent-env-23d1015a-339a-44d4-bf4a-fcaf4da6c306"><testcase classname="tests.test_calibration_loop_regression.TestCalibrationLoopRegression" name="test_01_calibration_status_returns_complete" time="2.199" /><testcase classname="tests.test_calibration_loop_regression.TestCalibrationLoopRegression" name="test_02_onboarding_status_returns_completed" time="1.136" /><testcase classname="tests.test_calibration_loop_regression.TestCalibrationLoopRegression" name="test_03_lifecycle_state_shows_calibration_complete" time="1.922" /><testcase classname="tests.test_calibration_loop_regression.TestCalibrationLoopRegression" name="test_04_auth_me_returns_user_data" time="0.734" /></testsuite></testsuites>