<?xml version="1.0" encoding="utf-8"?><testsuites name="pytest tests"><testsuite name="pytest" errors="0" failures="0" skipped="0" tests="27" time="0.758" timestamp="2026-02-10T20:56:49.832435+00:00" hostname="agent-env-28997d82-de1d-47ab-893c-12cb0e97db73"><testcase classname="backend.tests.test_iteration12_calibration_writes.TestCalibrationEndpointAuth" name="test_calibration_status_unauthenticated" time="0.078" /><testcase classname="backend.tests.test_iteration12_calibration_writes.TestCalibrationEndpointAuth" name="test_auth_check_profile_unauthenticated" time="0.044" /><testcase classname="backend.tests.test_iteration12_calibration_writes.TestCalibrationEndpointAuth" name="test_calibration_defer_unauthenticated" time="0.077" /><testcase classname="backend.tests.test_iteration12_calibration_writes.TestCalibrationEndpointAuth" name="test_calibration_init_unauthenticated" time="0.040" /><testcase classname="backend.tests.test_iteration12_calibration_writes.TestCalibrationEndpointAuth" name="test_calibration_answer_unauthenticated" time="0.042" /><testcase classname="backend.tests.test_iteration12_calibration_writes.TestCalibrationEndpointAuth" name="test_calibration_brain_unauthenticated" time="0.042" /><testcase classname="backend.tests.test_iteration12_calibration_writes.TestCalibrationEndpointAuth" name="test_admin_backfill_calibration_unauthenticated" time="0.041" /><testcase classname="backend.tests.test_iteration12_calibration_writes.TestEndpointRegistration" name="test_calibration_status_endpoint_exists" time="0.046" /><testcase classname="backend.tests.test_iteration12_calibration_writes.TestEndpointRegistration" name="test_calibration_defer_endpoint_exists" time="0.042" /><testcase classname="backend.tests.test_iteration12_calibration_writes.TestEndpointRegistration" name="test_calibration_init_endpoint_exists" time="0.039" /><testcase classname="backend.tests.test_iteration12_calibration_writes.TestEndpointRegistration" name="test_calibration_answer_endpoint_exists" time="0.041" /><testcase classname="backend.tests.test_iteration12_calibration_writes.TestEndpointRegistration" name="test_calibration_brain_endpoint_exists" time="0.040" /><testcase classname="backend.tests.test_iteration12_calibration_writes.TestEndpointRegistration" name="test_admin_backfill_calibration_endpoint_exists" time="0.036" /><testcase classname="backend.tests.test_iteration12_calibration_writes.TestCalibrationBrainWritePath" name="test_calibration_brain_writes_to_user_operator_profile" time="0.003" /><testcase classname="backend.tests.test_iteration12_calibration_writes.TestCalibrationBrainWritePath" name="test_calibration_brain_logs_write" time="0.002" /><testcase classname="backend.tests.test_iteration12_calibration_writes.TestCalibrationAnswerWritePath" name="test_calibration_answer_q9_writes_to_user_operator_profile" time="0.002" /><testcase classname="backend.tests.test_iteration12_calibration_writes.TestCalibrationAnswerWritePath" name="test_calibration_answer_fallback_writes_to_user_operator_profile" time="0.002" /><testcase classname="backend.tests.test_iteration12_calibration_writes.TestCalibrationAnswerWritePath" name="test_calibration_answer_logs_write" time="0.002" /><testcase classname="backend.tests.test_iteration12_calibration_writes.TestCalibrationDeferWritePath" name="test_calibration_defer_writes_deferred_to_user_operator_profile" time="0.002" /><testcase classname="backend.tests.test_iteration12_calibration_writes.TestCalibrationDeferWritePath" name="test_calibration_defer_upsert_pattern" time="0.002" /><testcase classname="backend.tests.test_iteration12_calibration_writes.TestCalibrationInitNoCalibrationStatus" name="test_calibration_init_no_calibration_status_reference" time="0.002" /><testcase classname="backend.tests.test_iteration12_calibration_writes.TestCalibrationStatusReadPath" name="test_calibration_status_reads_from_user_operator_profile_only" time="0.002" /><testcase classname="backend.tests.test_iteration12_calibration_writes.TestCalibrationStatusReadPath" name="test_calibration_status_docstring_mentions_sole_authority" time="0.002" /><testcase classname="backend.tests.test_iteration12_calibration_writes.TestAuthCheckProfileReadPath" name="test_auth_check_profile_reads_from_user_operator_profile_only" time="0.002" /><testcase classname="backend.tests.test_iteration12_calibration_writes.TestAuthCheckProfileReadPath" name="test_auth_check_profile_no_business_profiles_calibration_read" time="0.002" /><testcase classname="backend.tests.test_iteration12_calibration_writes.TestAdminBackfillEndpoint" name="test_backfill_writes_to_user_operator_profile" time="0.002" /><testcase classname="backend.tests.test_iteration12_calibration_writes.TestBackendHealth" name="test_backend_health" time="0.042" /></testsuite></testsuites>