<?xml version="1.0" encoding="utf-8"?><testsuites name="pytest tests"><testsuite name="pytest" errors="0" failures="0" skipped="8" tests="15" time="5.345" timestamp="2026-02-12T06:02:11.331840+00:00" hostname="agent-env-4b41816a-3ba1-445d-8d44-edefe2d43c46"><testcase classname="tests.test_iteration22_intelligence_pipeline.TestHealthAndBasics" name="test_health_endpoint" time="0.097" /><testcase classname="tests.test_iteration22_intelligence_pipeline.TestAuthentication" name="test_auth_successful" time="0.812"><skipped type="pytest.skip" message="Could not authenticate with andre@thestrategysquad.com.au">/app/backend/tests/test_iteration22_intelligence_pipeline.py:74: Could not authenticate with andre@thestrategysquad.com.au</skipped></testcase><testcase classname="tests.test_iteration22_intelligence_pipeline.TestLifecycleState" name="test_lifecycle_state_returns_integrations" time="0.699"><skipped type="pytest.skip" message="Could not authenticate">/app/backend/tests/test_iteration22_intelligence_pipeline.py:98: Could not authenticate</skipped></testcase><testcase classname="tests.test_iteration22_intelligence_pipeline.TestLifecycleState" name="test_lifecycle_state_has_events" time="0.000"><skipped type="pytest.skip" message="Could not authenticate">/app/backend/tests/test_iteration22_intelligence_pipeline.py:121: Could not authenticate</skipped></testcase><testcase classname="tests.test_iteration22_intelligence_pipeline.TestColdReadPipeline" name="test_cold_read_triggers_3_stage_pipeline" time="0.707"><skipped type="pytest.skip" message="Could not authenticate">/app/backend/tests/test_iteration22_intelligence_pipeline.py:155: Could not authenticate</skipped></testcase><testcase classname="tests.test_iteration22_intelligence_pipeline.TestColdReadPipeline" name="test_cold_read_requires_auth" time="0.042" /><testcase classname="tests.test_iteration22_intelligence_pipeline.TestWatchtowerPositions" name="test_watchtower_positions_endpoint" time="0.696"><skipped type="pytest.skip" message="Could not authenticate">/app/backend/tests/test_iteration22_intelligence_pipeline.py:215: Could not authenticate</skipped></testcase><testcase classname="tests.test_iteration22_intelligence_pipeline.TestWatchtowerPositions" name="test_watchtower_positions_requires_auth" time="0.043" /><testcase classname="tests.test_iteration22_intelligence_pipeline.TestDataReadiness" name="test_data_readiness_shows_integrations" time="0.708"><skipped type="pytest.skip" message="Could not authenticate">/app/backend/tests/test_iteration22_intelligence_pipeline.py:273: Could not authenticate</skipped></testcase><testcase classname="tests.test_iteration22_intelligence_pipeline.TestBaselineSnapshot" name="test_baseline_snapshot_returns_record" time="0.710"><skipped type="pytest.skip" message="Could not authenticate">/app/backend/tests/test_iteration22_intelligence_pipeline.py:320: Could not authenticate</skipped></testcase><testcase classname="tests.test_iteration22_intelligence_pipeline.TestConsoleState" name="test_console_state_save_and_read" time="0.700"><skipped type="pytest.skip" message="Could not authenticate">/app/backend/tests/test_iteration22_intelligence_pipeline.py:357: Could not authenticate</skipped></testcase><testcase classname="tests.test_iteration22_intelligence_pipeline.TestConsoleState" name="test_console_state_requires_auth" time="0.058" /><testcase classname="tests.test_iteration22_intelligence_pipeline.TestEmissionLayerFix" name="test_emission_layer_code_fix_verified" time="0.000" /><testcase classname="tests.test_iteration22_intelligence_pipeline.TestEmissionLayerFix" name="test_cold_read_calls_emission" time="0.002" /><testcase classname="tests.test_iteration22_intelligence_pipeline.TestEmissionLayerFix" name="test_cold_read_calls_watchtower_analysis" time="0.002" /></testsuite></testsuites>