<?xml version="1.0" encoding="utf-8"?><testsuites name="pytest tests"><testsuite name="pytest" errors="0" failures="0" skipped="0" tests="8" time="1.045" timestamp="2026-02-05T19:42:25.967111+00:00" hostname="agent-env-21a1306d-f476-45e1-8a43-123ed479c42c"><testcase classname="backend.tests.test_p0_calibration_routes.TestHealthEndpoint" name="test_health_returns_200" time="0.297" /><testcase classname="backend.tests.test_p0_calibration_routes.TestCalibrationEndpoint" name="test_calibration_status_returns_401_unauthenticated" time="0.038" /><testcase classname="backend.tests.test_p0_calibration_routes.TestCalibrationEndpoint" name="test_calibration_status_never_returns_500" time="0.039" /><testcase classname="backend.tests.test_p0_calibration_routes.TestCalibrationEndpoint" name="test_calibration_status_with_invalid_token" time="0.414" /><testcase classname="backend.tests.test_p0_calibration_routes.TestProtectedRoutes" name="test_advisor_endpoint_requires_auth" time="0.037" /><testcase classname="backend.tests.test_p0_calibration_routes.TestProtectedRoutes" name="test_me_endpoint_requires_auth" time="0.039" /><testcase classname="backend.tests.test_p0_calibration_routes.TestAuthEndpoints" name="test_login_endpoint_exists" time="0.041" /><testcase classname="backend.tests.test_p0_calibration_routes.TestAuthEndpoints" name="test_signup_endpoint_exists" time="0.035" /></testsuite></testsuites>