<?xml version="1.0" encoding="utf-8"?><testsuites name="pytest tests"><testsuite name="pytest" errors="0" failures="0" skipped="0" tests="14" time="19.483" timestamp="2026-02-16T06:24:02.344423+00:00" hostname="agent-env-f6320f70-6854-4b82-89c5-d609841ba090"><testcase classname="tests.test_iteration37_auth_e2e.TestHealthEndpoints" name="test_api_health" time="0.154" /><testcase classname="tests.test_iteration37_auth_e2e.TestUnauthenticatedAccess" name="test_calibration_status_requires_auth" time="0.109" /><testcase classname="tests.test_iteration37_auth_e2e.TestUnauthenticatedAccess" name="test_business_profile_requires_auth" time="0.138" /><testcase classname="tests.test_iteration37_auth_e2e.TestUnauthenticatedAccess" name="test_dashboard_stats_requires_auth" time="0.101" /><testcase classname="tests.test_iteration37_auth_e2e.TestAuthFlow" name="test_login_success" time="0.916" /><testcase classname="tests.test_iteration37_auth_e2e.TestAuthFlow" name="test_login_invalid_credentials" time="0.399" /><testcase classname="tests.test_iteration37_auth_e2e.TestAuthFlow" name="test_oauth_google_url" time="0.106" /><testcase classname="tests.test_iteration37_auth_e2e.TestAuthenticatedEndpoints" name="test_calibration_status_with_auth" time="4.742" /><testcase classname="tests.test_iteration37_auth_e2e.TestAuthenticatedEndpoints" name="test_business_profile_with_auth" time="1.882" /><testcase classname="tests.test_iteration37_auth_e2e.TestAuthenticatedEndpoints" name="test_dashboard_stats_with_auth" time="3.215" /><testcase classname="tests.test_iteration37_auth_e2e.TestAuthenticatedEndpoints" name="test_soundboard_conversations_with_auth" time="1.923" /><testcase classname="tests.test_iteration37_auth_e2e.TestAuthenticatedEndpoints" name="test_onboarding_status_with_auth" time="2.143" /><testcase classname="tests.test_iteration37_auth_e2e.TestAuthenticatedEndpoints" name="test_baseline_with_auth" time="1.949" /><testcase classname="tests.test_iteration37_auth_e2e.TestAuthenticatedEndpoints" name="test_auth_me_endpoint" time="1.636" /></testsuite></testsuites>