<?xml version="1.0" encoding="utf-8"?><testsuites name="pytest tests"><testsuite name="pytest" errors="0" failures="0" skipped="0" tests="30" time="0.601" timestamp="2026-03-04T22:23:04.124796+00:00" hostname="agent-env-e9570653-cd49-491e-993c-6e2c46898211"><testcase classname="backend.tests.test_iteration95_forensic_corrections.TestSoundBoardBypass" name="test_soundboard_fallback_constant_exists" time="0.000" /><testcase classname="backend.tests.test_iteration95_forensic_corrections.TestSoundBoardBypass" name="test_soundboard_uses_fallback_not_get_prompt" time="0.000" /><testcase classname="backend.tests.test_iteration95_forensic_corrections.TestSoundBoardBypass" name="test_soundboard_get_prompt_not_called_for_chat" time="0.000" /><testcase classname="backend.tests.test_iteration95_forensic_corrections.TestSoundBoardBypass" name="test_soundboard_strategic_advisor_persona" time="0.000" /><testcase classname="backend.tests.test_iteration95_forensic_corrections.TestSoundBoardBypass" name="test_soundboard_requires_auth" time="0.180" /><testcase classname="backend.tests.test_iteration95_forensic_corrections.TestCalibrationStateContaminationFix" name="test_calibration_state_clears_market_position" time="0.000" /><testcase classname="backend.tests.test_iteration95_forensic_corrections.TestCalibrationStateContaminationFix" name="test_calibration_state_clears_intelligence_fields" time="0.000" /><testcase classname="backend.tests.test_iteration95_forensic_corrections.TestCalibrationStateContaminationFix" name="test_calibration_state_clears_identity_fields" time="0.000" /><testcase classname="backend.tests.test_iteration95_forensic_corrections.TestCalibrationStateContaminationFix" name="test_calibration_clear_is_before_edge_function" time="0.000" /><testcase classname="backend.tests.test_iteration95_forensic_corrections.TestOnboardingWizardABN" name="test_onboarding_wizard_has_abn_in_profile_fields" time="0.000" /><testcase classname="backend.tests.test_iteration95_forensic_corrections.TestOnboardingWizardABN" name="test_onboarding_wizard_has_all_identity_fields" time="0.000" /><testcase classname="backend.tests.test_iteration95_forensic_corrections.TestPricingCanonicalConfig" name="test_pricing_tiers_file_exists" time="0.000" /><testcase classname="backend.tests.test_iteration95_forensic_corrections.TestPricingCanonicalConfig" name="test_pricing_tiers_foundation_750" time="0.000" /><testcase classname="backend.tests.test_iteration95_forensic_corrections.TestPricingCanonicalConfig" name="test_pricing_tiers_performance_1950" time="0.000" /><testcase classname="backend.tests.test_iteration95_forensic_corrections.TestPricingCanonicalConfig" name="test_pricing_tiers_growth_3900" time="0.000" /><testcase classname="backend.tests.test_iteration95_forensic_corrections.TestPricingCanonicalConfig" name="test_pricing_tiers_exports_pricing_tiers" time="0.000" /><testcase classname="backend.tests.test_iteration95_forensic_corrections.TestPricingCanonicalConfig" name="test_subscribe_page_imports_from_pricing_tiers" time="0.000" /><testcase classname="backend.tests.test_iteration95_forensic_corrections.TestPricingCanonicalConfig" name="test_upgrade_cards_gate_imports_from_pricing_tiers" time="0.000" /><testcase classname="backend.tests.test_iteration95_forensic_corrections.TestAuthSessionStorageCache" name="test_auth_context_has_session_storage_cache_key" time="0.000" /><testcase classname="backend.tests.test_iteration95_forensic_corrections.TestAuthSessionStorageCache" name="test_auth_context_cache_ttl_5_minutes" time="0.000" /><testcase classname="backend.tests.test_iteration95_forensic_corrections.TestAuthSessionStorageCache" name="test_auth_context_reads_from_session_storage" time="0.000" /><testcase classname="backend.tests.test_iteration95_forensic_corrections.TestAuthSessionStorageCache" name="test_auth_context_saves_to_session_storage" time="0.000" /><testcase classname="backend.tests.test_iteration95_forensic_corrections.TestAuthSessionStorageCache" name="test_auth_context_signout_clears_cache" time="0.000" /><testcase classname="backend.tests.test_iteration95_forensic_corrections.TestIntegrationsPageMergeLoading" name="test_integrations_merge_loading_starts_false" time="0.001" /><testcase classname="backend.tests.test_iteration95_forensic_corrections.TestSQLForensicCorrections" name="test_sql_file_exists" time="0.000" /><testcase classname="backend.tests.test_iteration95_forensic_corrections.TestSQLForensicCorrections" name="test_sql_deletes_mysoundboard_v1_prompt" time="0.000" /><testcase classname="backend.tests.test_iteration95_forensic_corrections.TestSQLForensicCorrections" name="test_sql_updates_users_to_super_admin" time="0.000" /><testcase classname="backend.tests.test_iteration95_forensic_corrections.TestSQLForensicCorrections" name="test_sql_updates_business_profiles" time="0.000" /><testcase classname="backend.tests.test_iteration95_forensic_corrections.TestHomepageHealth" name="test_homepage_loads" time="0.185" /><testcase classname="backend.tests.test_iteration95_forensic_corrections.TestHomepageHealth" name="test_api_health" time="0.146" /></testsuite></testsuites>