<?xml version="1.0" encoding="utf-8"?><testsuites name="pytest tests"><testsuite name="pytest" errors="0" failures="1" skipped="0" tests="13" time="23.128" timestamp="2026-02-13T03:32:05.424966+00:00" hostname="agent-env-7b9d5410-1273-4579-8f85-3a6770c5e287"><testcase classname="tests.test_iteration25_html_stability.TestHtmlVsJsonStability" name="test_01_calibration_status_returns_json" time="1.955" /><testcase classname="tests.test_iteration25_html_stability.TestHtmlVsJsonStability" name="test_02_intelligence_baseline_snapshot_returns_json" time="0.862" /><testcase classname="tests.test_iteration25_html_stability.TestHtmlVsJsonStability" name="test_03_outlook_status_returns_json" time="1.109" /><testcase classname="tests.test_iteration25_html_stability.TestHtmlVsJsonStability" name="test_04_facts_resolve_returns_json" time="1.948" /><testcase classname="tests.test_iteration25_html_stability.TestHtmlVsJsonStability" name="test_05_lifecycle_state_returns_json" time="2.460" /><testcase classname="tests.test_iteration25_html_stability.TestHtmlVsJsonStability" name="test_06_intelligence_watchtower_active_returns_json" time="1.394" /><testcase classname="tests.test_iteration25_html_stability.TestHtmlVsJsonStability" name="test_07_watchtower_positions_returns_json" time="1.909" /><testcase classname="tests.test_iteration25_html_stability.TestHtmlVsJsonStability" name="test_08_watchtower_findings_returns_json" time="0.844" /><testcase classname="tests.test_iteration25_html_stability.TestHtmlVsJsonStability" name="test_09_boardroom_respond_returns_json" time="0.040"><failure message="AssertionError: Expected 200/520, got 422&#10;assert 422 in [200, 520]&#10; +  where 422 = &lt;Response [422]&gt;.status_code">tests/test_iteration25_html_stability.py:173: in test_09_boardroom_respond_returns_json
    assert response.status_code in [200, 520], f"Expected 200/520, got {response.status_code}"
E   AssertionError: Expected 200/520, got 422
E   assert 422 in [200, 520]
E    +  where 422 = &lt;Response [422]&gt;.status_code</failure></testcase><testcase classname="tests.test_iteration25_html_stability.TestHtmlVsJsonStability" name="test_10_soundboard_chat_returns_json" time="8.529" /><testcase classname="tests.test_iteration25_html_stability.TestHtmlVsJsonStability" name="test_11_auth_me_returns_json" time="1.119" /><testcase classname="tests.test_iteration25_html_stability.TestHtmlVsJsonStability" name="test_12_onboarding_status_returns_json" time="0.817" /><testcase classname="tests.test_iteration25_html_stability.TestNoAuthEndpoints" name="test_health_check_returns_json" time="0.042" /></testsuite></testsuites>