<?xml version="1.0" encoding="utf-8"?><testsuites name="pytest tests"><testsuite name="pytest" errors="0" failures="0" skipped="0" tests="36" time="5.485" timestamp="2026-02-15T22:54:16.487998+00:00" hostname="agent-env-df4e645e-452c-4e6c-8b21-174b3173d2e6"><testcase classname="backend.tests.test_iteration30_route_sync.TestHealthEndpoints" name="test_api_health_returns_200" time="0.155" /><testcase classname="backend.tests.test_iteration30_route_sync.TestAdminRoutesRBAC" name="test_admin_prompts_requires_auth" time="0.100" /><testcase classname="backend.tests.test_iteration30_route_sync.TestAdminRoutesRBAC" name="test_admin_prompts_invalidate_requires_auth" time="0.124" /><testcase classname="backend.tests.test_iteration30_route_sync.TestAdminRoutesRBAC" name="test_admin_users_requires_auth" time="0.119" /><testcase classname="backend.tests.test_iteration30_route_sync.TestAdminRoutesRBAC" name="test_admin_stats_requires_auth" time="0.118" /><testcase classname="backend.tests.test_iteration30_route_sync.TestCalibrationRoutes" name="test_calibration_status_requires_auth" time="0.117" /><testcase classname="backend.tests.test_iteration30_route_sync.TestCalibrationRoutes" name="test_calibration_init_post_requires_auth" time="0.133" /><testcase classname="backend.tests.test_iteration30_route_sync.TestCalibrationRoutes" name="test_calibration_brain_post_requires_auth" time="0.117" /><testcase classname="backend.tests.test_iteration30_route_sync.TestSoundboardRoutes" name="test_soundboard_conversations_requires_auth" time="0.179" /><testcase classname="backend.tests.test_iteration30_route_sync.TestSoundboardRoutes" name="test_soundboard_chat_post_requires_auth" time="0.115" /><testcase classname="backend.tests.test_iteration30_route_sync.TestDataCenterRoutes" name="test_data_center_files_requires_auth" time="1.053" /><testcase classname="backend.tests.test_iteration30_route_sync.TestIntegrationsRoutes" name="test_merge_connected_requires_auth" time="0.166" /><testcase classname="backend.tests.test_iteration30_route_sync.TestIntegrationsRoutes" name="test_crm_contacts_requires_auth" time="0.122" /><testcase classname="backend.tests.test_iteration30_route_sync.TestIntegrationsRoutes" name="test_intelligence_cold_read_requires_auth" time="0.195" /><testcase classname="backend.tests.test_iteration30_route_sync.TestProfileRoutes" name="test_business_profile_requires_auth" time="0.119" /><testcase classname="backend.tests.test_iteration30_route_sync.TestProfileRoutes" name="test_dashboard_stats_requires_auth" time="0.115" /><testcase classname="backend.tests.test_iteration30_route_sync.TestProfileRoutes" name="test_oac_recommendations_requires_auth" time="0.108" /><testcase classname="backend.tests.test_iteration30_route_sync.TestProfileRoutes" name="test_notifications_alerts_requires_auth" time="0.121" /><testcase classname="backend.tests.test_iteration30_route_sync.TestGenerationRoutes" name="test_chat_post_requires_auth" time="0.114" /><testcase classname="backend.tests.test_iteration30_route_sync.TestGenerationRoutes" name="test_chat_history_requires_auth" time="0.175" /><testcase classname="backend.tests.test_iteration30_route_sync.TestGenerationRoutes" name="test_analyses_get_requires_auth" time="0.121" /><testcase classname="backend.tests.test_iteration30_route_sync.TestGenerationRoutes" name="test_analyses_post_requires_auth" time="0.115" /><testcase classname="backend.tests.test_iteration30_route_sync.TestGenerationRoutes" name="test_documents_requires_auth" time="0.105" /><testcase classname="backend.tests.test_iteration30_route_sync.TestGenerationRoutes" name="test_sop_generation_requires_auth" time="0.100" /><testcase classname="backend.tests.test_iteration30_route_sync.TestGenerationRoutes" name="test_diagnose_requires_auth" time="0.128" /><testcase classname="backend.tests.test_iteration30_route_sync.TestEmailRoutes" name="test_outlook_status_requires_auth" time="0.103" /><testcase classname="backend.tests.test_iteration30_route_sync.TestEmailRoutes" name="test_gmail_status_requires_auth" time="0.103" /><testcase classname="backend.tests.test_iteration30_route_sync.TestCognitiveRoutes" name="test_cognitive_profile_requires_auth" time="0.132" /><testcase classname="backend.tests.test_iteration30_route_sync.TestCognitiveRoutes" name="test_cognitive_escalation_requires_auth" time="0.110" /><testcase classname="backend.tests.test_iteration30_route_sync.TestCognitiveRoutes" name="test_advisory_confidence_requires_auth" time="0.149" /><testcase classname="backend.tests.test_iteration30_route_sync.TestOnboardingRoutes" name="test_onboarding_status_requires_auth" time="0.106" /><testcase classname="backend.tests.test_iteration30_route_sync.TestOnboardingRoutes" name="test_onboarding_save_requires_auth" time="0.106" /><testcase classname="backend.tests.test_iteration30_route_sync.TestMethodValidation" name="test_calibration_init_get_returns_405" time="0.102" /><testcase classname="backend.tests.test_iteration30_route_sync.TestMethodValidation" name="test_chat_get_returns_405" time="0.123" /><testcase classname="backend.tests.test_iteration30_route_sync.TestPublicAuthEndpoints" name="test_supabase_oauth_google_accessible" time="0.119" /><testcase classname="backend.tests.test_iteration30_route_sync.TestAuthErrorFormat" name="test_403_returns_json_with_detail" time="0.117" /></testsuite></testsuites>