<?xml version="1.0" encoding="utf-8"?><testsuites name="pytest tests"><testsuite name="pytest" errors="0" failures="2" skipped="0" tests="7" time="7.425" timestamp="2026-03-05T06:51:22.161777+00:00" hostname="agent-env-1cf0a41b-ac9f-4b2a-b4d7-5c00409bc199"><testcase classname="backend.tests.test_phase3_features.TestPhase3Features" name="test_cognition_overview_returns_computed" time="3.292" /><testcase classname="backend.tests.test_phase3_features.TestPhase3Features" name="test_checkpoint_outcome_endpoint_exists" time="0.208" /><testcase classname="backend.tests.test_phase3_features.TestPhase3Features" name="test_checkpoint_outcome_request_structure" time="0.123" /><testcase classname="backend.tests.test_phase3_features.TestPhase3Features" name="test_register_device_endpoint_exists" time="0.125"><failure message="Failed: FAIL: /api/notifications/register-device endpoint not found!">backend/tests/test_phase3_features.py:173: in test_register_device_endpoint_exists
    pytest.fail("FAIL: /api/notifications/register-device endpoint not found!")
E   Failed: FAIL: /api/notifications/register-device endpoint not found!</failure></testcase><testcase classname="backend.tests.test_phase3_features.TestPhase3Features" name="test_register_device_android_platform" time="0.115"><failure message="AssertionError: Unexpected: 404&#10;assert 404 in [200, 201, 422, 500]&#10; +  where 404 = &lt;Response [404]&gt;.status_code">backend/tests/test_phase3_features.py:198: in test_register_device_android_platform
    assert response.status_code in [200, 201, 422, 500], f"Unexpected: {response.status_code}"
E   AssertionError: Unexpected: 404
E   assert 404 in [200, 201, 422, 500]
E    +  where 404 = &lt;Response [404]&gt;.status_code</failure></testcase><testcase classname="backend.tests.test_phase3_features.TestPhase3Features" name="test_decisions_list_includes_checkpoints" time="2.021" /><testcase classname="backend.tests.test_phase3_features.TestPhase3Features" name="test_snapshot_latest_still_works" time="1.455" /></testsuite></testsuites>