<?xml version="1.0" encoding="utf-8"?><testsuites name="pytest tests"><testsuite name="pytest" errors="0" failures="0" skipped="0" tests="12" time="1.265" timestamp="2026-02-10T21:31:00.570389+00:00" hostname="agent-env-28997d82-de1d-47ab-893c-12cb0e97db73"><testcase classname="tests.test_iteration13_admin_access.TestAdminAccessControl" name="test_api_health_check" time="0.080" /><testcase classname="tests.test_iteration13_admin_access.TestAdminAccessControl" name="test_admin_users_requires_auth" time="0.040" /><testcase classname="tests.test_iteration13_admin_access.TestAdminAccessControl" name="test_admin_stats_requires_auth" time="0.042" /><testcase classname="tests.test_iteration13_admin_access.TestAdminAccessControl" name="test_auth_supabase_me_requires_auth" time="0.044" /><testcase classname="tests.test_iteration13_admin_access.TestAdminAccessControl" name="test_admin_users_with_invalid_token" time="0.372" /><testcase classname="tests.test_iteration13_admin_access.TestAdminAccessControl" name="test_admin_stats_with_invalid_token" time="0.310" /><testcase classname="tests.test_iteration13_admin_access.TestAdminEndpointStructure" name="test_admin_users_endpoint_exists" time="0.042" /><testcase classname="tests.test_iteration13_admin_access.TestAdminEndpointStructure" name="test_admin_stats_endpoint_exists" time="0.035" /><testcase classname="tests.test_iteration13_admin_access.TestAdminEndpointStructure" name="test_admin_update_user_endpoint_exists" time="0.079" /><testcase classname="tests.test_iteration13_admin_access.TestAdminEndpointStructure" name="test_admin_delete_user_endpoint_exists" time="0.079" /><testcase classname="tests.test_iteration13_admin_access.TestAuthSupabaseMe" name="test_me_endpoint_exists" time="0.036" /><testcase classname="tests.test_iteration13_admin_access.TestAuthSupabaseMe" name="test_me_requires_authentication" time="0.043" /></testsuite></testsuites>