<?xml version="1.0" encoding="utf-8"?><testsuites name="pytest tests"><testsuite name="pytest" errors="0" failures="0" skipped="0" tests="31" time="6.246" timestamp="2026-02-15T23:57:48.316199+00:00" hostname="agent-env-df4e645e-452c-4e6c-8b21-174b3173d2e6"><testcase classname="tests.test_iteration33_route_slice.TestHealthEndpoint" name="test_health_returns_200" time="0.228" /><testcase classname="tests.test_iteration33_route_slice.TestAuthRoutes" name="test_oauth_google_returns_url" time="0.208" /><testcase classname="tests.test_iteration33_route_slice.TestAuthRoutes" name="test_auth_check_profile_returns_401_or_403" time="0.170" /><testcase classname="tests.test_iteration33_route_slice.TestAuthRoutes" name="test_auth_supabase_me_returns_401_or_403" time="0.116" /><testcase classname="tests.test_iteration33_route_slice.TestCognitiveRoutes" name="test_cognitive_profile_returns_403" time="0.110" /><testcase classname="tests.test_iteration33_route_slice.TestCognitiveRoutes" name="test_cognitive_escalation_returns_403" time="0.147" /><testcase classname="tests.test_iteration33_route_slice.TestCognitiveRoutes" name="test_advisory_confidence_returns_403" time="0.128" /><testcase classname="tests.test_iteration33_route_slice.TestCognitiveRoutes" name="test_advisory_history_returns_403" time="0.242" /><testcase classname="tests.test_iteration33_route_slice.TestCognitiveRoutes" name="test_advisory_escalations_returns_403" time="0.105" /><testcase classname="tests.test_iteration33_route_slice.TestOnboardingRoutes" name="test_onboarding_status_returns_403" time="0.113" /><testcase classname="tests.test_iteration33_route_slice.TestOnboardingRoutes" name="test_business_profile_context_returns_403" time="0.151" /><testcase classname="tests.test_iteration33_route_slice.TestProtectedEndpoints" name="test_protected_endpoint[GET-/api/calibration/status]" time="0.304" /><testcase classname="tests.test_iteration33_route_slice.TestProtectedEndpoints" name="test_protected_endpoint[GET-/api/executive-mirror]" time="0.119" /><testcase classname="tests.test_iteration33_route_slice.TestProtectedEndpoints" name="test_protected_endpoint[GET-/api/soundboard/conversations]" time="0.131" /><testcase classname="tests.test_iteration33_route_slice.TestProtectedEndpoints" name="test_protected_endpoint[GET-/api/business-profile]" time="0.215" /><testcase classname="tests.test_iteration33_route_slice.TestProtectedEndpoints" name="test_protected_endpoint[PUT-/api/business-profile]" time="0.173" /><testcase classname="tests.test_iteration33_route_slice.TestProtectedEndpoints" name="test_protected_endpoint[GET-/api/dashboard/stats]" time="0.200" /><testcase classname="tests.test_iteration33_route_slice.TestProtectedEndpoints" name="test_protected_endpoint[GET-/api/chat/history]" time="1.355" /><testcase classname="tests.test_iteration33_route_slice.TestProtectedEndpoints" name="test_protected_endpoint[GET-/api/admin/prompts]" time="0.145" /><testcase classname="tests.test_iteration33_route_slice.TestProtectedEndpoints" name="test_protected_endpoint[GET-/api/intelligence/baseline]" time="0.135" /><testcase classname="tests.test_iteration33_route_slice.TestProtectedEndpoints" name="test_protected_endpoint[GET-/api/emails]" time="0.105" /><testcase classname="tests.test_iteration33_route_slice.TestProtectedEndpoints" name="test_protected_endpoint[GET-/api/calendar/events]" time="0.108" /><testcase classname="tests.test_iteration33_route_slice.TestProtectedEndpoints" name="test_protected_endpoint[GET-/api/documents]" time="0.225" /><testcase classname="tests.test_iteration33_route_slice.TestProtectedEndpoints" name="test_protected_endpoint[GET-/api/data-files]" time="0.128" /><testcase classname="tests.test_iteration33_route_slice.TestProtectedEndpoints" name="test_protected_endpoint[GET-/api/analyses]" time="0.164" /><testcase classname="tests.test_iteration33_route_slice.TestProtectedEndpoints" name="test_protected_endpoint[GET-/api/web-sources]" time="0.109" /><testcase classname="tests.test_iteration33_route_slice.TestProtectedEndpoints" name="test_protected_endpoint[GET-/api/sops]" time="0.240" /><testcase classname="tests.test_iteration33_route_slice.TestProtectedEndpoints" name="test_protected_endpoint[GET-/api/watchtower/signals]" time="0.119" /><testcase classname="tests.test_iteration33_route_slice.TestProtectedEndpoints" name="test_protected_endpoint[GET-/api/facts]" time="0.147" /><testcase classname="tests.test_iteration33_route_slice.TestProtectedEndpoints" name="test_protected_endpoint[GET-/api/research/topics]" time="0.170" /><testcase classname="tests.test_iteration33_route_slice.TestProtectedEndpoints" name="test_protected_endpoint[GET-/api/generation/queue]" time="0.161" /></testsuite></testsuites>