<?xml version="1.0" encoding="utf-8"?><testsuites name="pytest tests"><testsuite name="pytest" errors="0" failures="0" skipped="0" tests="21" time="28.685" timestamp="2026-03-15T10:34:15.610432+00:00" hostname="agent-env-5bf9e343-21a5-482c-b9f4-a93840a890d6"><testcase classname="backend.tests.test_iteration142_tier_stack.TestTierStackDefinitions" name="test_tier_order_includes_custom" time="0.001" /><testcase classname="backend.tests.test_iteration142_tier_stack.TestTierStackDefinitions" name="test_brain_plan_labels_no_growth" time="0.000" /><testcase classname="backend.tests.test_iteration142_tier_stack.TestTierStackDefinitions" name="test_brain_plan_labels_smb_protect_before_custom" time="0.000" /><testcase classname="backend.tests.test_iteration142_tier_stack.TestTierStackDefinitions" name="test_super_admin_not_exposed_as_client_plan_label" time="0.000" /><testcase classname="backend.tests.test_iteration142_tier_stack.TestTierStackDefinitions" name="test_tier_stack_order_correct" time="0.000" /><testcase classname="backend.tests.test_iteration142_tier_stack.TestCustomTierResolverLogic" name="test_resolve_tier_custom" time="0.000" /><testcase classname="backend.tests.test_iteration142_tier_stack.TestCustomTierResolverLogic" name="test_tier_rank_custom" time="0.000" /><testcase classname="backend.tests.test_iteration142_tier_stack.TestCustomTierResolverLogic" name="test_has_access_custom_tier" time="0.000" /><testcase classname="backend.tests.test_iteration142_tier_stack.TestCustomTierResolverLogic" name="test_get_brain_metric_limit_custom" time="0.000" /><testcase classname="backend.tests.test_iteration142_tier_stack.TestCustomTierResolverLogic" name="test_get_brain_plan_label_custom" time="0.000" /><testcase classname="backend.tests.test_iteration142_tier_stack.TestBrainKpiPolicyAfterCustomTierSupport" name="test_brain_kpis_returns_200" time="3.094" /><testcase classname="backend.tests.test_iteration142_tier_stack.TestBrainKpiPolicyAfterCustomTierSupport" name="test_brain_kpis_returns_plan_policy" time="1.471" /><testcase classname="backend.tests.test_iteration142_tier_stack.TestBrainKpiPolicyAfterCustomTierSupport" name="test_brain_kpis_no_growth_label_in_response" time="1.445" /><testcase classname="backend.tests.test_iteration142_tier_stack.TestBrainKpiPolicyAfterCustomTierSupport" name="test_brain_kpis_metrics_array_present" time="1.424" /><testcase classname="backend.tests.test_iteration142_tier_stack.TestBrainPrioritiesAfterThresholdHitChanges" name="test_brain_priorities_returns_200" time="4.705" /><testcase classname="backend.tests.test_iteration142_tier_stack.TestBrainPrioritiesAfterThresholdHitChanges" name="test_brain_priorities_returns_brain_policy" time="4.400" /><testcase classname="backend.tests.test_iteration142_tier_stack.TestBrainPrioritiesAfterThresholdHitChanges" name="test_brain_priorities_returns_concerns_array" time="4.316" /><testcase classname="backend.tests.test_iteration142_tier_stack.TestBrainPrioritiesAfterThresholdHitChanges" name="test_brain_priorities_tier_mode" time="4.305" /><testcase classname="backend.tests.test_iteration142_tier_stack.TestBrainMetricsCoverage" name="test_brain_metrics_coverage_returns_200" time="1.488" /><testcase classname="backend.tests.test_iteration142_tier_stack.TestBrainMetricsCoverage" name="test_brain_metrics_coverage_includes_threshold_config" time="1.845" /><testcase classname="backend.tests.test_iteration142_tier_stack.TestHealthCheck" name="test_health_endpoint" time="0.105" /></testsuite></testsuites>