<?xml version="1.0" encoding="utf-8"?><testsuites name="pytest tests"><testsuite name="pytest" errors="0" failures="0" skipped="0" tests="33" time="0.777" timestamp="2026-03-04T19:24:04.295691+00:00" hostname="agent-env-e9570653-cd49-491e-993c-6e2c46898211"><testcase classname="backend.tests.test_iteration93_scan_usage.TestScanUsageNoAuth" name="test_scan_usage_without_auth" time="0.167" /><testcase classname="backend.tests.test_iteration93_scan_usage.TestScanUsageNoAuth" name="test_record_scan_without_auth" time="0.145" /><testcase classname="backend.tests.test_iteration93_scan_usage.TestScanUsageNoAuth" name="test_record_scan_invalid_feature_without_auth" time="0.207" /><testcase classname="backend.tests.test_iteration93_scan_usage.TestScanUsageNoAuth" name="test_record_scan_missing_body_without_auth" time="0.166" /><testcase classname="backend.tests.test_iteration93_scan_usage.TestMigration046" name="test_migration_046_exists" time="0.000" /><testcase classname="backend.tests.test_iteration93_scan_usage.TestMigration046" name="test_migration_046_has_table_creation" time="0.000" /><testcase classname="backend.tests.test_iteration93_scan_usage.TestMigration046" name="test_migration_046_has_required_columns" time="0.000" /><testcase classname="backend.tests.test_iteration93_scan_usage.TestMigration046" name="test_migration_046_has_rls" time="0.000" /><testcase classname="backend.tests.test_iteration93_scan_usage.TestMigration046" name="test_migration_046_has_unique_constraint" time="0.000" /><testcase classname="backend.tests.test_iteration93_scan_usage.TestSoundboardBackendCode" name="test_soundboard_py_has_scan_usage_endpoint" time="0.000" /><testcase classname="backend.tests.test_iteration93_scan_usage.TestSoundboardBackendCode" name="test_soundboard_py_has_record_scan_endpoint" time="0.000" /><testcase classname="backend.tests.test_iteration93_scan_usage.TestSoundboardBackendCode" name="test_soundboard_py_scan_usage_returns_calibration_complete" time="0.000" /><testcase classname="backend.tests.test_iteration93_scan_usage.TestSoundboardBackendCode" name="test_soundboard_py_scan_usage_returns_is_paid" time="0.000" /><testcase classname="backend.tests.test_iteration93_scan_usage.TestSoundboardBackendCode" name="test_soundboard_py_scan_usage_returns_exposure_scan" time="0.000" /><testcase classname="backend.tests.test_iteration93_scan_usage.TestSoundboardBackendCode" name="test_soundboard_py_feature_usage_table" time="0.000" /><testcase classname="backend.tests.test_iteration93_scan_usage.TestSoundboardBackendCode" name="test_soundboard_py_scan_cooldown_days_30" time="0.000" /><testcase classname="backend.tests.test_iteration93_scan_usage.TestSoundboardBackendCode" name="test_soundboard_py_record_scan_upsert_logic" time="0.000" /><testcase classname="backend.tests.test_iteration93_scan_usage.TestSoundboardBackendCode" name="test_soundboard_py_feature_validation" time="0.000" /><testcase classname="backend.tests.test_iteration93_scan_usage.TestSoundboardPanelCode" name="test_soundboard_panel_fetchscanusage_on_mount" time="0.000" /><testcase classname="backend.tests.test_iteration93_scan_usage.TestSoundboardPanelCode" name="test_soundboard_panel_uses_scan_usage_api" time="0.000" /><testcase classname="backend.tests.test_iteration93_scan_usage.TestSoundboardPanelCode" name="test_soundboard_panel_welcome_no_localstorage" time="0.000" /><testcase classname="backend.tests.test_iteration93_scan_usage.TestSoundboardPanelCode" name="test_soundboard_panel_calibration_btn_conditional" time="0.000" /><testcase classname="backend.tests.test_iteration93_scan_usage.TestSoundboardPanelCode" name="test_soundboard_panel_forensic_market_exposure_label" time="0.000" /><testcase classname="backend.tests.test_iteration93_scan_usage.TestSoundboardPanelCode" name="test_soundboard_panel_record_scan_on_click" time="0.000" /><testcase classname="backend.tests.test_iteration93_scan_usage.TestMySoundBoardCode" name="test_mysoundboard_imports_before_consts" time="0.000" /><testcase classname="backend.tests.test_iteration93_scan_usage.TestMySoundBoardCode" name="test_mysoundboard_fetchscanusage_on_mount" time="0.000" /><testcase classname="backend.tests.test_iteration93_scan_usage.TestMySoundBoardCode" name="test_mysoundboard_fetchscanusage_calls_api" time="0.000" /><testcase classname="backend.tests.test_iteration93_scan_usage.TestMySoundBoardCode" name="test_mysoundboard_welcome_server_based" time="0.000" /><testcase classname="backend.tests.test_iteration93_scan_usage.TestMySoundBoardCode" name="test_mysoundboard_calibration_btn_in_header" time="0.000" /><testcase classname="backend.tests.test_iteration93_scan_usage.TestMySoundBoardCode" name="test_mysoundboard_exposure_scan_btn_label" time="0.000" /><testcase classname="backend.tests.test_iteration93_scan_usage.TestMySoundBoardCode" name="test_mysoundboard_calibration_btn_conditional" time="0.000" /><testcase classname="backend.tests.test_iteration93_scan_usage.TestMySoundBoardCode" name="test_mysoundboard_record_scan_on_click" time="0.000" /><testcase classname="backend.tests.test_iteration93_scan_usage.TestMySoundBoardCode" name="test_mysoundboard_no_localstorage_for_scan_tracking" time="0.000" /></testsuite></testsuites>