<?xml version="1.0" encoding="utf-8"?><testsuites name="pytest tests"><testsuite name="pytest" errors="0" failures="0" skipped="1" tests="19" time="39.215" timestamp="2026-03-14T15:11:07.695129+00:00" hostname="agent-env-b961c4b2-3c8a-4571-ac90-35f32f649699"><testcase classname="backend.tests.test_iteration138_advisor_soundboard.TestAuth" name="test_auth_login_success" time="1.124" /><testcase classname="backend.tests.test_iteration138_advisor_soundboard.TestAdvisorWatchtower" name="test_cognition_overview_endpoint" time="2.376" /><testcase classname="backend.tests.test_iteration138_advisor_soundboard.TestAdvisorWatchtower" name="test_intelligence_watchtower_events" time="1.927" /><testcase classname="backend.tests.test_iteration138_advisor_soundboard.TestAdvisorWatchtower" name="test_merge_connected_integrations" time="1.897" /><testcase classname="backend.tests.test_iteration138_advisor_soundboard.TestAdvisorWatchtower" name="test_accounting_summary" time="3.471" /><testcase classname="backend.tests.test_iteration138_advisor_soundboard.TestAdvisorWatchtower" name="test_crm_deals_for_pipeline" time="1.823" /><testcase classname="backend.tests.test_iteration138_advisor_soundboard.TestAdvisorWatchtower" name="test_outlook_status" time="1.382" /><testcase classname="backend.tests.test_iteration138_advisor_soundboard.TestAdvisorWatchtower" name="test_gmail_status" time="1.145" /><testcase classname="backend.tests.test_iteration138_advisor_soundboard.TestAdvisorWatchtower" name="test_calibration_status" time="1.372" /><testcase classname="backend.tests.test_iteration138_advisor_soundboard.TestAdvisorWatchtower" name="test_email_priority_inbox" time="1.168" /><testcase classname="backend.tests.test_iteration138_advisor_soundboard.TestDelegateProviders" name="test_delegate_providers_endpoint" time="2.965" /><testcase classname="backend.tests.test_iteration138_advisor_soundboard.TestDelegateProviders" name="test_delegate_options_endpoint" time="1.996" /><testcase classname="backend.tests.test_iteration138_advisor_soundboard.TestSoundboardConversations" name="test_soundboard_conversations_list" time="1.213" /><testcase classname="backend.tests.test_iteration138_advisor_soundboard.TestSoundboardConversations" name="test_soundboard_conversation_detail" time="1.161"><skipped type="pytest.skip" message="No conversations to test">/app/backend/tests/test_iteration138_advisor_soundboard.py:301: No conversations to test</skipped></testcase><testcase classname="backend.tests.test_iteration138_advisor_soundboard.TestSoundboardConversations" name="test_soundboard_chat_returns_503_without_ai_keys" time="8.311" /><testcase classname="backend.tests.test_iteration138_advisor_soundboard.TestAlertActions" name="test_alert_actions_list" time="1.249" /><testcase classname="backend.tests.test_iteration138_advisor_soundboard.TestAlertActions" name="test_alert_action_post" time="1.403" /><testcase classname="backend.tests.test_iteration138_advisor_soundboard.TestIntegrationOnboarding" name="test_onboarding_status" time="1.188" /><testcase classname="backend.tests.test_iteration138_advisor_soundboard.TestIntegrationOnboarding" name="test_executive_mirror" time="1.955" /></testsuite></testsuites>