<?xml version="1.0" encoding="utf-8"?><testsuites name="pytest tests"><testsuite name="pytest" errors="0" failures="0" skipped="0" tests="51" time="6.951" timestamp="2026-02-15T22:38:48.113657+00:00" hostname="agent-env-df4e645e-452c-4e6c-8b21-174b3173d2e6"><testcase classname="backend.tests.test_iteration28_final_cleanup.TestHealthEndpoints" name="test_api_health_returns_200" time="0.195" /><testcase classname="backend.tests.test_iteration28_final_cleanup.TestSecurityProtectedEndpoints" name="test_calibration_status_requires_auth" time="0.121" /><testcase classname="backend.tests.test_iteration28_final_cleanup.TestSecurityProtectedEndpoints" name="test_calibration_init_requires_auth" time="0.144" /><testcase classname="backend.tests.test_iteration28_final_cleanup.TestSecurityProtectedEndpoints" name="test_calibration_defer_requires_auth" time="0.124" /><testcase classname="backend.tests.test_iteration28_final_cleanup.TestSecurityProtectedEndpoints" name="test_calibration_reset_requires_auth" time="0.116" /><testcase classname="backend.tests.test_iteration28_final_cleanup.TestSecurityProtectedEndpoints" name="test_calibration_answer_requires_auth" time="0.164" /><testcase classname="backend.tests.test_iteration28_final_cleanup.TestSecurityProtectedEndpoints" name="test_calibration_brain_requires_auth" time="0.103" /><testcase classname="backend.tests.test_iteration28_final_cleanup.TestSecurityProtectedEndpoints" name="test_calibration_activation_requires_auth" time="0.108" /><testcase classname="backend.tests.test_iteration28_final_cleanup.TestSecurityProtectedEndpoints" name="test_outlook_status_requires_auth" time="0.109" /><testcase classname="backend.tests.test_iteration28_final_cleanup.TestSecurityProtectedEndpoints" name="test_gmail_status_requires_auth" time="0.112" /><testcase classname="backend.tests.test_iteration28_final_cleanup.TestSecurityProtectedEndpoints" name="test_outlook_calendar_requires_auth" time="0.127" /><testcase classname="backend.tests.test_iteration28_final_cleanup.TestSecurityProtectedEndpoints" name="test_soundboard_conversations_requires_auth" time="0.107" /><testcase classname="backend.tests.test_iteration28_final_cleanup.TestSecurityProtectedEndpoints" name="test_soundboard_chat_requires_auth" time="0.112" /><testcase classname="backend.tests.test_iteration28_final_cleanup.TestSecurityProtectedEndpoints" name="test_data_center_files_requires_auth" time="0.110" /><testcase classname="backend.tests.test_iteration28_final_cleanup.TestSecurityProtectedEndpoints" name="test_data_center_categories_requires_auth" time="0.111" /><testcase classname="backend.tests.test_iteration28_final_cleanup.TestSecurityProtectedEndpoints" name="test_data_center_stats_requires_auth" time="0.124" /><testcase classname="backend.tests.test_iteration28_final_cleanup.TestSecurityProtectedEndpoints" name="test_data_center_upload_requires_auth" time="0.137" /><testcase classname="backend.tests.test_iteration28_final_cleanup.TestSecurityProtectedEndpoints" name="test_chat_requires_auth" time="0.128" /><testcase classname="backend.tests.test_iteration28_final_cleanup.TestSecurityProtectedEndpoints" name="test_chat_history_requires_auth" time="0.106" /><testcase classname="backend.tests.test_iteration28_final_cleanup.TestSecurityProtectedEndpoints" name="test_analyses_get_requires_auth" time="0.112" /><testcase classname="backend.tests.test_iteration28_final_cleanup.TestSecurityProtectedEndpoints" name="test_analyses_post_requires_auth" time="0.109" /><testcase classname="backend.tests.test_iteration28_final_cleanup.TestSecurityProtectedEndpoints" name="test_documents_requires_auth" time="0.111" /><testcase classname="backend.tests.test_iteration28_final_cleanup.TestSecurityProtectedEndpoints" name="test_generate_sop_requires_auth" time="0.104" /><testcase classname="backend.tests.test_iteration28_final_cleanup.TestSecurityProtectedEndpoints" name="test_diagnose_requires_auth" time="0.111" /><testcase classname="backend.tests.test_iteration28_final_cleanup.TestSecurityProtectedEndpoints" name="test_business_profile_requires_auth" time="0.106" /><testcase classname="backend.tests.test_iteration28_final_cleanup.TestSecurityProtectedEndpoints" name="test_business_profile_scores_requires_auth" time="0.135" /><testcase classname="backend.tests.test_iteration28_final_cleanup.TestSecurityProtectedEndpoints" name="test_dashboard_stats_requires_auth" time="0.155" /><testcase classname="backend.tests.test_iteration28_final_cleanup.TestSecurityProtectedEndpoints" name="test_dashboard_focus_requires_auth" time="0.102" /><testcase classname="backend.tests.test_iteration28_final_cleanup.TestSecurityProtectedEndpoints" name="test_oac_recommendations_requires_auth" time="0.112" /><testcase classname="backend.tests.test_iteration28_final_cleanup.TestSecurityProtectedEndpoints" name="test_merge_link_token_requires_auth" time="0.129" /><testcase classname="backend.tests.test_iteration28_final_cleanup.TestSecurityProtectedEndpoints" name="test_merge_connected_requires_auth" time="0.151" /><testcase classname="backend.tests.test_iteration28_final_cleanup.TestSecurityProtectedEndpoints" name="test_crm_contacts_requires_auth" time="0.107" /><testcase classname="backend.tests.test_iteration28_final_cleanup.TestSecurityProtectedEndpoints" name="test_google_drive_status_requires_auth" time="0.129" /><testcase classname="backend.tests.test_iteration28_final_cleanup.TestSecurityProtectedEndpoints" name="test_intelligence_cold_read_requires_auth" time="0.140" /><testcase classname="backend.tests.test_iteration28_final_cleanup.TestSecurityProtectedEndpoints" name="test_intelligence_watchtower_requires_auth" time="0.110" /><testcase classname="backend.tests.test_iteration28_final_cleanup.TestSecurityProtectedEndpoints" name="test_executive_mirror_requires_auth" time="0.113" /><testcase classname="backend.tests.test_iteration28_final_cleanup.TestAdminPromptManagement" name="test_admin_prompts_requires_auth" time="0.193" /><testcase classname="backend.tests.test_iteration28_final_cleanup.TestAdminPromptManagement" name="test_admin_prompts_invalidate_requires_auth" time="0.159" /><testcase classname="backend.tests.test_iteration28_final_cleanup.TestAdminPromptManagement" name="test_admin_users_requires_auth" time="0.116" /><testcase classname="backend.tests.test_iteration28_final_cleanup.TestAdminPromptManagement" name="test_admin_stats_requires_auth" time="0.117" /><testcase classname="backend.tests.test_iteration28_final_cleanup.TestCognitiveEndpoints" name="test_cognitive_profile_requires_auth" time="0.107" /><testcase classname="backend.tests.test_iteration28_final_cleanup.TestCognitiveEndpoints" name="test_cognitive_escalation_requires_auth" time="0.137" /><testcase classname="backend.tests.test_iteration28_final_cleanup.TestCognitiveEndpoints" name="test_advisory_confidence_requires_auth" time="0.395" /><testcase classname="backend.tests.test_iteration28_final_cleanup.TestOnboardingEndpoints" name="test_onboarding_status_requires_auth" time="0.120" /><testcase classname="backend.tests.test_iteration28_final_cleanup.TestOnboardingEndpoints" name="test_onboarding_save_requires_auth" time="0.117" /><testcase classname="backend.tests.test_iteration28_final_cleanup.TestOnboardingEndpoints" name="test_onboarding_complete_requires_auth" time="0.142" /><testcase classname="backend.tests.test_iteration28_final_cleanup.TestMethodValidation" name="test_calibration_init_rejects_get" time="0.125" /><testcase classname="backend.tests.test_iteration28_final_cleanup.TestMethodValidation" name="test_calibration_brain_rejects_get" time="0.108" /><testcase classname="backend.tests.test_iteration28_final_cleanup.TestMethodValidation" name="test_chat_rejects_get" time="0.393" /><testcase classname="backend.tests.test_iteration28_final_cleanup.TestAuthEndpointsPublic" name="test_supabase_oauth_returns_data" time="0.116" /><testcase classname="backend.tests.test_iteration28_final_cleanup.TestResponseFormat" name="test_auth_errors_return_json" time="0.114" /></testsuite></testsuites>