<?xml version="1.0" encoding="utf-8"?><testsuites name="pytest tests"><testsuite name="pytest" errors="0" failures="0" skipped="4" tests="51" time="2.541" timestamp="2026-03-02T23:48:02.984568+00:00" hostname="agent-env-2b1f08af-76e4-4e4d-b8b1-fa1239f94086"><testcase classname="backend.tests.test_iteration84_cognition_core_v2.TestCognitionCoreV2Health" name="test_api_health" time="0.134" /><testcase classname="backend.tests.test_iteration84_cognition_core_v2.TestCognitionCoreV2RouteExistence" name="test_cognition_revenue_route_exists" time="0.119" /><testcase classname="backend.tests.test_iteration84_cognition_core_v2.TestCognitionCoreV2RouteExistence" name="test_cognition_money_route_exists" time="0.108" /><testcase classname="backend.tests.test_iteration84_cognition_core_v2.TestCognitionCoreV2RouteExistence" name="test_cognition_operations_route_exists" time="0.116" /><testcase classname="backend.tests.test_iteration84_cognition_core_v2.TestCognitionCoreV2RouteExistence" name="test_cognition_risk_route_exists" time="0.107" /><testcase classname="backend.tests.test_iteration84_cognition_core_v2.TestCognitionCoreV2RouteExistence" name="test_cognition_people_route_exists" time="0.153" /><testcase classname="backend.tests.test_iteration84_cognition_core_v2.TestCognitionCoreV2RouteExistence" name="test_cognition_market_route_exists" time="0.124" /><testcase classname="backend.tests.test_iteration84_cognition_core_v2.TestCognitionCoreV2RouteExistence" name="test_cognition_overview_route_exists" time="0.137" /><testcase classname="backend.tests.test_iteration84_cognition_core_v2.TestCognitionCoreV2RouteExistence" name="test_cognition_decisions_list_route_exists" time="0.139" /><testcase classname="backend.tests.test_iteration84_cognition_core_v2.TestCognitionCoreV2RouteExistence" name="test_cognition_decisions_create_route_exists" time="0.114" /><testcase classname="backend.tests.test_iteration84_cognition_core_v2.TestCognitionCoreV2RouteExistence" name="test_automation_execute_route_exists" time="0.106" /><testcase classname="backend.tests.test_iteration84_cognition_core_v2.TestCognitionCoreV2RouteExistence" name="test_automation_history_route_exists" time="0.110" /><testcase classname="backend.tests.test_iteration84_cognition_core_v2.TestCognitionCoreV2RouteExistence" name="test_integration_health_route_exists" time="0.111" /><testcase classname="backend.tests.test_iteration84_cognition_core_v2.TestCognitionCoreV2RouteExistence" name="test_integration_health_history_route_exists" time="0.112" /><testcase classname="backend.tests.test_iteration84_cognition_core_v2.TestCognitionCoreV2RouteExistence" name="test_snapshot_instability_route_exists" time="0.156" /><testcase classname="backend.tests.test_iteration84_cognition_core_v2.TestCognitionCoreV2RouteExistence" name="test_drift_route_exists" time="0.113" /><testcase classname="backend.tests.test_iteration84_cognition_core_v2.TestCognitionCoreV2RouteExistence" name="test_telemetry_route_exists" time="0.107" /><testcase classname="backend.tests.test_iteration84_cognition_core_v2.TestMigration044Tables" name="test_migration_044_creates_integration_health_table" time="0.000" /><testcase classname="backend.tests.test_iteration84_cognition_core_v2.TestMigration044Tables" name="test_migration_044_creates_integration_health_history_table" time="0.000" /><testcase classname="backend.tests.test_iteration84_cognition_core_v2.TestMigration044Tables" name="test_migration_044_creates_evidence_packs_table" time="0.000" /><testcase classname="backend.tests.test_iteration84_cognition_core_v2.TestMigration044Tables" name="test_migration_044_creates_cognition_decisions_table" time="0.000" /><testcase classname="backend.tests.test_iteration84_cognition_core_v2.TestMigration044Tables" name="test_migration_044_creates_outcome_checkpoints_table" time="0.000" /><testcase classname="backend.tests.test_iteration84_cognition_core_v2.TestMigration044Tables" name="test_migration_044_creates_propagation_rules_table" time="0.000" /><testcase classname="backend.tests.test_iteration84_cognition_core_v2.TestMigration044Tables" name="test_migration_044_creates_instability_snapshots_table" time="0.000" /><testcase classname="backend.tests.test_iteration84_cognition_core_v2.TestMigration044Tables" name="test_migration_044_creates_confidence_recalibrations_table" time="0.000" /><testcase classname="backend.tests.test_iteration84_cognition_core_v2.TestMigration044Tables" name="test_migration_044_creates_cognition_telemetry_table" time="0.000" /><testcase classname="backend.tests.test_iteration84_cognition_core_v2.TestMigration044Tables" name="test_migration_044_creates_drift_detection_log_table" time="0.000" /><testcase classname="backend.tests.test_iteration84_cognition_core_v2.TestMigration044Tables" name="test_migration_044_append_only_trigger" time="0.000" /><testcase classname="backend.tests.test_iteration84_cognition_core_v2.TestMigration044Tables" name="test_migration_044_rls_policies" time="0.000" /><testcase classname="backend.tests.test_iteration84_cognition_core_v2.TestMigration044Tables" name="test_migration_044_seeds_14_propagation_rules" time="0.000" /><testcase classname="backend.tests.test_iteration84_cognition_core_v2.TestMigration044Tables" name="test_migration_044_seeds_10_automation_actions" time="0.000" /><testcase classname="backend.tests.test_iteration84_cognition_core_v2.TestMigration045Functions" name="test_fn_log_telemetry_exists" time="0.000" /><testcase classname="backend.tests.test_iteration84_cognition_core_v2.TestMigration045Functions" name="test_fn_assemble_evidence_pack_with_freshness_weighting" time="0.000" /><testcase classname="backend.tests.test_iteration84_cognition_core_v2.TestMigration045Functions" name="test_fn_check_integration_health_with_sla" time="0.000" /><testcase classname="backend.tests.test_iteration84_cognition_core_v2.TestMigration045Functions" name="test_fn_compute_propagation_map_compound_chains" time="0.000" /><testcase classname="backend.tests.test_iteration84_cognition_core_v2.TestMigration045Functions" name="test_fn_evaluate_pending_checkpoints_normalized_variance" time="0.000" /><testcase classname="backend.tests.test_iteration84_cognition_core_v2.TestMigration045Functions" name="test_fn_recalibrate_confidence_bayesian" time="0.001" /><testcase classname="backend.tests.test_iteration84_cognition_core_v2.TestMigration045Functions" name="test_fn_detect_drift_zscore" time="0.000" /><testcase classname="backend.tests.test_iteration84_cognition_core_v2.TestMigration045Functions" name="test_fn_snapshot_daily_instability_exists" time="0.000" /><testcase classname="backend.tests.test_iteration84_cognition_core_v2.TestMigration045Functions" name="test_ic_generate_cognition_contract_master_function" time="0.000" /><testcase classname="backend.tests.test_iteration84_cognition_core_v2.TestMigration045Functions" name="test_migration_045_pg_cron_schedules" time="0.000" /><testcase classname="backend.tests.test_iteration84_cognition_core_v2.TestMigration045Functions" name="test_migration_045_grants" time="0.000" /><testcase classname="backend.tests.test_iteration84_cognition_core_v2.TestPythonThinPassThrough" name="test_cognition_contract_uses_rpc_calls_only" time="0.000" /><testcase classname="backend.tests.test_iteration84_cognition_core_v2.TestPythonThinPassThrough" name="test_cognition_contract_has_15_endpoints" time="0.000" /><testcase classname="backend.tests.test_iteration84_cognition_core_v2.TestPythonThinPassThrough" name="test_cognition_contract_auth_gated" time="0.000" /><testcase classname="backend.tests.test_iteration84_cognition_core_v2.TestPythonThinPassThrough" name="test_cognition_contract_graceful_migration_handling" time="0.000" /><testcase classname="backend.tests.test_iteration84_cognition_core_v2.TestPythonThinPassThrough" name="test_server_router_registration" time="0.000" /><testcase classname="backend.tests.test_iteration84_cognition_core_v2.TestCognitionContractAuthenticated" name="test_cognition_overview_response_structure" time="0.374"><skipped type="pytest.skip" message="Supabase authentication failed - skipping authenticated tests">/app/backend/tests/test_iteration84_cognition_core_v2.py:635: Supabase authentication failed - skipping authenticated tests</skipped></testcase><testcase classname="backend.tests.test_iteration84_cognition_core_v2.TestCognitionContractAuthenticated" name="test_drift_endpoint_response" time="0.000"><skipped type="pytest.skip" message="Supabase authentication failed - skipping authenticated tests">/app/backend/tests/test_iteration84_cognition_core_v2.py:668: Supabase authentication failed - skipping authenticated tests</skipped></testcase><testcase classname="backend.tests.test_iteration84_cognition_core_v2.TestCognitionContractAuthenticated" name="test_telemetry_endpoint_response" time="0.000"><skipped type="pytest.skip" message="Supabase authentication failed - skipping authenticated tests">/app/backend/tests/test_iteration84_cognition_core_v2.py:682: Supabase authentication failed - skipping authenticated tests</skipped></testcase><testcase classname="backend.tests.test_iteration84_cognition_core_v2.TestCognitionContractAuthenticated" name="test_integration_health_history_response" time="0.000"><skipped type="pytest.skip" message="Supabase authentication failed - skipping authenticated tests">/app/backend/tests/test_iteration84_cognition_core_v2.py:693: Supabase authentication failed - skipping authenticated tests</skipped></testcase></testsuite></testsuites>