<?xml version="1.0" encoding="utf-8"?><testsuites name="pytest tests"><testsuite name="pytest" errors="0" failures="0" skipped="0" tests="11" time="10.639" timestamp="2026-03-08T05:39:51.026110+00:00" hostname="agent-env-143d3979-1e84-4894-91f1-a39d749acb78"><testcase classname="backend.tests.test_iteration_105.TestHealthCheck" name="test_api_health" time="0.174" /><testcase classname="backend.tests.test_iteration_105.TestIntegrationStatusUnauth" name="test_get_integration_status_requires_auth" time="0.102" /><testcase classname="backend.tests.test_iteration_105.TestIntegrationStatusUnauth" name="test_post_integration_status_sync_requires_auth" time="0.109" /><testcase classname="backend.tests.test_iteration_105.TestIntegrationStatusAuthenticated" name="test_get_integration_status_response_structure" time="2.111" /><testcase classname="backend.tests.test_iteration_105.TestIntegrationStatusAuthenticated" name="test_get_integration_status_placeholder_categories" time="1.361" /><testcase classname="backend.tests.test_iteration_105.TestIntegrationStatusAuthenticated" name="test_get_integration_status_canonical_truth" time="1.296" /><testcase classname="backend.tests.test_iteration_105.TestIntegrationStatusAuthenticated" name="test_post_integration_status_sync_responds" time="1.352" /><testcase classname="backend.tests.test_iteration_105.TestIntegrationStatusAuthenticated" name="test_integration_status_performance" time="1.304" /><testcase classname="backend.tests.test_iteration_105.TestExistingEndpointsRegression" name="test_integrations_channels_endpoint" time="0.108" /><testcase classname="backend.tests.test_iteration_105.TestExistingEndpointsRegression" name="test_integrations_merge_connected" time="1.589" /><testcase classname="backend.tests.test_iteration_105.TestExistingEndpointsRegression" name="test_snapshot_latest" time="1.069" /></testsuite></testsuites>