<?xml version="1.0" encoding="utf-8"?><testsuites name="pytest tests"><testsuite name="pytest" errors="0" failures="0" skipped="0" tests="8" time="25.162" timestamp="2026-02-24T09:31:51.948259+00:00" hostname="agent-env-9271b7e8-9486-4c0f-a05d-9e50e0ff9433"><testcase classname="backend.tests.test_iteration67_console_state_fix.TestCalibrationStatusEndpoints" name="test_console_state_unauthenticated_returns_401" time="0.226" /><testcase classname="backend.tests.test_iteration67_console_state_fix.TestCalibrationStatusEndpoints" name="test_calibration_status_returns_status_for_existing_user" time="2.350" /><testcase classname="backend.tests.test_iteration67_console_state_fix.TestCalibrationStatusEndpoints" name="test_onboarding_status_returns_status_for_existing_user" time="1.411" /><testcase classname="backend.tests.test_iteration67_console_state_fix.TestCalibrationStatusEndpoints" name="test_console_state_in_progress_authenticated" time="1.418" /><testcase classname="backend.tests.test_iteration67_console_state_fix.TestNewUserCalibrationFlow" name="test_new_user_calibration_status_needs_calibration" time="5.097" /><testcase classname="backend.tests.test_iteration67_console_state_fix.TestNewUserCalibrationFlow" name="test_console_state_complete_marks_both_tables" time="8.167" /><testcase classname="backend.tests.test_iteration67_console_state_fix.TestNewUserCalibrationFlow" name="test_console_state_in_progress_does_not_complete" time="6.289" /><testcase classname="backend.tests.test_iteration67_console_state_fix.TestHealthAndBasicEndpoints" name="test_health_endpoint" time="0.134" /></testsuite></testsuites>