<?xml version="1.0" encoding="utf-8"?><testsuites name="pytest tests"><testsuite name="pytest" errors="0" failures="0" skipped="0" tests="9" time="4.831" timestamp="2026-02-15T23:38:24.550018+00:00" hostname="agent-env-df4e645e-452c-4e6c-8b21-174b3173d2e6"><testcase classname="tests.test_iteration32_final_beta.TestHealthEndpoint" name="test_health_returns_200_healthy" time="2.534" /><testcase classname="tests.test_iteration32_final_beta.TestAdminEndpoints" name="test_admin_prompts_returns_403" time="0.121" /><testcase classname="tests.test_iteration32_final_beta.TestAdminEndpoints" name="test_admin_prompts_key_test_returns_403" time="1.233" /><testcase classname="tests.test_iteration32_final_beta.TestAuthRequiredEndpoints" name="test_calibration_status_returns_403" time="0.114" /><testcase classname="tests.test_iteration32_final_beta.TestAuthRequiredEndpoints" name="test_executive_mirror_returns_403" time="0.192" /><testcase classname="tests.test_iteration32_final_beta.TestAuthRequiredEndpoints" name="test_soundboard_conversations_returns_403" time="0.173" /><testcase classname="tests.test_iteration32_final_beta.TestAuthRequiredEndpoints" name="test_business_profile_returns_403" time="0.139" /><testcase classname="tests.test_iteration32_final_beta.TestAuthRequiredEndpoints" name="test_dashboard_stats_returns_403" time="0.139" /><testcase classname="tests.test_iteration32_final_beta.TestAuthRequiredEndpoints" name="test_chat_history_returns_403" time="0.135" /></testsuite></testsuites>