<?xml version="1.0" encoding="utf-8"?><testsuites name="pytest tests"><testsuite name="pytest" errors="0" failures="0" skipped="0" tests="35" time="5.535" timestamp="2026-02-15T22:48:05.846942+00:00" hostname="agent-env-df4e645e-452c-4e6c-8b21-174b3173d2e6"><testcase classname="backend.tests.test_iteration29_cognitive_migration.TestHealthEndpoints" name="test_api_health_returns_200" time="0.206" /><testcase classname="backend.tests.test_iteration29_cognitive_migration.TestRBACAdminRoutes" name="test_admin_prompts_requires_super_admin" time="0.128" /><testcase classname="backend.tests.test_iteration29_cognitive_migration.TestRBACAdminRoutes" name="test_admin_prompts_invalidate_requires_super_admin" time="0.183" /><testcase classname="backend.tests.test_iteration29_cognitive_migration.TestRBACAdminRoutes" name="test_admin_users_requires_super_admin" time="0.145" /><testcase classname="backend.tests.test_iteration29_cognitive_migration.TestRBACAdminRoutes" name="test_admin_stats_requires_super_admin" time="0.401" /><testcase classname="backend.tests.test_iteration29_cognitive_migration.TestProtectedEndpoints" name="test_chat_post_requires_auth" time="0.128" /><testcase classname="backend.tests.test_iteration29_cognitive_migration.TestProtectedEndpoints" name="test_chat_history_requires_auth" time="0.133" /><testcase classname="backend.tests.test_iteration29_cognitive_migration.TestProtectedEndpoints" name="test_analyses_get_requires_auth" time="0.340" /><testcase classname="backend.tests.test_iteration29_cognitive_migration.TestProtectedEndpoints" name="test_analyses_post_requires_auth" time="0.104" /><testcase classname="backend.tests.test_iteration29_cognitive_migration.TestProtectedEndpoints" name="test_documents_requires_auth" time="0.132" /><testcase classname="backend.tests.test_iteration29_cognitive_migration.TestProtectedEndpoints" name="test_generate_sop_requires_auth" time="0.143" /><testcase classname="backend.tests.test_iteration29_cognitive_migration.TestProtectedEndpoints" name="test_diagnose_requires_auth" time="0.111" /><testcase classname="backend.tests.test_iteration29_cognitive_migration.TestProtectedEndpoints" name="test_business_profile_requires_auth" time="0.169" /><testcase classname="backend.tests.test_iteration29_cognitive_migration.TestProtectedEndpoints" name="test_dashboard_stats_requires_auth" time="0.157" /><testcase classname="backend.tests.test_iteration29_cognitive_migration.TestProtectedEndpoints" name="test_oac_recommendations_requires_auth" time="0.114" /><testcase classname="backend.tests.test_iteration29_cognitive_migration.TestProtectedEndpoints" name="test_notifications_alerts_requires_auth" time="0.199" /><testcase classname="backend.tests.test_iteration29_cognitive_migration.TestProtectedEndpoints" name="test_merge_connected_requires_auth" time="0.123" /><testcase classname="backend.tests.test_iteration29_cognitive_migration.TestProtectedEndpoints" name="test_crm_contacts_requires_auth" time="0.142" /><testcase classname="backend.tests.test_iteration29_cognitive_migration.TestProtectedEndpoints" name="test_intelligence_cold_read_requires_auth" time="0.114" /><testcase classname="backend.tests.test_iteration29_cognitive_migration.TestProtectedEndpoints" name="test_calibration_status_requires_auth" time="0.135" /><testcase classname="backend.tests.test_iteration29_cognitive_migration.TestProtectedEndpoints" name="test_calibration_init_requires_auth" time="0.166" /><testcase classname="backend.tests.test_iteration29_cognitive_migration.TestProtectedEndpoints" name="test_calibration_brain_requires_auth" time="0.109" /><testcase classname="backend.tests.test_iteration29_cognitive_migration.TestProtectedEndpoints" name="test_outlook_status_requires_auth" time="0.172" /><testcase classname="backend.tests.test_iteration29_cognitive_migration.TestProtectedEndpoints" name="test_gmail_status_requires_auth" time="0.108" /><testcase classname="backend.tests.test_iteration29_cognitive_migration.TestProtectedEndpoints" name="test_soundboard_conversations_requires_auth" time="0.179" /><testcase classname="backend.tests.test_iteration29_cognitive_migration.TestProtectedEndpoints" name="test_soundboard_chat_requires_auth" time="0.125" /><testcase classname="backend.tests.test_iteration29_cognitive_migration.TestCognitiveEndpoints" name="test_cognitive_profile_requires_auth" time="0.162" /><testcase classname="backend.tests.test_iteration29_cognitive_migration.TestCognitiveEndpoints" name="test_cognitive_escalation_requires_auth" time="0.125" /><testcase classname="backend.tests.test_iteration29_cognitive_migration.TestCognitiveEndpoints" name="test_advisory_confidence_requires_auth" time="0.114" /><testcase classname="backend.tests.test_iteration29_cognitive_migration.TestOnboardingEndpoints" name="test_onboarding_status_requires_auth" time="0.188" /><testcase classname="backend.tests.test_iteration29_cognitive_migration.TestOnboardingEndpoints" name="test_onboarding_save_requires_auth" time="0.185" /><testcase classname="backend.tests.test_iteration29_cognitive_migration.TestMethodValidation" name="test_calibration_init_rejects_get" time="0.132" /><testcase classname="backend.tests.test_iteration29_cognitive_migration.TestMethodValidation" name="test_chat_rejects_get" time="0.157" /><testcase classname="backend.tests.test_iteration29_cognitive_migration.TestAuthEndpointsPublic" name="test_supabase_oauth_google_returns_200" time="0.112" /><testcase classname="backend.tests.test_iteration29_cognitive_migration.TestResponseFormat" name="test_auth_errors_return_json" time="0.108" /></testsuite></testsuites>