<?xml version="1.0" encoding="utf-8"?><testsuites name="pytest tests"><testsuite name="pytest" errors="0" failures="0" skipped="0" tests="14" time="2.204" timestamp="2026-02-15T22:13:10.375198+00:00" hostname="agent-env-df4e645e-452c-4e6c-8b21-174b3173d2e6"><testcase classname="backend.tests.test_iteration26_security_p0.TestHealthEndpoints" name="test_root_health_via_internal" time="0.006" /><testcase classname="backend.tests.test_iteration26_security_p0.TestHealthEndpoints" name="test_api_health_returns_200" time="0.321" /><testcase classname="backend.tests.test_iteration26_security_p0.TestSecurityP0Endpoints" name="test_calibration_status_requires_auth" time="0.126" /><testcase classname="backend.tests.test_iteration26_security_p0.TestSecurityP0Endpoints" name="test_calibration_init_requires_auth" time="0.196" /><testcase classname="backend.tests.test_iteration26_security_p0.TestSecurityP0Endpoints" name="test_calibration_brain_requires_auth" time="0.123" /><testcase classname="backend.tests.test_iteration26_security_p0.TestSecurityP0Endpoints" name="test_executive_mirror_requires_auth" time="0.107" /><testcase classname="backend.tests.test_iteration26_security_p0.TestSecurityP0Endpoints" name="test_data_center_upload_requires_auth" time="0.134" /><testcase classname="backend.tests.test_iteration26_security_p0.TestExtractedRoutes" name="test_soundboard_conversations_requires_auth" time="0.146" /><testcase classname="backend.tests.test_iteration26_security_p0.TestExtractedRoutes" name="test_data_center_files_requires_auth" time="0.192" /><testcase classname="backend.tests.test_iteration26_security_p0.TestExtractedRoutes" name="test_data_center_categories_requires_auth" time="0.163" /><testcase classname="backend.tests.test_iteration26_security_p0.TestExtractedRoutes" name="test_soundboard_chat_requires_auth" time="0.100" /><testcase classname="backend.tests.test_iteration26_security_p0.TestMethodValidation" name="test_calibration_init_get_returns_405" time="0.109" /><testcase classname="backend.tests.test_iteration26_security_p0.TestMethodValidation" name="test_calibration_brain_get_returns_405" time="0.202" /><testcase classname="backend.tests.test_iteration26_security_p0.TestResponseFormat" name="test_auth_error_returns_json" time="0.210" /></testsuite></testsuites>