<?xml version="1.0" encoding="utf-8"?><testsuites name="pytest tests"><testsuite name="pytest" errors="0" failures="0" skipped="0" tests="17" time="0.246" timestamp="2026-02-11T08:04:55.306150+00:00" hostname="agent-env-4b41816a-3ba1-445d-8d44-edefe2d43c46"><testcase classname="backend.tests.test_iteration21_calibration_routing.TestCalibrationBackendEndpoint" name="test_calibration_status_returns_401_for_unauthenticated" time="0.090" /><testcase classname="backend.tests.test_iteration21_calibration_routing.TestCalibrationBackendEndpoint" name="test_calibration_status_endpoint_exists" time="0.044" /><testcase classname="backend.tests.test_iteration21_calibration_routing.TestFrontendCodeVerification" name="test_no_direct_supabase_rest_calls_in_auth_context" time="0.000" /><testcase classname="backend.tests.test_iteration21_calibration_routing.TestFrontendCodeVerification" name="test_no_direct_supabase_rest_calls_in_auth_callback" time="0.000" /><testcase classname="backend.tests.test_iteration21_calibration_routing.TestFrontendCodeVerification" name="test_auth_context_only_uses_backend_calibration_endpoint" time="0.000" /><testcase classname="backend.tests.test_iteration21_calibration_routing.TestFrontendCodeVerification" name="test_auth_callback_only_uses_backend_calibration_endpoint" time="0.000" /><testcase classname="backend.tests.test_iteration21_calibration_routing.TestFrontendCodeVerification" name="test_auth_context_fail_open_behavior" time="0.000" /><testcase classname="backend.tests.test_iteration21_calibration_routing.TestFrontendCodeVerification" name="test_auth_callback_fail_open_behavior" time="0.000" /><testcase classname="backend.tests.test_iteration21_calibration_routing.TestFrontendCodeVerification" name="test_calibration_routing_logs_in_auth_context" time="0.000" /><testcase classname="backend.tests.test_iteration21_calibration_routing.TestFrontendCodeVerification" name="test_calibration_routing_logs_in_auth_callback" time="0.000" /><testcase classname="backend.tests.test_iteration21_calibration_routing.TestFrontendCodeVerification" name="test_calibration_routing_logs_in_protected_route" time="0.000" /><testcase classname="backend.tests.test_iteration21_calibration_routing.TestFrontendCodeVerification" name="test_protected_route_redirects_ready_users_from_calibration" time="0.000" /><testcase classname="backend.tests.test_iteration21_calibration_routing.TestFrontendCodeVerification" name="test_protected_route_allows_needs_calibration_on_calibration_page" time="0.000" /><testcase classname="backend.tests.test_iteration21_calibration_routing.TestCalibrationVsOnboardingOrder" name="test_calibration_check_before_onboarding_check" time="0.000" /><testcase classname="backend.tests.test_iteration21_calibration_routing.TestBackendErrorHandling" name="test_backend_error_handler_raises_500_not_200" time="0.003" /><testcase classname="backend.tests.test_iteration21_calibration_routing.TestFrontendCompilation" name="test_frontend_js_syntax_valid" time="0.000" /><testcase classname="backend.tests.test_iteration21_calibration_routing.TestHealthCheck" name="test_backend_health_check" time="0.038" /></testsuite></testsuites>