<?xml version="1.0" encoding="utf-8"?><testsuites name="pytest tests"><testsuite name="pytest" errors="0" failures="0" skipped="0" tests="7" time="0.856" timestamp="2026-02-05T19:54:31.953135+00:00" hostname="agent-env-21a1306d-f476-45e1-8a43-123ed479c42c"><testcase classname="backend.tests.test_p0_auth_routing.TestBackendHealthAndCalibration" name="test_health_endpoint_returns_200" time="0.099" /><testcase classname="backend.tests.test_p0_auth_routing.TestBackendHealthAndCalibration" name="test_calibration_status_unauthenticated_returns_401" time="0.038" /><testcase classname="backend.tests.test_p0_auth_routing.TestBackendHealthAndCalibration" name="test_calibration_status_invalid_token_returns_401" time="0.516" /><testcase classname="backend.tests.test_p0_auth_routing.TestBackendHealthAndCalibration" name="test_calibration_status_never_500" time="0.037" /><testcase classname="backend.tests.test_p0_auth_routing.TestProtectedEndpoints" name="test_auth_check_profile_unauthenticated" time="0.036" /><testcase classname="backend.tests.test_p0_auth_routing.TestProtectedEndpoints" name="test_business_profile_unauthenticated" time="0.033" /><testcase classname="backend.tests.test_p0_auth_routing.TestPublicEndpoints" name="test_root_accessible" time="0.034" /></testsuite></testsuites>