<?xml version="1.0" encoding="utf-8"?><testsuites name="pytest tests"><testsuite name="pytest" errors="0" failures="0" skipped="0" tests="26" time="2.597" timestamp="2026-02-16T02:56:25.650346+00:00" hostname="agent-env-f6320f70-6854-4b82-89c5-d609841ba090"><testcase classname="tests.test_iteration35_deployment_readiness.TestHealthEndpoints" name="test_api_health" time="0.198" /><testcase classname="tests.test_iteration35_deployment_readiness.TestHealthEndpoints" name="test_root_health" time="0.195" /><testcase classname="tests.test_iteration35_deployment_readiness.TestHealthEndpoints" name="test_api_root" time="0.184" /><testcase classname="tests.test_iteration35_deployment_readiness.TestAuthProtection" name="test_calibration_status_requires_auth" time="0.137" /><testcase classname="tests.test_iteration35_deployment_readiness.TestAuthProtection" name="test_admin_prompts_requires_auth" time="0.217" /><testcase classname="tests.test_iteration35_deployment_readiness.TestAuthProtection" name="test_business_profile_requires_auth" time="0.180" /><testcase classname="tests.test_iteration35_deployment_readiness.TestAuthProtection" name="test_soundboard_conversations_requires_auth" time="0.135" /><testcase classname="tests.test_iteration35_deployment_readiness.TestAuthProtection" name="test_cognitive_profile_requires_auth" time="0.121" /><testcase classname="tests.test_iteration35_deployment_readiness.TestAuthProtection" name="test_executive_mirror_requires_auth" time="0.129" /><testcase classname="tests.test_iteration35_deployment_readiness.TestAuthProtection" name="test_dashboard_stats_requires_auth" time="0.119" /><testcase classname="tests.test_iteration35_deployment_readiness.TestAuthProtection" name="test_data_center_files_requires_auth" time="0.114" /><testcase classname="tests.test_iteration35_deployment_readiness.TestAuthProtection" name="test_onboarding_status_requires_auth" time="0.140" /><testcase classname="tests.test_iteration35_deployment_readiness.TestAuthProtection" name="test_chat_history_requires_auth" time="0.142" /><testcase classname="tests.test_iteration35_deployment_readiness.TestOAuthEndpoints" name="test_google_oauth_returns_url" time="0.118" /><testcase classname="tests.test_iteration35_deployment_readiness.TestNoMongoDB" name="test_no_pymongo_in_requirements" time="0.000" /><testcase classname="tests.test_iteration35_deployment_readiness.TestNoMongoDB" name="test_no_mongodb_in_installed_packages" time="0.246" /><testcase classname="tests.test_iteration35_deployment_readiness.TestNoMongoDB" name="test_no_mongodb_imports_in_server" time="0.000" /><testcase classname="tests.test_iteration35_deployment_readiness.TestNoMongoDB" name="test_no_mongodb_in_core_modules" time="0.000" /><testcase classname="tests.test_iteration35_deployment_readiness.TestSupabaseConnection" name="test_supabase_env_vars_set" time="0.000" /><testcase classname="tests.test_iteration35_deployment_readiness.TestSupabaseConnection" name="test_backend_starts_with_supabase" time="0.140" /><testcase classname="tests.test_iteration35_deployment_readiness.TestFileStructure" name="test_server_py_line_count" time="0.001" /><testcase classname="tests.test_iteration35_deployment_readiness.TestFileStructure" name="test_core_models_exists" time="0.001" /><testcase classname="tests.test_iteration35_deployment_readiness.TestFileStructure" name="test_core_helpers_exists" time="0.000" /><testcase classname="tests.test_iteration35_deployment_readiness.TestFileStructure" name="test_core_config_exists" time="0.001" /><testcase classname="tests.test_iteration35_deployment_readiness.TestFileStructure" name="test_16_route_modules_exist" time="0.000" /><testcase classname="tests.test_iteration35_deployment_readiness.TestDeploymentConfig" name="test_emergent_yml_base_image" time="0.000" /></testsuite></testsuites>