<?xml version="1.0" encoding="utf-8"?><testsuites name="pytest tests"><testsuite name="pytest" errors="0" failures="0" skipped="0" tests="11" time="11.193" timestamp="2026-02-17T02:55:52.537953+00:00" hostname="agent-env-872cb119-47fb-47e8-9ede-525e55ff8689"><testcase classname="backend.tests.test_iteration40_zero_redirect.TestZeroRedirectProtocol" name="test_calibration_status_endpoint_exists" time="2.967" /><testcase classname="backend.tests.test_iteration40_zero_redirect.TestZeroRedirectProtocol" name="test_lifecycle_state_endpoint_exists" time="4.209" /><testcase classname="backend.tests.test_iteration40_zero_redirect.TestZeroRedirectProtocol" name="test_onboarding_status_endpoint_exists" time="3.177" /><testcase classname="backend.tests.test_iteration40_zero_redirect.TestCalibrationCodeIntegrity" name="test_timedelta_import_exists" time="0.002" /><testcase classname="backend.tests.test_iteration40_zero_redirect.TestCalibrationCodeIntegrity" name="test_strategic_console_state_write_on_q9" time="0.000" /><testcase classname="backend.tests.test_iteration40_zero_redirect.TestCalibrationCodeIntegrity" name="test_strategic_console_state_write_on_brain_complete" time="0.000" /><testcase classname="backend.tests.test_iteration40_zero_redirect.TestCalibrationStatusPriorityCheck" name="test_calibration_status_checks_strategic_console_state_first" time="0.000" /><testcase classname="backend.tests.test_iteration40_zero_redirect.TestCalibrationStatusPriorityCheck" name="test_lifecycle_state_checks_strategic_console_state_first" time="0.000" /><testcase classname="backend.tests.test_iteration40_zero_redirect.TestOnboardingStatusPriorityCheck" name="test_onboarding_status_checks_strategic_console_state_first" time="0.001" /><testcase classname="backend.tests.test_iteration40_zero_redirect.TestHealthEndpoints" name="test_health_basic" time="0.182" /><testcase classname="backend.tests.test_iteration40_zero_redirect.TestHealthEndpoints" name="test_frontend_loads" time="0.212" /></testsuite></testsuites>