<?xml version="1.0" encoding="utf-8"?><testsuites name="pytest tests"><testsuite name="pytest" errors="0" failures="0" skipped="0" tests="12" time="97.458" timestamp="2026-02-12T21:11:25.546188+00:00" hostname="agent-env-7b9d5410-1273-4579-8f85-3a6770c5e287"><testcase classname="backend.tests.test_iteration24_intelligence_pipeline.TestSupabaseAuthentication" name="test_supabase_login_success" time="0.548" /><testcase classname="backend.tests.test_iteration24_intelligence_pipeline.TestWatchtowerEndpoints" name="test_watchtower_positions_returns_sales_critical" time="2.663" /><testcase classname="backend.tests.test_iteration24_intelligence_pipeline.TestWatchtowerEndpoints" name="test_watchtower_findings_structure" time="0.883" /><testcase classname="backend.tests.test_iteration24_intelligence_pipeline.TestWatchtowerEndpoints" name="test_watchtower_emit_creates_event" time="0.878" /><testcase classname="backend.tests.test_iteration24_intelligence_pipeline.TestWatchtowerEndpoints" name="test_watchtower_analyse_triggers_recalculation" time="7.755" /><testcase classname="backend.tests.test_iteration24_intelligence_pipeline.TestCognitiveEscalation" name="test_cognitive_escalation_returns_state_data" time="1.435" /><testcase classname="backend.tests.test_iteration24_intelligence_pipeline.TestBoardRoomResponses" name="test_boardroom_initial_briefing" time="15.788" /><testcase classname="backend.tests.test_iteration24_intelligence_pipeline.TestBoardRoomResponses" name="test_boardroom_followup_why_critical" time="30.156" /><testcase classname="backend.tests.test_iteration24_intelligence_pipeline.TestBoardRoomResponses" name="test_boardroom_followup_ignore_consequences" time="15.138" /><testcase classname="backend.tests.test_iteration24_intelligence_pipeline.TestBoardRoomResponses" name="test_boardroom_resolution_pathways" time="13.246" /><testcase classname="backend.tests.test_iteration24_intelligence_pipeline.TestSoundBoardChat" name="test_soundboard_chat_creates_conversation" time="8.367" /><testcase classname="backend.tests.test_iteration24_intelligence_pipeline.TestIntegrationsEndpoint" name="test_merge_integrations_status" time="0.519" /></testsuite></testsuites>