<?xml version="1.0" encoding="utf-8"?><testsuites name="pytest tests"><testsuite name="pytest" errors="0" failures="5" skipped="0" tests="11" time="7.328" timestamp="2026-02-16T12:04:23.406765+00:00" hostname="agent-env-d191fc48-ef2d-4802-84e8-6718181e5ef4"><testcase classname="tests.test_iteration38_titan_glass.TestHealthEndpoints" name="test_basic_health" time="0.225" /><testcase classname="tests.test_iteration38_titan_glass.TestHealthEndpoints" name="test_detailed_health" time="0.853" /><testcase classname="tests.test_iteration38_titan_glass.TestHealthEndpoints" name="test_workers_health" time="0.428" /><testcase classname="tests.test_iteration38_titan_glass.TestRefactoredAICore" name="test_api_root" time="0.173" /><testcase classname="tests.test_iteration38_titan_glass.TestRefactoredAICore" name="test_calibration_status_unauthenticated" time="0.106"><failure message="assert 403 == 401&#10; +  where 403 = &lt;Response [403]&gt;.status_code">tests/test_iteration38_titan_glass.py:89: in test_calibration_status_unauthenticated
    assert response.status_code == 401
E   assert 403 == 401
E    +  where 403 = &lt;Response [403]&gt;.status_code</failure></testcase><testcase classname="tests.test_iteration38_titan_glass.TestAuthEndpointsExist" name="test_login_endpoint_exists" time="0.964" /><testcase classname="tests.test_iteration38_titan_glass.TestAuthEndpointsExist" name="test_register_endpoint_exists" time="0.101"><failure message="AssertionError: Register endpoint should exist&#10;assert 404 != 404&#10; +  where 404 = &lt;Response [404]&gt;.status_code">tests/test_iteration38_titan_glass.py:120: in test_register_endpoint_exists
    assert response.status_code != 404, "Register endpoint should exist"
E   AssertionError: Register endpoint should exist
E   assert 404 != 404
E    +  where 404 = &lt;Response [404]&gt;.status_code</failure></testcase><testcase classname="tests.test_iteration38_titan_glass.TestAuthEndpointsExist" name="test_oauth_google_url_endpoint_exists" time="0.114" /><testcase classname="tests.test_iteration38_titan_glass.TestAuthenticatedEndpoints" name="test_calibration_status_authenticated" time="1.381"><failure message="assert 401 == 200&#10; +  where 401 = &lt;Response [401]&gt;.status_code">tests/test_iteration38_titan_glass.py:158: in test_calibration_status_authenticated
    assert response.status_code == 200
E   assert 401 == 200
E    +  where 401 = &lt;Response [401]&gt;.status_code</failure></testcase><testcase classname="tests.test_iteration38_titan_glass.TestAuthenticatedEndpoints" name="test_business_profile_authenticated" time="1.496"><failure message="assert 401 == 200&#10; +  where 401 = &lt;Response [401]&gt;.status_code">tests/test_iteration38_titan_glass.py:170: in test_business_profile_authenticated
    assert response.status_code == 200
E   assert 401 == 200
E    +  where 401 = &lt;Response [401]&gt;.status_code</failure></testcase><testcase classname="tests.test_iteration38_titan_glass.TestAuthenticatedEndpoints" name="test_auth_me_authenticated" time="1.383"><failure message="assert 401 == 200&#10; +  where 401 = &lt;Response [401]&gt;.status_code">tests/test_iteration38_titan_glass.py:180: in test_auth_me_authenticated
    assert response.status_code == 200
E   assert 401 == 200
E    +  where 401 = &lt;Response [401]&gt;.status_code</failure></testcase></testsuite></testsuites>