<?xml version="1.0" encoding="utf-8"?><testsuites name="pytest tests"><testsuite name="pytest" errors="0" failures="0" skipped="0" tests="9" time="19.662" timestamp="2026-03-18T21:47:09.035829+00:00" hostname="agent-env-4140ae2b-7c20-4e0e-9f34-83813b9fbfb9"><testcase classname="backend.tests.test_iteration152_truth_gate_hardening.TestIntegrationsTruthStateExposure" name="test_merge_connected_returns_canonical_truth_states" time="2.856" /><testcase classname="backend.tests.test_iteration152_truth_gate_hardening.TestIntegrationsTruthStateExposure" name="test_user_integration_status_returns_truth_state_per_integration" time="2.568" /><testcase classname="backend.tests.test_iteration152_truth_gate_hardening.TestBoardRoomCrossIntegrationTruthGate" name="test_boardroom_respond_returns_truth_gate_when_sources_stale" time="1.828" /><testcase classname="backend.tests.test_iteration152_truth_gate_hardening.TestBoardRoomCrossIntegrationTruthGate" name="test_boardroom_diagnosis_returns_degraded_when_truth_gate_active" time="1.303" /><testcase classname="backend.tests.test_iteration152_truth_gate_hardening.TestWarRoomCrossIntegrationTruthGate" name="test_war_room_respond_returns_truth_gate_when_sources_stale" time="1.295" /><testcase classname="backend.tests.test_iteration152_truth_gate_hardening.TestDailyBriefOverviewNoRegression" name="test_cognition_overview_returns_200" time="2.945" /><testcase classname="backend.tests.test_iteration152_truth_gate_hardening.TestDailyBriefOverviewNoRegression" name="test_intelligence_brief_returns_200" time="2.765" /><testcase classname="backend.tests.test_iteration152_truth_gate_hardening.TestDailyBriefOverviewNoRegression" name="test_brain_priorities_returns_truth_metadata" time="3.811" /><testcase classname="backend.tests.test_iteration152_truth_gate_hardening.TestHealthEndpoint" name="test_health_endpoint" time="0.234" /></testsuite></testsuites>