<?xml version="1.0" encoding="utf-8"?><testsuites name="pytest tests"><testsuite name="pytest" errors="0" failures="0" skipped="0" tests="19" time="41.210" timestamp="2026-03-13T09:03:02.345487+00:00" hostname="agent-env-5d83e6fc-44d5-485a-b42e-9bbae981d08c"><testcase classname="backend.tests.test_integration_truth_iteration120.TestUserIntegrationStatus" name="test_endpoint_returns_200" time="2.600" /><testcase classname="backend.tests.test_integration_truth_iteration120.TestUserIntegrationStatus" name="test_canonical_truth_shape" time="1.938" /><testcase classname="backend.tests.test_integration_truth_iteration120.TestUserIntegrationStatus" name="test_integrations_list_structure" time="1.988" /><testcase classname="backend.tests.test_integration_truth_iteration120.TestUserIntegrationStatus" name="test_no_error_in_response" time="1.996" /><testcase classname="backend.tests.test_integration_truth_iteration120.TestMergeConnectedIntegrations" name="test_endpoint_returns_200" time="1.698" /><testcase classname="backend.tests.test_integration_truth_iteration120.TestMergeConnectedIntegrations" name="test_canonical_truth_present" time="1.717" /><testcase classname="backend.tests.test_integration_truth_iteration120.TestMergeConnectedIntegrations" name="test_integrations_dict_or_list" time="1.737" /><testcase classname="backend.tests.test_integration_truth_iteration120.TestCognitionOverviewConsistency" name="test_endpoint_returns_200_or_migration_required" time="2.196" /><testcase classname="backend.tests.test_integration_truth_iteration120.TestCognitionOverviewConsistency" name="test_integration_truth_overlay" time="2.193" /><testcase classname="backend.tests.test_integration_truth_iteration120.TestCognitionOverviewConsistency" name="test_crm_accounting_email_consistency" time="4.152" /><testcase classname="backend.tests.test_integration_truth_iteration120.TestWatchtowerFallback" name="test_endpoint_returns_200" time="1.244" /><testcase classname="backend.tests.test_integration_truth_iteration120.TestWatchtowerFallback" name="test_events_structure" time="1.262" /><testcase classname="backend.tests.test_integration_truth_iteration120.TestWatchtowerFallback" name="test_returns_fallback_without_workspace" time="1.218" /><testcase classname="backend.tests.test_integration_truth_iteration120.TestDataIntegrityValidation" name="test_total_connected_consistency" time="3.628" /><testcase classname="backend.tests.test_integration_truth_iteration120.TestDataIntegrityValidation" name="test_signal_metadata_present" time="1.718" /><testcase classname="backend.tests.test_integration_truth_iteration120.TestPageDataRequirements" name="test_revenue_page_data" time="4.163" /><testcase classname="backend.tests.test_integration_truth_iteration120.TestPageDataRequirements" name="test_operations_page_data" time="2.218" /><testcase classname="backend.tests.test_integration_truth_iteration120.TestPageDataRequirements" name="test_risk_page_data" time="2.194" /><testcase classname="backend.tests.test_integration_truth_iteration120.TestPageDataRequirements" name="test_alerts_page_data" time="1.255" /></testsuite></testsuites>