<?xml version="1.0" encoding="utf-8"?><testsuites name="pytest tests"><testsuite name="pytest" errors="0" failures="0" skipped="0" tests="8" time="0.160" timestamp="2026-02-10T21:55:55.920925+00:00" hostname="agent-env-28997d82-de1d-47ab-893c-12cb0e97db73"><testcase classname="backend.tests.test_iteration15_fixes.TestBackendAuthSupabaseMe" name="test_auth_supabase_me_requires_auth" time="0.057" /><testcase classname="backend.tests.test_iteration15_fixes.TestBackendAuthSupabaseMe" name="test_health_endpoint_available" time="0.042" /><testcase classname="backend.tests.test_iteration15_fixes.TestFrontendCodeVerification" name="test_supabase_auth_context_fetches_user_profile" time="0.000" /><testcase classname="backend.tests.test_iteration15_fixes.TestFrontendCodeVerification" name="test_supabase_auth_context_exposes_defer_onboarding" time="0.000" /><testcase classname="backend.tests.test_iteration15_fixes.TestFrontendCodeVerification" name="test_dashboard_layout_uses_full_name" time="0.000" /><testcase classname="backend.tests.test_iteration15_fixes.TestFrontendCodeVerification" name="test_onboarding_wizard_uses_defer_onboarding" time="0.000" /><testcase classname="backend.tests.test_iteration15_fixes.TestAuthSupabaseMeResponseFields" name="test_verify_supabase_token_returns_required_fields" time="0.000" /><testcase classname="backend.tests.test_iteration15_fixes.TestLintVerification" name="test_no_critical_syntax_issues" time="0.000" /></testsuite></testsuites>