<?xml version="1.0" encoding="utf-8"?><testsuites name="pytest tests"><testsuite name="pytest" errors="0" failures="0" skipped="0" tests="9" time="1.306" timestamp="2026-02-15T23:03:20.530524+00:00" hostname="agent-env-df4e645e-452c-4e6c-8b21-174b3173d2e6"><testcase classname="backend.tests.test_iteration31_prompt_lab.TestPromptLabBackendAuth" name="test_get_prompts_returns_403_without_auth" time="0.158" /><testcase classname="backend.tests.test_iteration31_prompt_lab.TestPromptLabBackendAuth" name="test_get_prompt_detail_returns_403_without_auth" time="0.149" /><testcase classname="backend.tests.test_iteration31_prompt_lab.TestPromptLabBackendAuth" name="test_put_prompt_returns_403_without_auth" time="0.116" /><testcase classname="backend.tests.test_iteration31_prompt_lab.TestPromptLabBackendAuth" name="test_post_prompt_test_returns_403_without_auth" time="0.120" /><testcase classname="backend.tests.test_iteration31_prompt_lab.TestPromptLabBackendAuth" name="test_post_prompts_invalidate_returns_403_without_auth" time="0.142" /><testcase classname="backend.tests.test_iteration31_prompt_lab.TestFrontendPageExistence" name="test_landing_page_loads" time="0.198" /><testcase classname="backend.tests.test_iteration31_prompt_lab.TestFrontendPageExistence" name="test_login_page_loads" time="0.118" /><testcase classname="backend.tests.test_iteration31_prompt_lab.TestFrontendPageExistence" name="test_prompt_lab_page_exists" time="0.115" /><testcase classname="backend.tests.test_iteration31_prompt_lab.TestAPIHealthCheck" name="test_api_health" time="0.126" /></testsuite></testsuites>