<?xml version="1.0" encoding="utf-8"?><testsuites name="pytest tests"><testsuite name="pytest" errors="0" failures="0" skipped="0" tests="18" time="1.010" timestamp="2026-02-17T03:33:44.288754+00:00" hostname="agent-env-872cb119-47fb-47e8-9ede-525e55ff8689"><testcase classname="backend.tests.test_iteration42_persistence_hooks.TestCodeReview" name="test_onboarding_wizard_growth_goals_field_exists" time="0.001" /><testcase classname="backend.tests.test_iteration42_persistence_hooks.TestCodeReview" name="test_profile_sync_fields_includes_growth_goals" time="0.000" /><testcase classname="backend.tests.test_iteration42_persistence_hooks.TestCodeReview" name="test_sync_to_business_profile_function_exists" time="0.000" /><testcase classname="backend.tests.test_iteration42_persistence_hooks.TestCodeReview" name="test_complete_onboarding_calls_both_endpoints" time="0.000" /><testcase classname="backend.tests.test_iteration42_persistence_hooks.TestCodeReview" name="test_backend_onboarding_complete_writes_strategic_console_state" time="0.000" /><testcase classname="backend.tests.test_iteration42_persistence_hooks.TestCodeReview" name="test_warroom_console_fetches_business_profile" time="0.000" /><testcase classname="backend.tests.test_iteration42_persistence_hooks.TestCodeReview" name="test_warroom_console_skip_logic_on_business_stage" time="0.000" /><testcase classname="backend.tests.test_iteration42_persistence_hooks.TestCodeReview" name="test_stripe_integration_via_merge_and_tier_free" time="0.001" /><testcase classname="backend.tests.test_iteration42_persistence_hooks.TestAPIEndpoints" name="test_health_endpoint" time="0.205" /><testcase classname="backend.tests.test_iteration42_persistence_hooks.TestAPIEndpoints" name="test_business_profile_endpoint_requires_auth" time="0.131" /><testcase classname="backend.tests.test_iteration42_persistence_hooks.TestAPIEndpoints" name="test_put_business_profile_endpoint_requires_auth" time="0.173" /><testcase classname="backend.tests.test_iteration42_persistence_hooks.TestAPIEndpoints" name="test_onboarding_complete_endpoint_requires_auth" time="0.184" /><testcase classname="backend.tests.test_iteration42_persistence_hooks.TestAPIEndpoints" name="test_onboarding_status_endpoint_requires_auth" time="0.220" /><testcase classname="backend.tests.test_iteration42_persistence_hooks.TestOnboardingWizardSteps" name="test_all_onboarding_steps_defined" time="0.000" /><testcase classname="backend.tests.test_iteration42_persistence_hooks.TestOnboardingWizardSteps" name="test_onboarding_step_test_ids_exist" time="0.000" /><testcase classname="backend.tests.test_iteration42_persistence_hooks.TestOnboardingWizardSteps" name="test_navigation_buttons_exist" time="0.000" /><testcase classname="backend.tests.test_iteration42_persistence_hooks.TestIntegrationsPage" name="test_all_integration_categories_defined" time="0.000" /><testcase classname="backend.tests.test_iteration42_persistence_hooks.TestIntegrationsPage" name="test_financial_integrations_include_stripe" time="0.000" /></testsuite></testsuites>