<?xml version="1.0" encoding="utf-8"?><testsuites name="pytest tests"><testsuite name="pytest" errors="0" failures="0" skipped="0" tests="26" time="0.874" timestamp="2026-03-04T19:46:53.136975+00:00" hostname="agent-env-e9570653-cd49-491e-993c-6e2c46898211"><testcase classname="backend.tests.test_iteration94_soundboard_alerts.TestSoundboardSystemPrompt" name="test_soundboard_py_has_fallback_with_user_first_name" time="0.000" /><testcase classname="backend.tests.test_iteration94_soundboard_alerts.TestSoundboardSystemPrompt" name="test_soundboard_py_user_first_name_replacement" time="0.000" /><testcase classname="backend.tests.test_iteration94_soundboard_alerts.TestSoundboardSystemPrompt" name="test_soundboard_py_biz_context_profile_fields" time="0.000" /><testcase classname="backend.tests.test_iteration94_soundboard_alerts.TestSoundboardSystemPrompt" name="test_soundboard_py_rag_no_flag_check" time="0.000" /><testcase classname="backend.tests.test_iteration94_soundboard_alerts.TestSoundboardSystemPrompt" name="test_soundboard_py_memory_no_flag_check" time="0.000" /><testcase classname="backend.tests.test_iteration94_soundboard_alerts.TestSoundboardSystemPrompt" name="test_soundboard_py_strategic_advisor_persona" time="0.000" /><testcase classname="backend.tests.test_iteration94_soundboard_alerts.TestSoundboardCacheCode" name="test_soundboardpanel_cache_key_defined" time="0.000" /><testcase classname="backend.tests.test_iteration94_soundboard_alerts.TestSoundboardCacheCode" name="test_soundboardpanel_cache_ttl_5min" time="0.000" /><testcase classname="backend.tests.test_iteration94_soundboard_alerts.TestSoundboardCacheCode" name="test_soundboardpanel_fetchscanusage_uses_cache" time="0.000" /><testcase classname="backend.tests.test_iteration94_soundboard_alerts.TestSoundboardCacheCode" name="test_soundboardpanel_cache_invalidated_after_recordscan" time="0.000" /><testcase classname="backend.tests.test_iteration94_soundboard_alerts.TestSoundboardCacheCode" name="test_mysoundboard_cache_implemented" time="0.000" /><testcase classname="backend.tests.test_iteration94_soundboard_alerts.TestSoundboardCacheCode" name="test_mysoundboard_cache_invalidated_after_recordscan" time="0.000" /><testcase classname="backend.tests.test_iteration94_soundboard_alerts.TestAlertsDashboard" name="test_dashboardlayout_bell_has_done_ignore_review_buttons" time="0.000" /><testcase classname="backend.tests.test_iteration94_soundboard_alerts.TestAlertsDashboard" name="test_dashboardlayout_bell_width_w96" time="0.000" /><testcase classname="backend.tests.test_iteration94_soundboard_alerts.TestAlertsDashboard" name="test_dashboardlayout_done_calls_dismiss_api" time="0.000" /><testcase classname="backend.tests.test_iteration94_soundboard_alerts.TestAlertsDashboard" name="test_dashboardlayout_ignore_calls_dismiss_api" time="0.000" /><testcase classname="backend.tests.test_iteration94_soundboard_alerts.TestAlertsDashboard" name="test_dashboardlayout_buttons_have_testids" time="0.000" /><testcase classname="backend.tests.test_iteration94_soundboard_alerts.TestAlertsDashboard" name="test_dashboardlayout_fetchnotifications_after_dismiss" time="0.000" /><testcase classname="backend.tests.test_iteration94_soundboard_alerts.TestProfileNotificationsBackend" name="test_profile_py_deduplication_uses_seen_ids_and_seen_titles" time="0.000" /><testcase classname="backend.tests.test_iteration94_soundboard_alerts.TestProfileNotificationsBackend" name="test_profile_py_dismissed_notifications_filter" time="0.000" /><testcase classname="backend.tests.test_iteration94_soundboard_alerts.TestProfileNotificationsBackend" name="test_profile_py_dismiss_notification_endpoint" time="0.000" /><testcase classname="backend.tests.test_iteration94_soundboard_alerts.TestBackendAPIs" name="test_homepage_loads" time="0.203" /><testcase classname="backend.tests.test_iteration94_soundboard_alerts.TestBackendAPIs" name="test_scan_usage_requires_auth" time="0.162" /><testcase classname="backend.tests.test_iteration94_soundboard_alerts.TestBackendAPIs" name="test_notifications_alerts_requires_auth" time="0.156" /><testcase classname="backend.tests.test_iteration94_soundboard_alerts.TestBackendAPIs" name="test_notifications_dismiss_requires_auth" time="0.107" /><testcase classname="backend.tests.test_iteration94_soundboard_alerts.TestBackendAPIs" name="test_soundboard_chat_requires_auth" time="0.169" /></testsuite></testsuites>