<?xml version="1.0" encoding="utf-8"?><testsuites name="pytest tests"><testsuite name="pytest" errors="0" failures="0" skipped="0" tests="18" time="18.246" timestamp="2026-02-12T06:05:07.926360+00:00" hostname="agent-env-4b41816a-3ba1-445d-8d44-edefe2d43c46"><testcase classname="tests.test_iteration22_intelligence_pipeline.TestHealthAndBasics" name="test_health_endpoint" time="0.113" /><testcase classname="tests.test_iteration22_intelligence_pipeline.TestAuthentication" name="test_auth_successful" time="0.775" /><testcase classname="tests.test_iteration22_intelligence_pipeline.TestLifecycleState" name="test_lifecycle_state_returns_integrations" time="2.957" /><testcase classname="tests.test_iteration22_intelligence_pipeline.TestLifecycleState" name="test_lifecycle_state_has_intelligence_structure" time="2.666" /><testcase classname="tests.test_iteration22_intelligence_pipeline.TestColdReadPipeline" name="test_cold_read_workspace_validation" time="1.151" /><testcase classname="tests.test_iteration22_intelligence_pipeline.TestColdReadPipeline" name="test_cold_read_requires_auth" time="0.038" /><testcase classname="tests.test_iteration22_intelligence_pipeline.TestWatchtowerPositions" name="test_watchtower_positions_endpoint" time="1.861" /><testcase classname="tests.test_iteration22_intelligence_pipeline.TestWatchtowerPositions" name="test_watchtower_positions_requires_auth" time="0.133" /><testcase classname="tests.test_iteration22_intelligence_pipeline.TestDataReadiness" name="test_data_readiness_returns_proper_structure" time="0.833" /><testcase classname="tests.test_iteration22_intelligence_pipeline.TestBaselineSnapshot" name="test_baseline_snapshot_returns_proper_structure" time="0.829" /><testcase classname="tests.test_iteration22_intelligence_pipeline.TestConsoleState" name="test_console_state_requires_auth" time="0.047" /><testcase classname="tests.test_iteration22_intelligence_pipeline.TestEmissionLayerCodeFix" name="test_emission_layer_no_status_filter" time="0.001" /><testcase classname="tests.test_iteration22_intelligence_pipeline.TestEmissionLayerCodeFix" name="test_emission_layer_queries_integration_accounts" time="0.000" /><testcase classname="tests.test_iteration22_intelligence_pipeline.TestEmissionLayerCodeFix" name="test_cold_read_calls_emission_layer" time="0.002" /><testcase classname="tests.test_iteration22_intelligence_pipeline.TestEmissionLayerCodeFix" name="test_cold_read_calls_watchtower_engine" time="0.002" /><testcase classname="tests.test_iteration22_intelligence_pipeline.TestEmissionLayerCodeFix" name="test_pipeline_order_emission_before_watchtower" time="0.004" /><testcase classname="tests.test_iteration22_intelligence_pipeline.TestWatchtowerFindings" name="test_watchtower_findings_endpoint" time="0.814" /><testcase classname="tests.test_iteration22_intelligence_pipeline.TestWatchtowerAnalyse" name="test_watchtower_analyse_endpoint" time="5.947" /></testsuite></testsuites>