<?xml version="1.0" encoding="utf-8"?><testsuites name="pytest tests"><testsuite name="pytest" errors="0" failures="0" skipped="10" tests="19" time="9.953" timestamp="2026-03-07T23:49:31.487561+00:00" hostname="agent-env-052c7185-7b12-451d-8fd9-6c69bf423941"><testcase classname="backend.tests.test_iteration_104.TestHealthCheck" name="test_api_health" time="1.053" /><testcase classname="backend.tests.test_iteration_104.TestHealthCheck" name="test_api_health_response_time" time="0.907" /><testcase classname="backend.tests.test_iteration_104.TestPublicEndpoints" name="test_login_page_loads" time="0.812" /><testcase classname="backend.tests.test_iteration_104.TestPublicEndpoints" name="test_register_page_loads" time="0.882" /><testcase classname="backend.tests.test_iteration_104.TestPublicEndpoints" name="test_homepage_loads" time="0.858" /><testcase classname="backend.tests.test_iteration_104.TestPublicEndpoints" name="test_invalid_login_returns_error" time="1.392" /><testcase classname="backend.tests.test_iteration_104.TestOutlookOAuth" name="test_outlook_oauth_redirect_not_localhost" time="0.935" /><testcase classname="backend.tests.test_iteration_104.TestOutlookOAuth" name="test_gmail_oauth_configured" time="0.866" /><testcase classname="backend.tests.test_iteration_104.TestCalibrationAPI" name="test_calibration_status_unauthenticated" time="0.924" /><testcase classname="backend.tests.test_iteration_104.TestCalibrationAPI" name="test_calibration_status_with_auth" time="1.224"><skipped type="pytest.skip" message="Cannot obtain auth token - skipping authenticated tests">/app/backend/tests/test_iteration_104.py:140: Cannot obtain auth token - skipping authenticated tests</skipped></testcase><testcase classname="backend.tests.test_iteration_104.TestCalibrationAPI" name="test_console_state_with_auth" time="0.000"><skipped type="pytest.skip" message="Cannot obtain auth token - skipping authenticated tests">/app/backend/tests/test_iteration_104.py:148: Cannot obtain auth token - skipping authenticated tests</skipped></testcase><testcase classname="backend.tests.test_iteration_104.TestSoundboardAPI" name="test_soundboard_scan_usage_exists" time="0.000"><skipped type="pytest.skip" message="Cannot obtain auth token - skipping authenticated tests">/app/backend/tests/test_iteration_104.py:158: Cannot obtain auth token - skipping authenticated tests</skipped></testcase><testcase classname="backend.tests.test_iteration_104.TestSoundboardAPI" name="test_soundboard_chat_endpoint" time="0.000"><skipped type="pytest.skip" message="Cannot obtain auth token - skipping authenticated tests">/app/backend/tests/test_iteration_104.py:168: Cannot obtain auth token - skipping authenticated tests</skipped></testcase><testcase classname="backend.tests.test_iteration_104.TestCognitionAPI" name="test_cognition_overview_exists" time="0.000"><skipped type="pytest.skip" message="Cannot obtain auth token - skipping authenticated tests">/app/backend/tests/test_iteration_104.py:190: Cannot obtain auth token - skipping authenticated tests</skipped></testcase><testcase classname="backend.tests.test_iteration_104.TestBusinessProfileAPI" name="test_get_business_profile" time="0.000"><skipped type="pytest.skip" message="Cannot obtain auth token - skipping authenticated tests">/app/backend/tests/test_iteration_104.py:204: Cannot obtain auth token - skipping authenticated tests</skipped></testcase><testcase classname="backend.tests.test_iteration_104.TestCompetitiveBenchmark" name="test_benchmark_endpoint" time="0.000"><skipped type="pytest.skip" message="Cannot obtain auth token - skipping authenticated tests">/app/backend/tests/test_iteration_104.py:218: Cannot obtain auth token - skipping authenticated tests</skipped></testcase><testcase classname="backend.tests.test_iteration_104.TestCompetitiveBenchmark" name="test_benchmark_refresh" time="0.000"><skipped type="pytest.skip" message="Cannot obtain auth token - skipping authenticated tests">/app/backend/tests/test_iteration_104.py:227: Cannot obtain auth token - skipping authenticated tests</skipped></testcase><testcase classname="backend.tests.test_iteration_104.TestOnboardingAPI" name="test_onboarding_status" time="0.000"><skipped type="pytest.skip" message="Cannot obtain auth token - skipping authenticated tests">/app/backend/tests/test_iteration_104.py:241: Cannot obtain auth token - skipping authenticated tests</skipped></testcase><testcase classname="backend.tests.test_iteration_104.TestMarketAPI" name="test_market_intelligence" time="0.000"><skipped type="pytest.skip" message="Cannot obtain auth token - skipping authenticated tests">/app/backend/tests/test_iteration_104.py:255: Cannot obtain auth token - skipping authenticated tests</skipped></testcase></testsuite></testsuites>