<?xml version="1.0" encoding="utf-8"?><testsuites name="pytest tests"><testsuite name="pytest" errors="0" failures="0" skipped="0" tests="17" time="1.743" timestamp="2026-02-11T05:52:00.761335+00:00" hostname="agent-env-4b41816a-3ba1-445d-8d44-edefe2d43c46"><testcase classname="tests.test_iteration20_priority_compression.TestRankDomainsFunction" name="test_rank_domains_basic_scoring" time="1.516" /><testcase classname="tests.test_iteration20_priority_compression.TestRankDomainsFunction" name="test_rank_domains_includes_pressure_scoring" time="0.000" /><testcase classname="tests.test_iteration20_priority_compression.TestRankDomainsFunction" name="test_rank_domains_includes_window_days_scoring" time="0.000" /><testcase classname="tests.test_iteration20_priority_compression.TestRankDomainsFunction" name="test_rank_domains_includes_contradiction_scoring" time="0.000" /><testcase classname="tests.test_iteration20_priority_compression.TestRankDomainsFunction" name="test_rank_domains_includes_persistence_scoring" time="0.000" /><testcase classname="tests.test_iteration20_priority_compression.TestRankDomainsFunction" name="test_rank_domains_returns_required_fields" time="0.000" /><testcase classname="tests.test_iteration20_priority_compression.TestRankDomainsFunction" name="test_rank_domains_empty_positions" time="0.000" /><testcase classname="tests.test_iteration20_priority_compression.TestBoardRoomEndpoints" name="test_boardroom_respond_requires_auth" time="0.056" /><testcase classname="tests.test_iteration20_priority_compression.TestBoardRoomEndpoints" name="test_boardroom_escalation_action_requires_auth" time="0.039" /><testcase classname="tests.test_iteration20_priority_compression.TestBoardRoomEndpoints" name="test_boardroom_escalation_action_invalid_action" time="0.041" /><testcase classname="tests.test_iteration20_priority_compression.TestCodeVerification" name="test_resolve_facts_before_ai_call" time="0.000" /><testcase classname="tests.test_iteration20_priority_compression.TestCodeVerification" name="test_priority_compression_in_response" time="0.000" /><testcase classname="tests.test_iteration20_priority_compression.TestCodeVerification" name="test_rank_domains_called_before_response" time="0.000" /><testcase classname="tests.test_iteration20_priority_compression.TestCodeVerification" name="test_boardroom_js_data_testids_present" time="0.000" /><testcase classname="tests.test_iteration20_priority_compression.TestCodeVerification" name="test_boardroom_js_priority_compression_rendering" time="0.000" /><testcase classname="tests.test_iteration20_priority_compression.TestCodeVerification" name="test_boardroom_js_fallback_position_strip" time="0.000" /><testcase classname="tests.test_iteration20_priority_compression.TestHealthCheck" name="test_backend_healthy" time="0.036" /></testsuite></testsuites>