<?xml version="1.0" encoding="utf-8"?><testsuites name="pytest tests"><testsuite name="pytest" errors="0" failures="0" skipped="0" tests="16" time="5.346" timestamp="2026-03-02T12:29:39.205381+00:00" hostname="agent-env-2b1f08af-76e4-4e4d-b8b1-fa1239f94086"><testcase classname="tests.test_iteration82_unified_marketing.TestUnifiedIntelligenceEndpoints" name="test_unified_revenue_unauthenticated" time="3.480" /><testcase classname="tests.test_iteration82_unified_marketing.TestUnifiedIntelligenceEndpoints" name="test_unified_risk_unauthenticated" time="0.167" /><testcase classname="tests.test_iteration82_unified_marketing.TestUnifiedIntelligenceEndpoints" name="test_unified_operations_unauthenticated" time="0.133" /><testcase classname="tests.test_iteration82_unified_marketing.TestUnifiedIntelligenceEndpoints" name="test_unified_advisor_unauthenticated" time="0.108" /><testcase classname="tests.test_iteration82_unified_marketing.TestUnifiedIntelligenceEndpoints" name="test_unified_people_unauthenticated" time="0.100" /><testcase classname="tests.test_iteration82_unified_marketing.TestUnifiedIntelligenceEndpoints" name="test_unified_market_unauthenticated" time="0.125" /><testcase classname="tests.test_iteration82_unified_marketing.TestMarketingAutomationEndpoints" name="test_automation_generate_unauthenticated" time="0.101" /><testcase classname="tests.test_iteration82_unified_marketing.TestMarketingAutomationEndpoints" name="test_automation_history_unauthenticated" time="0.126" /><testcase classname="tests.test_iteration82_unified_marketing.TestMarketingAutomationEndpoints" name="test_automation_content_types_unauthenticated" time="0.109" /><testcase classname="tests.test_iteration82_unified_marketing.TestABTestingEndpoints" name="test_experiments_list_unauthenticated" time="0.135" /><testcase classname="tests.test_iteration82_unified_marketing.TestABTestingEndpoints" name="test_experiments_create_unauthenticated" time="0.104" /><testcase classname="tests.test_iteration82_unified_marketing.TestABTestingEndpoints" name="test_experiments_start_unauthenticated" time="0.114" /><testcase classname="tests.test_iteration82_unified_marketing.TestABTestingEndpoints" name="test_experiments_stop_unauthenticated" time="0.116" /><testcase classname="tests.test_iteration82_unified_marketing.TestABTestingEndpoints" name="test_experiments_variant_unauthenticated" time="0.109" /><testcase classname="tests.test_iteration82_unified_marketing.TestPlatformServicesEndpoints" name="test_services_health_unauthenticated" time="0.142" /><testcase classname="tests.test_iteration82_unified_marketing.TestHealthEndpoint" name="test_health_endpoint" time="0.108" /></testsuite></testsuites>