<?xml version="1.0" encoding="utf-8"?><testsuites name="pytest tests"><testsuite name="pytest" errors="0" failures="0" skipped="0" tests="13" time="0.351" timestamp="2026-02-10T21:41:00.214514+00:00" hostname="agent-env-28997d82-de1d-47ab-893c-12cb0e97db73"><testcase classname="backend.tests.test_iteration14_onboarding.TestOnboardingStatusEndpoint" name="test_onboarding_status_endpoint_exists" time="0.063" /><testcase classname="backend.tests.test_iteration14_onboarding.TestOnboardingStatusEndpoint" name="test_onboarding_save_endpoint_exists" time="0.042" /><testcase classname="backend.tests.test_iteration14_onboarding.TestOnboardingStatusEndpoint" name="test_onboarding_complete_endpoint_exists" time="0.042" /><testcase classname="backend.tests.test_iteration14_onboarding.TestOnboardingStatusEndpoint" name="test_business_profile_context_endpoint_exists" time="0.041" /><testcase classname="backend.tests.test_iteration14_onboarding.TestCodeReviewVerification" name="test_server_onboarding_status_no_auto_complete" time="0.005" /><testcase classname="backend.tests.test_iteration14_onboarding.TestCodeReviewVerification" name="test_protectedroute_no_onboarding_api_call" time="0.003" /><testcase classname="backend.tests.test_iteration14_onboarding.TestCodeReviewVerification" name="test_protectedroute_reads_from_context" time="0.000" /><testcase classname="backend.tests.test_iteration14_onboarding.TestCodeReviewVerification" name="test_supbase_auth_context_has_onboarding_state" time="0.000" /><testcase classname="backend.tests.test_iteration14_onboarding.TestCodeReviewVerification" name="test_supabase_auth_context_fetches_once" time="0.000" /><testcase classname="backend.tests.test_iteration14_onboarding.TestCodeReviewVerification" name="test_onboarding_wizard_uses_mark_complete" time="0.000" /><testcase classname="backend.tests.test_iteration14_onboarding.TestCodeReviewVerification" name="test_onboarding_wizard_loads_from_context" time="0.000" /><testcase classname="backend.tests.test_iteration14_onboarding.TestHealthAndBasics" name="test_backend_health" time="0.050" /><testcase classname="backend.tests.test_iteration14_onboarding.TestHealthAndBasics" name="test_frontend_loads" time="0.040" /></testsuite></testsuites>