<?xml version="1.0" encoding="utf-8"?><testsuites name="pytest tests"><testsuite name="pytest" errors="0" failures="0" skipped="0" tests="14" time="0.779" timestamp="2026-02-10T19:52:48.376555+00:00" hostname="agent-env-28997d82-de1d-47ab-893c-12cb0e97db73"><testcase classname="backend.tests.test_iteration10_endpoints.TestCalibrationStatus" name="test_calibration_status_returns_401_without_auth" time="0.112" /><testcase classname="backend.tests.test_iteration10_endpoints.TestCalibrationStatus" name="test_calibration_status_endpoint_exists" time="0.044" /><testcase classname="backend.tests.test_iteration10_endpoints.TestWebsiteEnrich" name="test_website_enrich_returns_401_without_auth" time="0.045" /><testcase classname="backend.tests.test_iteration10_endpoints.TestWebsiteEnrich" name="test_website_enrich_endpoint_exists" time="0.041" /><testcase classname="backend.tests.test_iteration10_endpoints.TestBusinessProfileContext" name="test_business_context_returns_401_without_auth" time="0.041" /><testcase classname="backend.tests.test_iteration10_endpoints.TestBusinessProfileContext" name="test_business_context_endpoint_exists" time="0.042" /><testcase classname="backend.tests.test_iteration10_endpoints.TestOnboardingSave" name="test_onboarding_save_returns_401_without_auth" time="0.043" /><testcase classname="backend.tests.test_iteration10_endpoints.TestOnboardingSave" name="test_onboarding_save_endpoint_exists" time="0.041" /><testcase classname="backend.tests.test_iteration10_endpoints.TestOnboardingStatus" name="test_onboarding_status_returns_401_without_auth" time="0.098" /><testcase classname="backend.tests.test_iteration10_endpoints.TestOnboardingStatus" name="test_onboarding_status_endpoint_exists" time="0.045" /><testcase classname="backend.tests.test_iteration10_endpoints.TestBusinessProfile" name="test_business_profile_get_returns_401_without_auth" time="0.040" /><testcase classname="backend.tests.test_iteration10_endpoints.TestBusinessProfile" name="test_business_profile_put_returns_401_without_auth" time="0.037" /><testcase classname="backend.tests.test_iteration10_endpoints.TestHealthAndAPIAccess" name="test_api_is_accessible" time="0.038" /><testcase classname="backend.tests.test_iteration10_endpoints.TestHealthAndAPIAccess" name="test_api_cors_headers" time="0.034" /></testsuite></testsuites>