<?xml version="1.0" encoding="utf-8"?><testsuites name="pytest tests"><testsuite name="pytest" errors="0" failures="0" skipped="0" tests="18" time="0.463" timestamp="2026-02-10T22:56:28.041279+00:00" hostname="agent-env-28997d82-de1d-47ab-893c-12cb0e97db73"><testcase classname="backend.tests.test_iteration19_bypass_violations.TestCodeVerification" name="test_no_ask_them_in_format_advisor_brain_prompt" time="0.003" /><testcase classname="backend.tests.test_iteration19_bypass_violations.TestCodeVerification" name="test_format_advisor_brain_prompt_reads_known_facts_prompt" time="0.002" /><testcase classname="backend.tests.test_iteration19_bypass_violations.TestCodeVerification" name="test_format_advisor_brain_prompt_uses_not_yet_known_fallback" time="0.002" /><testcase classname="backend.tests.test_iteration19_bypass_violations.TestCodeVerification" name="test_business_profile_js_uses_context_endpoint" time="0.000" /><testcase classname="backend.tests.test_iteration19_bypass_violations.TestCodeVerification" name="test_settings_js_uses_context_endpoint" time="0.000" /><testcase classname="backend.tests.test_iteration19_bypass_violations.TestCodeVerification" name="test_soundboard_chat_imports_fact_resolution" time="0.002" /><testcase classname="backend.tests.test_iteration19_bypass_violations.TestCodeVerification" name="test_soundboard_chat_injects_facts_into_system_message" time="0.002" /><testcase classname="backend.tests.test_iteration19_bypass_violations.TestCodeVerification" name="test_generate_checklist_uses_advisor_pattern" time="0.002" /><testcase classname="backend.tests.test_iteration19_bypass_violations.TestCodeVerification" name="test_generate_action_plan_uses_advisor_pattern" time="0.002" /><testcase classname="backend.tests.test_iteration19_bypass_violations.TestCodeVerification" name="test_boardroom_respond_imports_fact_resolution" time="0.002" /><testcase classname="backend.tests.test_iteration19_bypass_violations.TestCodeVerification" name="test_boardroom_respond_injects_facts" time="0.002" /><testcase classname="backend.tests.test_iteration19_bypass_violations.TestEndpointAuthentication" name="test_soundboard_chat_requires_auth" time="0.082" /><testcase classname="backend.tests.test_iteration19_bypass_violations.TestEndpointAuthentication" name="test_generate_checklist_requires_auth" time="0.043" /><testcase classname="backend.tests.test_iteration19_bypass_violations.TestEndpointAuthentication" name="test_generate_action_plan_requires_auth" time="0.040" /><testcase classname="backend.tests.test_iteration19_bypass_violations.TestEndpointAuthentication" name="test_boardroom_respond_requires_auth" time="0.039" /><testcase classname="backend.tests.test_iteration19_bypass_violations.TestEndpointAuthentication" name="test_business_profile_context_requires_auth" time="0.041" /><testcase classname="backend.tests.test_iteration19_bypass_violations.TestBackendHealth" name="test_health_endpoint" time="0.081" /><testcase classname="backend.tests.test_iteration19_bypass_violations.TestBackendHealth" name="test_api_root" time="0.039" /></testsuite></testsuites>