<?xml version="1.0" encoding="utf-8"?><testsuites name="pytest tests"><testsuite name="pytest" errors="0" failures="1" skipped="0" tests="19" time="19.132" timestamp="2026-03-05T02:36:25.308308+00:00" hostname="agent-env-1cf0a41b-ac9f-4b2a-b4d7-5c00409bc199"><testcase classname="tests.test_iteration97_prelaunch_validation.TestHealthEndpoints" name="test_api_health" time="0.311" /><testcase classname="tests.test_iteration97_prelaunch_validation.TestHealthEndpoints" name="test_frontend_loads" time="0.287" /><testcase classname="tests.test_iteration97_prelaunch_validation.TestPublicPages" name="test_public_page_loads[/-BIQc]" time="0.387" /><testcase classname="tests.test_iteration97_prelaunch_validation.TestPublicPages" name="test_public_page_loads[/pricing-Foundation]" time="0.371" /><testcase classname="tests.test_iteration97_prelaunch_validation.TestPublicPages" name="test_public_page_loads[/blog-blog]" time="0.355" /><testcase classname="tests.test_iteration97_prelaunch_validation.TestPublicPages" name="test_public_page_loads[/login-supabase-Sign in]" time="0.377" /><testcase classname="tests.test_iteration97_prelaunch_validation.TestPublicPages" name="test_public_page_loads[/register-supabase-Create]" time="0.367" /><testcase classname="tests.test_iteration97_prelaunch_validation.TestPublicPages" name="test_public_page_loads[/trust-Trust]" time="0.448" /><testcase classname="tests.test_iteration97_prelaunch_validation.TestPublicPages" name="test_public_page_loads[/contact-Contact]" time="0.423" /><testcase classname="tests.test_iteration97_prelaunch_validation.TestAuthenticationAPI" name="test_login_api_valid_credentials_test1" time="0.957" /><testcase classname="tests.test_iteration97_prelaunch_validation.TestAuthenticationAPI" name="test_login_api_valid_credentials_test3" time="0.938" /><testcase classname="tests.test_iteration97_prelaunch_validation.TestAuthenticationAPI" name="test_login_api_invalid_credentials" time="0.479" /><testcase classname="tests.test_iteration97_prelaunch_validation.TestAuthenticationAPI" name="test_me_endpoint_without_auth" time="0.197" /><testcase classname="tests.test_iteration97_prelaunch_validation.TestAuthenticatedEndpoints" name="test_me_endpoint_with_auth" time="1.799" /><testcase classname="tests.test_iteration97_prelaunch_validation.TestAuthenticatedEndpoints" name="test_check_profile_endpoint" time="1.648" /><testcase classname="tests.test_iteration97_prelaunch_validation.TestMultiTenantDataIsolation" name="test_user1_sees_campos_coffee_data" time="1.097" /><testcase classname="tests.test_iteration97_prelaunch_validation.TestMultiTenantDataIsolation" name="test_user3_sees_thankyou_data" time="1.037" /><testcase classname="tests.test_iteration97_prelaunch_validation.TestMultiTenantDataIsolation" name="test_data_isolation_snapshot_endpoint" time="4.088"><failure message="AttributeError: 'NoneType' object has no attribute 'get'">tests/test_iteration97_prelaunch_validation.py:247: in test_data_isolation_snapshot_endpoint
    user_id1 = data1.get("user_id") or data1.get("cognitive", {}).get("user_id")
                                       ^^^^^^^^^^^^^^^^^^^^^^^^^^^^^^
E   AttributeError: 'NoneType' object has no attribute 'get'</failure></testcase><testcase classname="tests.test_iteration97_prelaunch_validation.TestAuthenticatedRoutes" name="test_notifications_alerts_endpoint" time="3.479" /></testsuite></testsuites>