<?xml version="1.0" encoding="utf-8"?><testsuites name="pytest tests"><testsuite name="pytest" errors="0" failures="0" skipped="0" tests="13" time="35.649" timestamp="2026-02-13T03:33:16.093752+00:00" hostname="agent-env-7b9d5410-1273-4579-8f85-3a6770c5e287"><testcase classname="tests.test_iteration25_html_stability.TestHtmlVsJsonStability" name="test_01_calibration_status_returns_json" time="1.804" /><testcase classname="tests.test_iteration25_html_stability.TestHtmlVsJsonStability" name="test_02_intelligence_baseline_snapshot_returns_json" time="0.871" /><testcase classname="tests.test_iteration25_html_stability.TestHtmlVsJsonStability" name="test_03_outlook_status_returns_json" time="1.175" /><testcase classname="tests.test_iteration25_html_stability.TestHtmlVsJsonStability" name="test_04_facts_resolve_returns_json" time="2.017" /><testcase classname="tests.test_iteration25_html_stability.TestHtmlVsJsonStability" name="test_05_lifecycle_state_returns_json" time="2.664" /><testcase classname="tests.test_iteration25_html_stability.TestHtmlVsJsonStability" name="test_06_intelligence_watchtower_active_returns_json" time="1.485" /><testcase classname="tests.test_iteration25_html_stability.TestHtmlVsJsonStability" name="test_07_watchtower_positions_returns_json" time="1.998" /><testcase classname="tests.test_iteration25_html_stability.TestHtmlVsJsonStability" name="test_08_watchtower_findings_returns_json" time="0.932" /><testcase classname="tests.test_iteration25_html_stability.TestHtmlVsJsonStability" name="test_09_boardroom_respond_returns_json" time="12.898" /><testcase classname="tests.test_iteration25_html_stability.TestHtmlVsJsonStability" name="test_10_soundboard_chat_returns_json" time="8.252" /><testcase classname="tests.test_iteration25_html_stability.TestHtmlVsJsonStability" name="test_11_auth_me_returns_json" time="0.636" /><testcase classname="tests.test_iteration25_html_stability.TestHtmlVsJsonStability" name="test_12_onboarding_status_returns_json" time="0.820" /><testcase classname="tests.test_iteration25_html_stability.TestNoAuthEndpoints" name="test_health_check_returns_json" time="0.045" /></testsuite></testsuites>