<?xml version="1.0" encoding="utf-8"?><testsuites name="pytest tests"><testsuite name="pytest" errors="0" failures="0" skipped="13" tests="32" time="2.252" timestamp="2026-03-02T23:22:25.898428+00:00" hostname="agent-env-2b1f08af-76e4-4e4d-b8b1-fa1239f94086"><testcase classname="backend.tests.test_iteration83_cognition_core.TestCognitionContractHealth" name="test_api_health" time="0.315" /><testcase classname="backend.tests.test_iteration83_cognition_core.TestCognitionContractRouteExistence" name="test_cognition_revenue_route_exists" time="0.118" /><testcase classname="backend.tests.test_iteration83_cognition_core.TestCognitionContractRouteExistence" name="test_cognition_risk_route_exists" time="0.120" /><testcase classname="backend.tests.test_iteration83_cognition_core.TestCognitionContractRouteExistence" name="test_cognition_operations_route_exists" time="0.111" /><testcase classname="backend.tests.test_iteration83_cognition_core.TestCognitionContractRouteExistence" name="test_cognition_people_route_exists" time="0.114" /><testcase classname="backend.tests.test_iteration83_cognition_core.TestCognitionContractRouteExistence" name="test_cognition_market_route_exists" time="0.140" /><testcase classname="backend.tests.test_iteration83_cognition_core.TestCognitionContractRouteExistence" name="test_cognition_overview_route_exists" time="0.110" /><testcase classname="backend.tests.test_iteration83_cognition_core.TestCognitionContractRouteExistence" name="test_cognition_decisions_list_route_exists" time="0.107" /><testcase classname="backend.tests.test_iteration83_cognition_core.TestCognitionContractRouteExistence" name="test_cognition_decisions_create_route_exists" time="0.117" /><testcase classname="backend.tests.test_iteration83_cognition_core.TestCognitionContractRouteExistence" name="test_automation_execute_route_exists" time="0.122" /><testcase classname="backend.tests.test_iteration83_cognition_core.TestCognitionContractRouteExistence" name="test_automation_history_route_exists" time="0.124" /><testcase classname="backend.tests.test_iteration83_cognition_core.TestCognitionContractRouteExistence" name="test_integration_health_route_exists" time="0.144" /><testcase classname="backend.tests.test_iteration83_cognition_core.TestCognitionContractRouteExistence" name="test_snapshot_instability_route_exists" time="0.120" /><testcase classname="backend.tests.test_iteration83_cognition_core.TestCognitionContractAuthenticated" name="test_cognition_revenue_authenticated" time="0.383"><skipped type="pytest.skip" message="Supabase authentication failed - skipping authenticated tests">/app/backend/tests/test_iteration83_cognition_core.py:158: Supabase authentication failed - skipping authenticated tests</skipped></testcase><testcase classname="backend.tests.test_iteration83_cognition_core.TestCognitionContractAuthenticated" name="test_cognition_risk_authenticated" time="0.000"><skipped type="pytest.skip" message="Supabase authentication failed - skipping authenticated tests">/app/backend/tests/test_iteration83_cognition_core.py:208: Supabase authentication failed - skipping authenticated tests</skipped></testcase><testcase classname="backend.tests.test_iteration83_cognition_core.TestCognitionContractAuthenticated" name="test_cognition_operations_authenticated" time="0.000"><skipped type="pytest.skip" message="Supabase authentication failed - skipping authenticated tests">/app/backend/tests/test_iteration83_cognition_core.py:219: Supabase authentication failed - skipping authenticated tests</skipped></testcase><testcase classname="backend.tests.test_iteration83_cognition_core.TestCognitionContractAuthenticated" name="test_cognition_people_authenticated" time="0.000"><skipped type="pytest.skip" message="Supabase authentication failed - skipping authenticated tests">/app/backend/tests/test_iteration83_cognition_core.py:230: Supabase authentication failed - skipping authenticated tests</skipped></testcase><testcase classname="backend.tests.test_iteration83_cognition_core.TestCognitionContractAuthenticated" name="test_cognition_market_authenticated" time="0.000"><skipped type="pytest.skip" message="Supabase authentication failed - skipping authenticated tests">/app/backend/tests/test_iteration83_cognition_core.py:241: Supabase authentication failed - skipping authenticated tests</skipped></testcase><testcase classname="backend.tests.test_iteration83_cognition_core.TestCognitionContractAuthenticated" name="test_cognition_overview_authenticated" time="0.000"><skipped type="pytest.skip" message="Supabase authentication failed - skipping authenticated tests">/app/backend/tests/test_iteration83_cognition_core.py:252: Supabase authentication failed - skipping authenticated tests</skipped></testcase><testcase classname="backend.tests.test_iteration83_cognition_core.TestCognitionContractAuthenticated" name="test_cognition_invalid_tab_returns_400" time="0.000"><skipped type="pytest.skip" message="Supabase authentication failed - skipping authenticated tests">/app/backend/tests/test_iteration83_cognition_core.py:263: Supabase authentication failed - skipping authenticated tests</skipped></testcase><testcase classname="backend.tests.test_iteration83_cognition_core.TestCognitionContractAuthenticated" name="test_create_decision_with_checkpoints" time="0.000"><skipped type="pytest.skip" message="Supabase authentication failed - skipping authenticated tests">/app/backend/tests/test_iteration83_cognition_core.py:273: Supabase authentication failed - skipping authenticated tests</skipped></testcase><testcase classname="backend.tests.test_iteration83_cognition_core.TestCognitionContractAuthenticated" name="test_list_decisions_with_checkpoints" time="0.000"><skipped type="pytest.skip" message="Supabase authentication failed - skipping authenticated tests">/app/backend/tests/test_iteration83_cognition_core.py:300: Supabase authentication failed - skipping authenticated tests</skipped></testcase><testcase classname="backend.tests.test_iteration83_cognition_core.TestCognitionContractAuthenticated" name="test_automation_execute" time="0.000"><skipped type="pytest.skip" message="Supabase authentication failed - skipping authenticated tests">/app/backend/tests/test_iteration83_cognition_core.py:321: Supabase authentication failed - skipping authenticated tests</skipped></testcase><testcase classname="backend.tests.test_iteration83_cognition_core.TestCognitionContractAuthenticated" name="test_automation_history" time="0.000"><skipped type="pytest.skip" message="Supabase authentication failed - skipping authenticated tests">/app/backend/tests/test_iteration83_cognition_core.py:342: Supabase authentication failed - skipping authenticated tests</skipped></testcase><testcase classname="backend.tests.test_iteration83_cognition_core.TestCognitionContractAuthenticated" name="test_integration_health" time="0.000"><skipped type="pytest.skip" message="Supabase authentication failed - skipping authenticated tests">/app/backend/tests/test_iteration83_cognition_core.py:353: Supabase authentication failed - skipping authenticated tests</skipped></testcase><testcase classname="backend.tests.test_iteration83_cognition_core.TestCognitionContractAuthenticated" name="test_snapshot_instability" time="0.000"><skipped type="pytest.skip" message="Supabase authentication failed - skipping authenticated tests">/app/backend/tests/test_iteration83_cognition_core.py:364: Supabase authentication failed - skipping authenticated tests</skipped></testcase><testcase classname="backend.tests.test_iteration83_cognition_core.TestCodeReview" name="test_cognition_contract_no_frontend_computation" time="0.000" /><testcase classname="backend.tests.test_iteration83_cognition_core.TestCodeReview" name="test_migration_044_creates_required_tables" time="0.000" /><testcase classname="backend.tests.test_iteration83_cognition_core.TestCodeReview" name="test_migration_045_creates_required_functions" time="0.000" /><testcase classname="backend.tests.test_iteration83_cognition_core.TestCodeReview" name="test_propagation_rules_seed_data" time="0.000" /><testcase classname="backend.tests.test_iteration83_cognition_core.TestCodeReview" name="test_automation_actions_seed_data" time="0.000" /><testcase classname="backend.tests.test_iteration83_cognition_core.TestCodeReview" name="test_server_router_registration" time="0.000" /></testsuite></testsuites>