<?xml version="1.0" encoding="utf-8"?><testsuites name="pytest tests"><testsuite name="pytest" errors="0" failures="0" skipped="0" tests="39" time="6.240" timestamp="2026-02-15T22:20:50.535316+00:00" hostname="agent-env-df4e645e-452c-4e6c-8b21-174b3173d2e6"><testcase classname="tests.test_iteration27_phase2_deconstruction.TestHealthEndpoints" name="test_root_health_internal" time="0.008" /><testcase classname="tests.test_iteration27_phase2_deconstruction.TestHealthEndpoints" name="test_api_health_returns_200" time="0.255" /><testcase classname="tests.test_iteration27_phase2_deconstruction.TestCalibrationRoutes" name="test_calibration_status_requires_auth" time="0.143" /><testcase classname="tests.test_iteration27_phase2_deconstruction.TestCalibrationRoutes" name="test_calibration_init_post_requires_auth" time="0.188" /><testcase classname="tests.test_iteration27_phase2_deconstruction.TestCalibrationRoutes" name="test_calibration_defer_post_requires_auth" time="0.176" /><testcase classname="tests.test_iteration27_phase2_deconstruction.TestCalibrationRoutes" name="test_calibration_reset_post_requires_auth" time="0.135" /><testcase classname="tests.test_iteration27_phase2_deconstruction.TestCalibrationRoutes" name="test_calibration_answer_post_requires_auth" time="0.138" /><testcase classname="tests.test_iteration27_phase2_deconstruction.TestCalibrationRoutes" name="test_calibration_brain_post_requires_auth" time="0.119" /><testcase classname="tests.test_iteration27_phase2_deconstruction.TestCalibrationRoutes" name="test_calibration_activation_requires_auth" time="0.112" /><testcase classname="tests.test_iteration27_phase2_deconstruction.TestCalibrationRoutes" name="test_lifecycle_state_requires_auth" time="0.117" /><testcase classname="tests.test_iteration27_phase2_deconstruction.TestCalibrationRoutes" name="test_console_state_post_requires_auth" time="0.111" /><testcase classname="tests.test_iteration27_phase2_deconstruction.TestCalibrationRoutes" name="test_enrichment_website_post_requires_auth" time="0.158" /><testcase classname="tests.test_iteration27_phase2_deconstruction.TestCalibrationRoutes" name="test_strategy_regeneration_request_requires_auth" time="0.117" /><testcase classname="tests.test_iteration27_phase2_deconstruction.TestEmailRoutes" name="test_outlook_status_requires_auth" time="0.148" /><testcase classname="tests.test_iteration27_phase2_deconstruction.TestEmailRoutes" name="test_gmail_status_requires_auth" time="0.165" /><testcase classname="tests.test_iteration27_phase2_deconstruction.TestEmailRoutes" name="test_email_priority_inbox_requires_auth" time="0.117" /><testcase classname="tests.test_iteration27_phase2_deconstruction.TestEmailRoutes" name="test_outlook_intelligence_requires_auth" time="0.105" /><testcase classname="tests.test_iteration27_phase2_deconstruction.TestEmailRoutes" name="test_outlook_emails_sync_requires_auth" time="0.126" /><testcase classname="tests.test_iteration27_phase2_deconstruction.TestEmailRoutes" name="test_outlook_comprehensive_sync_requires_auth" time="1.135" /><testcase classname="tests.test_iteration27_phase2_deconstruction.TestEmailRoutes" name="test_outlook_disconnect_requires_auth" time="0.112" /><testcase classname="tests.test_iteration27_phase2_deconstruction.TestEmailRoutes" name="test_gmail_disconnect_requires_auth" time="0.128" /><testcase classname="tests.test_iteration27_phase2_deconstruction.TestEmailRoutes" name="test_outlook_calendar_events_requires_auth" time="0.118" /><testcase classname="tests.test_iteration27_phase2_deconstruction.TestEmailRoutes" name="test_outlook_calendar_sync_requires_auth" time="0.115" /><testcase classname="tests.test_iteration27_phase2_deconstruction.TestEmailRoutes" name="test_email_analyze_priority_requires_auth" time="0.142" /><testcase classname="tests.test_iteration27_phase2_deconstruction.TestSoundboardRoutes" name="test_soundboard_conversations_requires_auth" time="0.122" /><testcase classname="tests.test_iteration27_phase2_deconstruction.TestSoundboardRoutes" name="test_soundboard_chat_requires_auth" time="0.130" /><testcase classname="tests.test_iteration27_phase2_deconstruction.TestDataCenterRoutes" name="test_data_center_files_requires_auth" time="0.153" /><testcase classname="tests.test_iteration27_phase2_deconstruction.TestDataCenterRoutes" name="test_data_center_categories_requires_auth" time="0.116" /><testcase classname="tests.test_iteration27_phase2_deconstruction.TestDataCenterRoutes" name="test_data_center_stats_requires_auth" time="0.143" /><testcase classname="tests.test_iteration27_phase2_deconstruction.TestDataCenterRoutes" name="test_data_center_upload_requires_auth" time="0.114" /><testcase classname="tests.test_iteration27_phase2_deconstruction.TestAdminRoutes" name="test_admin_prompts_requires_auth" time="0.131" /><testcase classname="tests.test_iteration27_phase2_deconstruction.TestAdminRoutes" name="test_admin_prompts_invalidate_requires_auth" time="0.150" /><testcase classname="tests.test_iteration27_phase2_deconstruction.TestAdminRoutes" name="test_admin_users_requires_auth" time="0.138" /><testcase classname="tests.test_iteration27_phase2_deconstruction.TestAdminRoutes" name="test_admin_stats_requires_auth" time="0.124" /><testcase classname="tests.test_iteration27_phase2_deconstruction.TestSecurityP0Endpoints" name="test_executive_mirror_requires_auth" time="0.100" /><testcase classname="tests.test_iteration27_phase2_deconstruction.TestMethodValidation" name="test_calibration_init_get_returns_405" time="0.152" /><testcase classname="tests.test_iteration27_phase2_deconstruction.TestMethodValidation" name="test_calibration_brain_get_returns_405" time="0.159" /><testcase classname="tests.test_iteration27_phase2_deconstruction.TestMethodValidation" name="test_calibration_defer_get_returns_405" time="0.111" /><testcase classname="tests.test_iteration27_phase2_deconstruction.TestResponseFormat" name="test_auth_error_returns_json" time="0.109" /></testsuite></testsuites>