<?xml version="1.0" encoding="utf-8"?><testsuites name="pytest tests"><testsuite name="pytest" errors="0" failures="0" skipped="0" tests="13" time="23.283" timestamp="2026-02-16T16:55:25.918343+00:00" hostname="agent-env-d191fc48-ef2d-4802-84e8-6718181e5ef4"><testcase classname="backend.tests.test_iteration39_caching_audit.TestHealthMonitoring" name="test_basic_health" time="0.410" /><testcase classname="backend.tests.test_iteration39_caching_audit.TestHealthMonitoring" name="test_detailed_health" time="0.977" /><testcase classname="backend.tests.test_iteration39_caching_audit.TestHealthMonitoring" name="test_workers_health" time="0.755" /><testcase classname="backend.tests.test_iteration39_caching_audit.TestAuthentication" name="test_login_returns_access_token" time="1.168" /><testcase classname="backend.tests.test_iteration39_caching_audit.TestAuthenticatedEndpoints" name="test_calibration_status" time="2.818" /><testcase classname="backend.tests.test_iteration39_caching_audit.TestAuthenticatedEndpoints" name="test_business_profile" time="2.191" /><testcase classname="backend.tests.test_iteration39_caching_audit.TestAuthenticatedEndpoints" name="test_business_profile_scores_with_caching" time="3.946" /><testcase classname="backend.tests.test_iteration39_caching_audit.TestAuthenticatedEndpoints" name="test_dashboard_stats_with_caching" time="4.503" /><testcase classname="backend.tests.test_iteration39_caching_audit.TestAuthenticatedEndpoints" name="test_dashboard_focus" time="3.314" /><testcase classname="backend.tests.test_iteration39_caching_audit.TestAuditLogEndpoint" name="test_audit_log_endpoint_exists" time="1.966" /><testcase classname="backend.tests.test_iteration39_caching_audit.TestOAuthEndpoints" name="test_google_oauth_url" time="0.140" /><testcase classname="backend.tests.test_iteration39_caching_audit.TestIteration38Regression" name="test_api_root" time="0.139" /><testcase classname="backend.tests.test_iteration39_caching_audit.TestIteration38Regression" name="test_signup_endpoint_exists" time="0.890" /></testsuite></testsuites>