<?xml version="1.0" encoding="utf-8"?><testsuites name="pytest tests"><testsuite name="pytest" errors="0" failures="0" skipped="0" tests="9" time="10.174" timestamp="2026-03-15T07:55:48.994505+00:00" hostname="agent-env-5bf9e343-21a5-482c-b9f4-a93840a890d6"><testcase classname="backend.tests.test_iteration139_brain_100_metrics.TestBusinessBrainCatalogFile" name="test_catalog_file_exists_at_expected_location" time="0.000" /><testcase classname="backend.tests.test_iteration139_brain_100_metrics.TestBusinessBrainCatalogFile" name="test_catalog_has_100_metrics" time="0.000" /><testcase classname="backend.tests.test_iteration139_brain_100_metrics.TestBusinessBrainCatalogFile" name="test_catalog_metrics_have_unique_ids" time="0.000" /><testcase classname="backend.tests.test_iteration139_brain_100_metrics.TestBrainRuntimeCheck" name="test_runtime_check_returns_100_metrics" time="2.304" /><testcase classname="backend.tests.test_iteration139_brain_100_metrics.TestBrainRuntimeCheck" name="test_runtime_check_catalog_source_is_json" time="1.182" /><testcase classname="backend.tests.test_iteration139_brain_100_metrics.TestBrainMetricsWithCoverage" name="test_metrics_coverage_shows_100_total" time="1.174" /><testcase classname="backend.tests.test_iteration139_brain_100_metrics.TestBrainMetricsWithCoverage" name="test_metrics_coverage_has_metrics_list" time="1.214" /><testcase classname="backend.tests.test_iteration139_brain_100_metrics.TestBrainPrioritiesEndpoint" name="test_priorities_returns_valid_response" time="4.127" /><testcase classname="backend.tests.test_iteration139_brain_100_metrics.TestHealthCheck" name="test_health_endpoint" time="0.105" /></testsuite></testsuites>