<?xml version="1.0" encoding="utf-8"?><testsuites name="pytest tests"><testsuite name="pytest" errors="0" failures="0" skipped="0" tests="18" time="0.950" timestamp="2026-03-04T09:44:01.359325+00:00" hostname="agent-env-e9570653-cd49-491e-993c-6e2c46898211"><testcase classname="backend.tests.test_iteration91_soundboard_onboarding.TestHealthChecks" name="test_backend_health" time="0.240" /><testcase classname="backend.tests.test_iteration91_soundboard_onboarding.TestHealthChecks" name="test_soundboard_chat_without_auth" time="0.103" /><testcase classname="backend.tests.test_iteration91_soundboard_onboarding.TestHealthChecks" name="test_soundboard_conversations_without_auth" time="0.149" /><testcase classname="backend.tests.test_iteration91_soundboard_onboarding.TestHealthChecks" name="test_onboarding_complete_without_auth" time="0.099" /><testcase classname="backend.tests.test_iteration91_soundboard_onboarding.TestHealthChecks" name="test_onboarding_status_without_auth" time="0.141" /><testcase classname="backend.tests.test_iteration91_soundboard_onboarding.TestHealthChecks" name="test_check_profile_without_auth" time="0.143" /><testcase classname="backend.tests.test_iteration91_soundboard_onboarding.TestMigrationFilesExist" name="test_migration_044_exists" time="0.000" /><testcase classname="backend.tests.test_iteration91_soundboard_onboarding.TestMigrationFilesExist" name="test_migration_045_exists" time="0.000" /><testcase classname="backend.tests.test_iteration91_soundboard_onboarding.TestMigrationFilesExist" name="test_migration_045_has_core_functions" time="0.000" /><testcase classname="backend.tests.test_iteration91_soundboard_onboarding.TestOnboardingCodeFix" name="test_onboarding_file_has_persona_calibration_fix" time="0.000" /><testcase classname="backend.tests.test_iteration91_soundboard_onboarding.TestFloatingSoundboardCode" name="test_floating_soundboard_has_paperclip" time="0.000" /><testcase classname="backend.tests.test_iteration91_soundboard_onboarding.TestFloatingSoundboardCode" name="test_floating_soundboard_has_file_download_card" time="0.000" /><testcase classname="backend.tests.test_iteration91_soundboard_onboarding.TestFloatingSoundboardCode" name="test_floating_soundboard_has_attachment_preview" time="0.000" /><testcase classname="backend.tests.test_iteration91_soundboard_onboarding.TestMySoundBoardCode" name="test_mysoundboard_has_paperclip_import" time="0.000" /><testcase classname="backend.tests.test_iteration91_soundboard_onboarding.TestMySoundBoardCode" name="test_mysoundboard_has_attached_file_state" time="0.000" /><testcase classname="backend.tests.test_iteration91_soundboard_onboarding.TestMySoundBoardCode" name="test_mysoundboard_has_soundboard_attach_testid" time="0.000" /><testcase classname="backend.tests.test_iteration91_soundboard_onboarding.TestMySoundBoardCode" name="test_mysoundboard_has_mono_constant" time="0.000" /><testcase classname="backend.tests.test_iteration91_soundboard_onboarding.TestMySoundBoardCode" name="test_mysoundboard_has_file_download_card" time="0.000" /></testsuite></testsuites>