<?xml version="1.0" encoding="utf-8"?><testsuites name="pytest tests"><testsuite name="pytest" errors="0" failures="1" skipped="1" tests="8" time="13.467" timestamp="2026-02-22T23:42:28.183084+00:00" hostname="agent-env-74bbd11b-43b2-4228-a6a9-c251cd1a4a18"><testcase classname="backend.tests.test_iteration58_admin_portal.TestAdminPortalAPIs" name="test_admin_users_endpoint" time="2.722" /><testcase classname="backend.tests.test_iteration58_admin_portal.TestAdminPortalAPIs" name="test_admin_stats_endpoint" time="2.992" /><testcase classname="backend.tests.test_iteration58_admin_portal.TestAdminPortalAPIs" name="test_admin_users_unauthorized" time="0.139" /><testcase classname="backend.tests.test_iteration58_admin_portal.TestAdminPortalAPIs" name="test_admin_stats_unauthorized" time="0.114" /><testcase classname="backend.tests.test_iteration58_admin_portal.TestAdminPortalAPIs" name="test_admin_impersonate_endpoint" time="4.602" /><testcase classname="backend.tests.test_iteration58_admin_portal.TestAdminPortalAPIs" name="test_admin_suspend_unsuspend_flow" time="1.948"><skipped type="pytest.skip" message="No non-admin users available for suspend test">/app/backend/tests/test_iteration58_admin_portal.py:119: No non-admin users available for suspend test</skipped></testcase><testcase classname="backend.tests.test_iteration58_admin_portal.TestAdminPortalAPIs" name="test_admin_cannot_suspend_self" time="0.762"><failure message="AssertionError: Could not get admin ID&#10;assert None">backend/tests/test_iteration58_admin_portal.py:145: in test_admin_cannot_suspend_self
    assert admin_id, "Could not get admin ID"
E   AssertionError: Could not get admin ID
E   assert None</failure></testcase><testcase classname="backend.tests.test_iteration58_admin_portal.TestAdminAuthRequired" name="test_regular_user_cannot_access_admin_users" time="0.112" /></testsuite></testsuites>