<?xml version="1.0" encoding="utf-8"?><testsuites name="pytest tests"><testsuite name="pytest" errors="0" failures="0" skipped="0" tests="17" time="0.287" timestamp="2026-02-10T22:12:44.407518+00:00" hostname="agent-env-28997d82-de1d-47ab-893c-12cb0e97db73"><testcase classname="tests.test_iteration17_fact_resolution.TestFactResolutionEndpointsUnauthenticated" name="test_health_check" time="0.068" /><testcase classname="tests.test_iteration17_fact_resolution.TestFactResolutionEndpointsUnauthenticated" name="test_facts_resolve_returns_401_unauthenticated" time="0.039" /><testcase classname="tests.test_iteration17_fact_resolution.TestFactResolutionEndpointsUnauthenticated" name="test_facts_confirm_returns_401_unauthenticated" time="0.041" /><testcase classname="tests.test_iteration17_fact_resolution.TestFactResolutionEndpointsUnauthenticated" name="test_business_profile_context_returns_401_unauthenticated" time="0.037" /><testcase classname="tests.test_iteration17_fact_resolution.TestFactResolutionModuleStructure" name="test_fact_resolution_module_exists" time="0.000" /><testcase classname="tests.test_iteration17_fact_resolution.TestFactResolutionModuleStructure" name="test_fact_resolution_has_required_functions" time="0.000" /><testcase classname="tests.test_iteration17_fact_resolution.TestFactResolutionModuleStructure" name="test_fact_sources_mapping_covers_business_profiles_and_users" time="0.000" /><testcase classname="tests.test_iteration17_fact_resolution.TestFactResolutionModuleStructure" name="test_onboarding_field_to_fact_mapping_exists" time="0.000" /><testcase classname="tests.test_iteration17_fact_resolution.TestFactResolutionFunctionality" name="test_build_known_facts_prompt_empty" time="0.000" /><testcase classname="tests.test_iteration17_fact_resolution.TestFactResolutionFunctionality" name="test_build_known_facts_prompt_with_facts" time="0.000" /><testcase classname="tests.test_iteration17_fact_resolution.TestFactResolutionFunctionality" name="test_resolve_onboarding_fields_empty" time="0.000" /><testcase classname="tests.test_iteration17_fact_resolution.TestFactResolutionFunctionality" name="test_resolve_onboarding_fields_with_facts" time="0.000" /><testcase classname="tests.test_iteration17_fact_resolution.TestServerIntegration" name="test_server_imports_fact_resolution_in_build_advisor_context" time="0.002" /><testcase classname="tests.test_iteration17_fact_resolution.TestServerIntegration" name="test_build_advisor_context_returns_known_facts_prompt" time="0.002" /><testcase classname="tests.test_iteration17_fact_resolution.TestServerIntegration" name="test_business_profile_context_returns_resolved_fields" time="0.002" /><testcase classname="tests.test_iteration17_fact_resolution.TestOnboardingWizardIntegration" name="test_onboarding_wizard_uses_resolved_fields" time="0.000" /><testcase classname="tests.test_iteration17_fact_resolution.TestBackendStartup" name="test_backend_is_running" time="0.040" /></testsuite></testsuites>