<?xml version="1.0" encoding="utf-8"?><testsuites name="pytest tests"><testsuite name="pytest" errors="0" failures="0" skipped="0" tests="8" time="1.062" timestamp="2026-03-18T23:49:50.096671+00:00" hostname="agent-env-4140ae2b-7c20-4e0e-9f34-83813b9fbfb9"><testcase classname="tests.test_iteration153_launch_packaging.TestHealthEndpoints" name="test_health_endpoint" time="0.222" /><testcase classname="tests.test_iteration153_launch_packaging.TestPublicEndpoints" name="test_pricing_config" time="0.108" /><testcase classname="tests.test_iteration153_launch_packaging.TestStripeEndpoints" name="test_stripe_checkout_requires_auth" time="0.107" /><testcase classname="tests.test_iteration153_launch_packaging.TestStripeEndpoints" name="test_stripe_checkout_invalid_tier" time="0.108" /><testcase classname="tests.test_iteration153_launch_packaging.TestIntegrationEndpoints" name="test_integration_status_requires_auth" time="0.121" /><testcase classname="tests.test_iteration153_launch_packaging.TestEmailEndpoints" name="test_priority_inbox_requires_auth" time="0.107" /><testcase classname="tests.test_iteration153_launch_packaging.TestIntelligenceEndpoints" name="test_intelligence_brief_requires_auth" time="0.106" /><testcase classname="tests.test_iteration153_launch_packaging.TestIntelligenceEndpoints" name="test_brain_priorities_requires_auth" time="0.106" /></testsuite></testsuites>