<?xml version="1.0" encoding="utf-8"?><testsuites name="pytest tests"><testsuite name="pytest" errors="0" failures="0" skipped="0" tests="8" time="9.120" timestamp="2026-02-24T09:43:43.351391+00:00" hostname="agent-env-9271b7e8-9486-4c0f-a05d-9e50e0ff9433"><testcase classname="backend.tests.test_iteration68_forensic_channels.TestForensicCalibration" name="test_forensic_calibration_post_returns_auth_error_without_auth" time="0.141" /><testcase classname="backend.tests.test_iteration68_forensic_channels.TestForensicCalibration" name="test_forensic_calibration_get_returns_auth_error_without_auth" time="0.103" /><testcase classname="backend.tests.test_iteration68_forensic_channels.TestForensicCalibration" name="test_forensic_calibration_post_with_7_answers" time="2.553" /><testcase classname="backend.tests.test_iteration68_forensic_channels.TestForensicCalibration" name="test_forensic_calibration_get_returns_existing_results" time="1.368" /><testcase classname="backend.tests.test_iteration68_forensic_channels.TestChannelIntelligence" name="test_channels_status_returns_auth_error_without_auth" time="0.162" /><testcase classname="backend.tests.test_iteration68_forensic_channels.TestChannelIntelligence" name="test_channels_status_returns_channel_list" time="2.283" /><testcase classname="backend.tests.test_iteration68_forensic_channels.TestChannelIntelligence" name="test_channels_status_includes_expected_channels" time="2.338" /><testcase classname="backend.tests.test_iteration68_forensic_channels.TestHealthCheck" name="test_health_endpoint" time="0.106" /></testsuite></testsuites>