<?xml version="1.0" encoding="utf-8"?><testsuites name="pytest tests"><testsuite name="pytest" errors="0" failures="0" skipped="0" tests="12" time="1.936" timestamp="2026-02-06T04:59:23.025384+00:00" hostname="agent-env-21a1306d-f476-45e1-8a43-123ed479c42c"><testcase classname="backend.tests.test_calibration_ux_overhaul.TestHealthEndpoint" name="test_health_returns_200" time="0.055" /><testcase classname="backend.tests.test_calibration_ux_overhaul.TestCalibrationInit" name="test_init_requires_auth_no_header" time="0.035" /><testcase classname="backend.tests.test_calibration_ux_overhaul.TestCalibrationInit" name="test_init_requires_auth_invalid_token" time="0.347" /><testcase classname="backend.tests.test_calibration_ux_overhaul.TestCalibrationInit" name="test_init_requires_auth_empty_bearer" time="0.040" /><testcase classname="backend.tests.test_calibration_ux_overhaul.TestCalibrationAnswer" name="test_answer_requires_auth_no_header" time="0.045" /><testcase classname="backend.tests.test_calibration_ux_overhaul.TestCalibrationAnswer" name="test_answer_requires_auth_invalid_token" time="0.306" /><testcase classname="backend.tests.test_calibration_ux_overhaul.TestCalibrationStatus" name="test_status_without_auth_returns_401" time="0.034" /><testcase classname="backend.tests.test_calibration_ux_overhaul.TestCalibrationStatus" name="test_status_with_invalid_token_returns_200_failopen" time="0.293" /><testcase classname="backend.tests.test_calibration_ux_overhaul.TestCalibrationStatus" name="test_status_with_malformed_jwt_returns_200_failopen" time="0.602" /><testcase classname="backend.tests.test_calibration_ux_overhaul.TestCalibrationStatus" name="test_status_with_empty_bearer_returns_401" time="0.036" /><testcase classname="backend.tests.test_calibration_ux_overhaul.TestBusinessProfile" name="test_business_profile_requires_auth" time="0.037" /><testcase classname="backend.tests.test_calibration_ux_overhaul.TestAuthCheckProfile" name="test_check_profile_requires_auth" time="0.037" /></testsuite></testsuites>