<?xml version="1.0" encoding="utf-8"?><testsuites name="pytest tests"><testsuite name="pytest" errors="0" failures="4" skipped="0" tests="17" time="19.878" timestamp="2026-03-13T07:34:45.410567+00:00" hostname="agent-env-5d83e6fc-44d5-485a-b42e-9bbae981d08c"><testcase classname="tests.test_forensic_e2e_iteration118.TestHealthChecks" name="test_root_health" time="0.975" /><testcase classname="tests.test_forensic_e2e_iteration118.TestHealthChecks" name="test_api_root" time="0.265" /><testcase classname="tests.test_forensic_e2e_iteration118.TestAuthEndpoints" name="test_auth_me_unauthenticated" time="0.863"><failure message="assert 404 in [401, 403, 422]&#10; +  where 404 = &lt;Response [404]&gt;.status_code">tests/test_forensic_e2e_iteration118.py:90: in test_auth_me_unauthenticated
    assert response.status_code in [401, 403, 422]
E   assert 404 in [401, 403, 422]
E    +  where 404 = &lt;Response [404]&gt;.status_code</failure></testcase><testcase classname="tests.test_forensic_e2e_iteration118.TestAuthEndpoints" name="test_auth_me_authenticated" time="0.839"><failure message="assert 404 == 200&#10; +  where 404 = &lt;Response [404]&gt;.status_code">tests/test_forensic_e2e_iteration118.py:96: in test_auth_me_authenticated
    assert response.status_code == 200
E   assert 404 == 200
E    +  where 404 = &lt;Response [404]&gt;.status_code</failure></testcase><testcase classname="tests.test_forensic_e2e_iteration118.TestSoundboardEndpoints" name="test_soundboard_conversations_list" time="0.847" /><testcase classname="tests.test_forensic_e2e_iteration118.TestSoundboardEndpoints" name="test_soundboard_chat_basic" time="3.746" /><testcase classname="tests.test_forensic_e2e_iteration118.TestBoardRoomEndpoints" name="test_boardroom_respond_unauthenticated" time="0.907" /><testcase classname="tests.test_forensic_e2e_iteration118.TestBoardRoomEndpoints" name="test_boardroom_respond_authenticated" time="1.971" /><testcase classname="tests.test_forensic_e2e_iteration118.TestBoardRoomEndpoints" name="test_boardroom_diagnosis_invalid_focus" time="3.823" /><testcase classname="tests.test_forensic_e2e_iteration118.TestWarRoomEndpoints" name="test_war_room_respond_authenticated" time="1.019"><failure message="assert 400 == 200&#10; +  where 400 = &lt;Response [400]&gt;.status_code">tests/test_forensic_e2e_iteration118.py:209: in test_war_room_respond_authenticated
    assert response.status_code == 200
E   assert 400 == 200
E    +  where 400 = &lt;Response [400]&gt;.status_code</failure></testcase><testcase classname="tests.test_forensic_e2e_iteration118.TestAdminEndpoints" name="test_admin_users_requires_auth" time="0.949" /><testcase classname="tests.test_forensic_e2e_iteration118.TestAdminEndpoints" name="test_admin_users_requires_superadmin" time="0.762" /><testcase classname="tests.test_forensic_e2e_iteration118.TestAdminEndpoints" name="test_admin_stats_requires_superadmin" time="0.656" /><testcase classname="tests.test_forensic_e2e_iteration118.TestCalibrationEndpoints" name="test_calibration_status" time="0.540" /><testcase classname="tests.test_forensic_e2e_iteration118.TestCalibrationEndpoints" name="test_onboarding_status" time="0.645" /><testcase classname="tests.test_forensic_e2e_iteration118.TestIntelligenceEndpoints" name="test_lifecycle_state" time="0.704" /><testcase classname="tests.test_forensic_e2e_iteration118.TestIntegrationEndpoints" name="test_integrations_list" time="0.265"><failure message="assert 404 == 200&#10; +  where 404 = &lt;Response [404]&gt;.status_code">tests/test_forensic_e2e_iteration118.py:285: in test_integrations_list
    assert response.status_code == 200
E   assert 404 == 200
E    +  where 404 = &lt;Response [404]&gt;.status_code</failure></testcase></testsuite></testsuites>