<?xml version="1.0" encoding="utf-8"?><testsuites name="pytest tests"><testsuite name="pytest" errors="0" failures="0" skipped="0" tests="23" time="0.363" timestamp="2026-02-10T22:20:03.192639+00:00" hostname="agent-env-28997d82-de1d-47ab-893c-12cb0e97db73"><testcase classname="tests.test_iteration18_fact_authority.TestFactResolutionModuleEnhancements" name="test_confidence_threshold_exists_and_correct" time="0.002" /><testcase classname="tests.test_iteration18_fact_authority.TestFactResolutionModuleEnhancements" name="test_integration_fact_derivations_exists" time="0.000" /><testcase classname="tests.test_iteration18_fact_authority.TestFactResolutionModuleEnhancements" name="test_persist_facts_batch_exists" time="0.000" /><testcase classname="tests.test_iteration18_fact_authority.TestFactResolutionModuleEnhancements" name="test_log_fact_resolution_violation_exists" time="0.000" /><testcase classname="tests.test_iteration18_fact_authority.TestFactResolutionModuleEnhancements" name="test_resolve_facts_is_async" time="0.000" /><testcase classname="tests.test_iteration18_fact_authority.TestFactResolutionModuleEnhancements" name="test_persist_facts_batch_is_async" time="0.002" /><testcase classname="tests.test_iteration18_fact_authority.TestBuildKnownFactsPromptSeparation" name="test_build_known_facts_prompt_confirmed_section" time="0.000" /><testcase classname="tests.test_iteration18_fact_authority.TestBuildKnownFactsPromptSeparation" name="test_build_known_facts_prompt_unconfirmed_section" time="0.000" /><testcase classname="tests.test_iteration18_fact_authority.TestBuildKnownFactsPromptSeparation" name="test_build_known_facts_prompt_both_sections" time="0.000" /><testcase classname="tests.test_iteration18_fact_authority.TestIntegrationDataResolution" name="test_resolve_facts_source_code_reads_observation_events" time="0.000" /><testcase classname="tests.test_iteration18_fact_authority.TestIntegrationDataResolution" name="test_resolve_facts_layer_order" time="0.000" /><testcase classname="tests.test_iteration18_fact_authority.TestOnboardingSaveFactPersistence" name="test_onboarding_save_imports_persist_facts_batch" time="0.003" /><testcase classname="tests.test_iteration18_fact_authority.TestOnboardingSaveFactPersistence" name="test_onboarding_save_calls_persist_facts_batch" time="0.003" /><testcase classname="tests.test_iteration18_fact_authority.TestOnboardingSaveFactPersistence" name="test_onboarding_save_endpoint_requires_auth" time="0.057" /><testcase classname="tests.test_iteration18_fact_authority.TestFactEndpoints" name="test_health_check" time="0.042" /><testcase classname="tests.test_iteration18_fact_authority.TestFactEndpoints" name="test_facts_resolve_endpoint_exists" time="0.076" /><testcase classname="tests.test_iteration18_fact_authority.TestFactEndpoints" name="test_facts_confirm_endpoint_exists" time="0.039" /><testcase classname="tests.test_iteration18_fact_authority.TestFactEndpoints" name="test_business_profile_context_endpoint_exists" time="0.038" /><testcase classname="tests.test_iteration18_fact_authority.TestBusinessProfileContextResolvedFields" name="test_resolve_onboarding_fields_includes_confidence" time="0.000" /><testcase classname="tests.test_iteration18_fact_authority.TestOnboardingWizardBadges" name="test_onboarding_wizard_has_resolved_fields_map_state" time="0.000" /><testcase classname="tests.test_iteration18_fact_authority.TestOnboardingWizardBadges" name="test_render_field_shows_confirmed_badge" time="0.000" /><testcase classname="tests.test_iteration18_fact_authority.TestOnboardingWizardBadges" name="test_render_field_shows_detected_badge" time="0.000" /><testcase classname="tests.test_iteration18_fact_authority.TestBackendStartup" name="test_backend_is_healthy" time="0.041" /></testsuite></testsuites>