<?xml version="1.0" encoding="utf-8"?><testsuites name="pytest tests"><testsuite name="pytest" errors="0" failures="0" skipped="0" tests="16" time="3.238" timestamp="2026-02-16T02:20:41.587174+00:00" hostname="agent-env-f6320f70-6854-4b82-89c5-d609841ba090"><testcase classname="tests.test_iteration34_clean_sweep.TestBackendHealth" name="test_api_health_returns_200" time="0.137" /><testcase classname="tests.test_iteration34_clean_sweep.TestBackendHealth" name="test_api_root_returns_info" time="0.171" /><testcase classname="tests.test_iteration34_clean_sweep.TestAuthProtection" name="test_calibration_status_requires_auth" time="0.129" /><testcase classname="tests.test_iteration34_clean_sweep.TestAuthProtection" name="test_admin_prompts_requires_auth" time="0.157" /><testcase classname="tests.test_iteration34_clean_sweep.TestAuthProtection" name="test_business_profile_requires_auth" time="0.152" /><testcase classname="tests.test_iteration34_clean_sweep.TestAuthProtection" name="test_soundboard_conversations_requires_auth" time="0.113" /><testcase classname="tests.test_iteration34_clean_sweep.TestAuthProtection" name="test_cognitive_profile_requires_auth" time="0.180" /><testcase classname="tests.test_iteration34_clean_sweep.TestAuthProtection" name="test_executive_mirror_requires_auth" time="0.139" /><testcase classname="tests.test_iteration34_clean_sweep.TestAuthProtection" name="test_dashboard_stats_requires_auth" time="0.127" /><testcase classname="tests.test_iteration34_clean_sweep.TestAuthProtection" name="test_chat_history_requires_auth" time="0.134" /><testcase classname="tests.test_iteration34_clean_sweep.TestAuthProtection" name="test_data_center_files_requires_auth" time="0.163" /><testcase classname="tests.test_iteration34_clean_sweep.TestAuthProtection" name="test_onboarding_status_requires_auth" time="0.111" /><testcase classname="tests.test_iteration34_clean_sweep.TestOAuthEndpoints" name="test_google_oauth_returns_auth_url" time="0.117" /><testcase classname="tests.test_iteration34_clean_sweep.TestCoreModuleIntegrity" name="test_server_is_running_with_all_imports" time="0.118" /><testcase classname="tests.test_iteration34_clean_sweep.TestCoreModuleIntegrity" name="test_main_route_modules_loaded" time="1.071" /><testcase classname="tests.test_iteration34_clean_sweep.TestAPIVersionEndpoint" name="test_api_root_returns_version_info" time="0.121" /></testsuite></testsuites>