<?xml version="1.0" encoding="utf-8"?><testsuites name="pytest tests"><testsuite name="pytest" errors="0" failures="0" skipped="0" tests="8" time="22.609" timestamp="2026-03-18T19:30:54.801104+00:00" hostname="agent-env-4140ae2b-7c20-4e0e-9f34-83813b9fbfb9"><testcase classname="backend.tests.test_iteration151_truth_gate_frontend.TestBrainPrioritiesAPI" name="test_brain_priorities_returns_200" time="4.443" /><testcase classname="backend.tests.test_iteration151_truth_gate_frontend.TestBrainPrioritiesAPI" name="test_brain_priorities_exposes_integrity_alerts" time="3.941" /><testcase classname="backend.tests.test_iteration151_truth_gate_frontend.TestBrainPrioritiesAPI" name="test_brain_priorities_no_false_zero_value_claims" time="3.879" /><testcase classname="backend.tests.test_iteration151_truth_gate_frontend.TestBrainPrioritiesAPI" name="test_brain_priorities_exposes_truth_summary" time="3.785" /><testcase classname="backend.tests.test_iteration151_truth_gate_frontend.TestMergeConnectedAPI" name="test_merge_connected_returns_200" time="2.333" /><testcase classname="backend.tests.test_iteration151_truth_gate_frontend.TestMergeConnectedAPI" name="test_merge_connected_exposes_canonical_truth_states" time="2.227" /><testcase classname="backend.tests.test_iteration151_truth_gate_frontend.TestOutlookStatusAPI" name="test_outlook_status_returns_proper_structure" time="1.719" /><testcase classname="backend.tests.test_iteration151_truth_gate_frontend.TestHealthEndpoint" name="test_health_endpoint" time="0.214" /></testsuite></testsuites>