<?xml version="1.0" encoding="utf-8"?><testsuites name="pytest tests"><testsuite name="pytest" errors="0" failures="4" skipped="0" tests="24" time="3.933" timestamp="2026-02-17T03:53:51.966082+00:00" hostname="agent-env-872cb119-47fb-47e8-9ede-525e55ff8689"><testcase classname="backend.tests.test_iteration44_forensic_audit.TestHealthEndpoint" name="test_health_returns_200" time="0.345" /><testcase classname="backend.tests.test_iteration44_forensic_audit.TestAuthEndpoints" name="test_auth_me_requires_auth" time="0.318" /><testcase classname="backend.tests.test_iteration44_forensic_audit.TestAuthEndpoints" name="test_auth_logout_requires_auth" time="0.152" /><testcase classname="backend.tests.test_iteration44_forensic_audit.TestCalibrationEndpoints" name="test_calibration_status_requires_auth" time="0.180" /><testcase classname="backend.tests.test_iteration44_forensic_audit.TestCalibrationEndpoints" name="test_calibration_strategic_audit_requires_auth" time="0.135" /><testcase classname="backend.tests.test_iteration44_forensic_audit.TestBusinessProfileEndpoints" name="test_business_profile_get_requires_auth" time="0.109" /><testcase classname="backend.tests.test_iteration44_forensic_audit.TestBusinessProfileEndpoints" name="test_business_profile_put_requires_auth" time="0.395" /><testcase classname="backend.tests.test_iteration44_forensic_audit.TestBusinessProfileEndpoints" name="test_business_profile_context_requires_auth" time="0.161" /><testcase classname="backend.tests.test_iteration44_forensic_audit.TestOnboardingEndpoints" name="test_onboarding_status_requires_auth" time="0.122" /><testcase classname="backend.tests.test_iteration44_forensic_audit.TestOnboardingEndpoints" name="test_onboarding_save_requires_auth" time="0.141" /><testcase classname="backend.tests.test_iteration44_forensic_audit.TestDocumentsEndpoints" name="test_documents_list_requires_auth" time="0.108" /><testcase classname="backend.tests.test_iteration44_forensic_audit.TestDocumentsEndpoints" name="test_documents_upload_requires_auth" time="0.132"><failure message="assert 405 in [401, 403, 422]&#10; +  where 405 = &lt;Response [405]&gt;.status_code">backend/tests/test_iteration44_forensic_audit.py:106: in test_documents_upload_requires_auth
    assert response.status_code in [401, 403, 422]
E   assert 405 in [401, 403, 422]
E    +  where 405 = &lt;Response [405]&gt;.status_code</failure></testcase><testcase classname="backend.tests.test_iteration44_forensic_audit.TestAdvisorEndpoints" name="test_advisor_chat_requires_auth" time="0.129"><failure message="assert 404 in [401, 403, 422]&#10; +  where 404 = &lt;Response [404]&gt;.status_code">backend/tests/test_iteration44_forensic_audit.py:116: in test_advisor_chat_requires_auth
    assert response.status_code in [401, 403, 422]
E   assert 404 in [401, 403, 422]
E    +  where 404 = &lt;Response [404]&gt;.status_code</failure></testcase><testcase classname="backend.tests.test_iteration44_forensic_audit.TestAdvisorEndpoints" name="test_advisor_history_requires_auth" time="0.136"><failure message="assert 404 in [401, 403, 422]&#10; +  where 404 = &lt;Response [404]&gt;.status_code">backend/tests/test_iteration44_forensic_audit.py:122: in test_advisor_history_requires_auth
    assert response.status_code in [401, 403, 422]
E   assert 404 in [401, 403, 422]
E    +  where 404 = &lt;Response [404]&gt;.status_code</failure></testcase><testcase classname="backend.tests.test_iteration44_forensic_audit.TestIntegrationsEndpoints" name="test_integrations_list_requires_auth" time="0.120"><failure message="assert 404 in [401, 403, 422]&#10; +  where 404 = &lt;Response [404]&gt;.status_code">backend/tests/test_iteration44_forensic_audit.py:132: in test_integrations_list_requires_auth
    assert response.status_code in [401, 403, 422]
E   assert 404 in [401, 403, 422]
E    +  where 404 = &lt;Response [404]&gt;.status_code</failure></testcase><testcase classname="backend.tests.test_iteration44_forensic_audit.TestIntegrationsEndpoints" name="test_integrations_merge_link_token_requires_auth" time="0.152" /><testcase classname="backend.tests.test_iteration44_forensic_audit.TestSettingsEndpoints" name="test_settings_get_requires_auth" time="0.121" /><testcase classname="backend.tests.test_iteration44_forensic_audit.TestAnalysisEndpoints" name="test_diagnosis_requires_auth" time="0.134" /><testcase classname="backend.tests.test_iteration44_forensic_audit.TestAnalysisEndpoints" name="test_analysis_requires_auth" time="0.103" /><testcase classname="backend.tests.test_iteration44_forensic_audit.TestEmailCalendarEndpoints" name="test_email_inbox_requires_auth" time="0.132" /><testcase classname="backend.tests.test_iteration44_forensic_audit.TestEmailCalendarEndpoints" name="test_calendar_events_requires_auth" time="0.131" /><testcase classname="backend.tests.test_iteration44_forensic_audit.TestWarRoomEndpoints" name="test_war_room_chat_requires_auth" time="0.150" /><testcase classname="backend.tests.test_iteration44_forensic_audit.TestSOPGeneratorEndpoints" name="test_sop_generator_requires_auth" time="0.106" /><testcase classname="backend.tests.test_iteration44_forensic_audit.TestNotificationsEndpoints" name="test_notifications_alerts_requires_auth" time="0.120" /></testsuite></testsuites>