<?xml version="1.0" encoding="utf-8"?><testsuites name="pytest tests"><testsuite name="pytest" errors="0" failures="0" skipped="0" tests="17" time="0.601" timestamp="2026-02-10T20:10:10.368599+00:00" hostname="agent-env-28997d82-de1d-47ab-893c-12cb0e97db73"><testcase classname="backend.tests.test_iteration11_dataplane.TestDataPlaneRemediation" name="test_backend_health" time="0.111" /><testcase classname="backend.tests.test_iteration11_dataplane.TestDataPlaneRemediation" name="test_calibration_status_unauthenticated" time="0.042" /><testcase classname="backend.tests.test_iteration11_dataplane.TestDataPlaneRemediation" name="test_auth_check_profile_unauthenticated" time="0.045" /><testcase classname="backend.tests.test_iteration11_dataplane.TestDataPlaneRemediation" name="test_business_profile_unauthenticated" time="0.041" /><testcase classname="backend.tests.test_iteration11_dataplane.TestDataPlaneRemediation" name="test_business_profile_scores_unauthenticated" time="0.043" /><testcase classname="backend.tests.test_iteration11_dataplane.TestDataPlaneRemediation" name="test_business_profile_context_unauthenticated" time="0.044" /><testcase classname="backend.tests.test_iteration11_dataplane.TestNoMongoDBDependency" name="test_no_motor_import" time="0.007" /><testcase classname="backend.tests.test_iteration11_dataplane.TestNoMongoDBDependency" name="test_no_mongodb_client_init" time="0.002" /><testcase classname="backend.tests.test_iteration11_dataplane.TestShadowStateRemoval" name="test_no_biqc_context_v1_writes" time="0.004" /><testcase classname="backend.tests.test_iteration11_dataplane.TestShadowStateRemoval" name="test_no_biqc_intelligence_state" time="0.005" /><testcase classname="backend.tests.test_iteration11_dataplane.TestShadowStateRemoval" name="test_no_dead_context_state" time="0.000" /><testcase classname="backend.tests.test_iteration11_dataplane.TestShadowStateRemoval" name="test_api_js_no_localstorage_fallback" time="0.000" /><testcase classname="backend.tests.test_iteration11_dataplane.TestAuthCallbackClean" name="test_no_localstorage_writes_in_callback" time="0.000" /><testcase classname="backend.tests.test_iteration11_dataplane.TestEndpointRegistration" name="test_calibration_status_endpoint_exists" time="0.039" /><testcase classname="backend.tests.test_iteration11_dataplane.TestEndpointRegistration" name="test_auth_check_profile_endpoint_exists" time="0.039" /><testcase classname="backend.tests.test_iteration11_dataplane.TestEndpointRegistration" name="test_business_profile_endpoint_exists" time="0.042" /><testcase classname="backend.tests.test_iteration11_dataplane.TestEndpointRegistration" name="test_business_profile_scores_endpoint_exists" time="0.038" /></testsuite></testsuites>