<?xml version="1.0" encoding="utf-8"?><testsuites name="pytest tests"><testsuite name="pytest" errors="0" failures="0" skipped="0" tests="8" time="1.697" timestamp="2026-02-05T20:13:04.647727+00:00" hostname="agent-env-21a1306d-f476-45e1-8a43-123ed479c42c"><testcase classname="tests.test_p0_auth_failopen.TestHealthEndpoint" name="test_health_endpoint_returns_200" time="0.071" /><testcase classname="tests.test_p0_auth_failopen.TestCalibrationStatusFailOpen" name="test_no_auth_header_returns_401" time="0.039" /><testcase classname="tests.test_p0_auth_failopen.TestCalibrationStatusFailOpen" name="test_malformed_bearer_token_returns_200_needs_calibration" time="0.436" /><testcase classname="tests.test_p0_auth_failopen.TestCalibrationStatusFailOpen" name="test_jwt_format_invalid_signature_returns_200_needs_calibration" time="0.956" /><testcase classname="tests.test_p0_auth_failopen.TestCalibrationStatusFailOpen" name="test_empty_bearer_token_returns_401" time="0.035" /><testcase classname="tests.test_p0_auth_failopen.TestCalibrationStatusFailOpen" name="test_non_bearer_auth_returns_401" time="0.038" /><testcase classname="tests.test_p0_auth_failopen.TestOtherProtectedEndpoints" name="test_auth_check_profile_no_auth_returns_401" time="0.034" /><testcase classname="tests.test_p0_auth_failopen.TestOtherProtectedEndpoints" name="test_business_profile_no_auth_returns_401" time="0.035" /></testsuite></testsuites>