<?xml version="1.0" encoding="utf-8"?><testsuites name="pytest tests"><testsuite name="pytest" errors="0" failures="3" skipped="0" tests="8" time="9.277" timestamp="2026-02-24T09:43:16.496121+00:00" hostname="agent-env-9271b7e8-9486-4c0f-a05d-9e50e0ff9433"><testcase classname="backend.tests.test_iteration68_forensic_channels.TestForensicCalibration" name="test_forensic_calibration_post_returns_401_without_auth" time="0.262"><failure message="AssertionError: Expected 401, got 403: {&quot;detail&quot;:&quot;Not authenticated&quot;}&#10;assert 403 == 401&#10; +  where 403 = &lt;Response [403]&gt;.status_code">backend/tests/test_iteration68_forensic_channels.py:66: in test_forensic_calibration_post_returns_401_without_auth
    assert resp.status_code == 401, f"Expected 401, got {resp.status_code}: {resp.text}"
E   AssertionError: Expected 401, got 403: {"detail":"Not authenticated"}
E   assert 403 == 401
E    +  where 403 = &lt;Response [403]&gt;.status_code</failure></testcase><testcase classname="backend.tests.test_iteration68_forensic_channels.TestForensicCalibration" name="test_forensic_calibration_get_returns_401_without_auth" time="0.108"><failure message="AssertionError: Expected 401, got 403: {&quot;detail&quot;:&quot;Not authenticated&quot;}&#10;assert 403 == 401&#10; +  where 403 = &lt;Response [403]&gt;.status_code">backend/tests/test_iteration68_forensic_channels.py:72: in test_forensic_calibration_get_returns_401_without_auth
    assert resp.status_code == 401, f"Expected 401, got {resp.status_code}: {resp.text}"
E   AssertionError: Expected 401, got 403: {"detail":"Not authenticated"}
E   assert 403 == 401
E    +  where 403 = &lt;Response [403]&gt;.status_code</failure></testcase><testcase classname="backend.tests.test_iteration68_forensic_channels.TestForensicCalibration" name="test_forensic_calibration_post_with_7_answers" time="2.543" /><testcase classname="backend.tests.test_iteration68_forensic_channels.TestForensicCalibration" name="test_forensic_calibration_get_returns_existing_results" time="1.373" /><testcase classname="backend.tests.test_iteration68_forensic_channels.TestChannelIntelligence" name="test_channels_status_returns_401_without_auth" time="0.144"><failure message="AssertionError: Expected 401, got 403: {&quot;detail&quot;:&quot;Not authenticated&quot;}&#10;assert 403 == 401&#10; +  where 403 = &lt;Response [403]&gt;.status_code">backend/tests/test_iteration68_forensic_channels.py:162: in test_channels_status_returns_401_without_auth
    assert resp.status_code == 401, f"Expected 401, got {resp.status_code}: {resp.text}"
E   AssertionError: Expected 401, got 403: {"detail":"Not authenticated"}
E   assert 403 == 401
E    +  where 403 = &lt;Response [403]&gt;.status_code</failure></testcase><testcase classname="backend.tests.test_iteration68_forensic_channels.TestChannelIntelligence" name="test_channels_status_returns_channel_list" time="2.327" /><testcase classname="backend.tests.test_iteration68_forensic_channels.TestChannelIntelligence" name="test_channels_status_includes_expected_channels" time="2.315" /><testcase classname="backend.tests.test_iteration68_forensic_channels.TestHealthCheck" name="test_health_endpoint" time="0.105" /></testsuite></testsuites>