<?xml version="1.0" encoding="utf-8"?><testsuites name="pytest tests"><testsuite name="pytest" errors="0" failures="0" skipped="0" tests="14" time="0.626" timestamp="2026-02-17T03:23:28.768246+00:00" hostname="agent-env-872cb119-47fb-47e8-9ede-525e55ff8689"><testcase classname="tests.test_iteration41_strategic_signal.TestStrategicSignalChain" name="test_health_check" time="0.239" /><testcase classname="tests.test_iteration41_strategic_signal.TestStrategicSignalChain" name="test_business_profile_model_has_growth_goals" time="0.000" /><testcase classname="tests.test_iteration41_strategic_signal.TestStrategicSignalChain" name="test_business_profile_model_has_risk_profile" time="0.000" /><testcase classname="tests.test_iteration41_strategic_signal.TestStrategicSignalChain" name="test_onboarding_wizard_has_sync_function" time="0.000" /><testcase classname="tests.test_iteration41_strategic_signal.TestStrategicSignalChain" name="test_onboarding_wizard_profile_sync_fields_includes_growth_goals" time="0.000" /><testcase classname="tests.test_iteration41_strategic_signal.TestStrategicSignalChain" name="test_onboarding_wizard_profile_sync_fields_includes_risk_profile" time="0.000" /><testcase classname="tests.test_iteration41_strategic_signal.TestStrategicSignalChain" name="test_onboarding_wizard_calls_put_business_profile" time="0.000" /><testcase classname="tests.test_iteration41_strategic_signal.TestStrategicSignalChain" name="test_warroom_console_fetches_business_profile" time="0.000" /><testcase classname="tests.test_iteration41_strategic_signal.TestStrategicSignalChain" name="test_warroom_console_skips_step2_on_business_stage" time="0.000" /><testcase classname="tests.test_iteration41_strategic_signal.TestStrategicSignalChain" name="test_register_page_has_titan_glass_color" time="0.000" /><testcase classname="tests.test_iteration41_strategic_signal.TestStrategicSignalChain" name="test_login_page_has_titan_glass_color" time="0.000" /><testcase classname="tests.test_iteration41_strategic_signal.TestStrategicSignalChain" name="test_register_page_has_confirm_password_field" time="0.000" /><testcase classname="tests.test_iteration41_strategic_signal.TestApiEndpoints" name="test_business_profile_endpoint_exists" time="0.185" /><testcase classname="tests.test_iteration41_strategic_signal.TestApiEndpoints" name="test_put_business_profile_endpoint_exists" time="0.149" /></testsuite></testsuites>