<?xml version="1.0" encoding="utf-8"?><testsuites name="pytest tests"><testsuite name="pytest" errors="0" failures="1" skipped="0" tests="11" time="10.683" timestamp="2026-02-16T12:05:00.924200+00:00" hostname="agent-env-d191fc48-ef2d-4802-84e8-6718181e5ef4"><testcase classname="tests.test_iteration38_titan_glass.TestHealthEndpoints" name="test_basic_health" time="0.181" /><testcase classname="tests.test_iteration38_titan_glass.TestHealthEndpoints" name="test_detailed_health" time="0.819" /><testcase classname="tests.test_iteration38_titan_glass.TestHealthEndpoints" name="test_workers_health" time="0.443" /><testcase classname="tests.test_iteration38_titan_glass.TestRefactoredAICore" name="test_api_root" time="0.098" /><testcase classname="tests.test_iteration38_titan_glass.TestRefactoredAICore" name="test_calibration_status_unauthenticated" time="0.101" /><testcase classname="tests.test_iteration38_titan_glass.TestAuthEndpointsExist" name="test_login_endpoint_exists" time="0.836" /><testcase classname="tests.test_iteration38_titan_glass.TestAuthEndpointsExist" name="test_signup_endpoint_exists" time="0.925" /><testcase classname="tests.test_iteration38_titan_glass.TestAuthEndpointsExist" name="test_oauth_google_url_endpoint_exists" time="0.119" /><testcase classname="tests.test_iteration38_titan_glass.TestAuthenticatedEndpoints" name="test_calibration_status_authenticated" time="2.443" /><testcase classname="tests.test_iteration38_titan_glass.TestAuthenticatedEndpoints" name="test_business_profile_authenticated" time="2.972" /><testcase classname="tests.test_iteration38_titan_glass.TestAuthenticatedEndpoints" name="test_auth_me_authenticated" time="1.667"><failure message="AssertionError: assert 'email' in {'message': 'Authenticated via Supabase', 'user': {'company_name': 'Test Corp', 'email': 'e2e-rca-test@test.com', 'full_name': 'E2E RCA Test', 'id': 'ba4d1d06-ded9-4176-83ad-c33d762f2800', ...}}">tests/test_iteration38_titan_glass.py:187: in test_auth_me_authenticated
    assert "email" in data
E   AssertionError: assert 'email' in {'message': 'Authenticated via Supabase', 'user': {'company_name': 'Test Corp', 'email': 'e2e-rca-test@test.com', 'full_name': 'E2E RCA Test', 'id': 'ba4d1d06-ded9-4176-83ad-c33d762f2800', ...}}</failure></testcase></testsuite></testsuites>