<?xml version="1.0" encoding="utf-8"?><testsuites name="pytest tests"><testsuite name="pytest" errors="0" failures="1" skipped="0" tests="14" time="2.345" timestamp="2026-02-15T22:12:33.818316+00:00" hostname="agent-env-df4e645e-452c-4e6c-8b21-174b3173d2e6"><testcase classname="backend.tests.test_iteration26_security_p0.TestHealthEndpoints" name="test_root_health_returns_200" time="0.226"><failure message="requests.exceptions.JSONDecodeError: Expecting value: line 1 column 1 (char 0)">/root/.venv/lib/python3.11/site-packages/requests/models.py:976: in json
    return complexjson.loads(self.text, **kwargs)
           ^^^^^^^^^^^^^^^^^^^^^^^^^^^^^^^^^^^^^^
/usr/local/lib/python3.11/json/__init__.py:346: in loads
    return _default_decoder.decode(s)
           ^^^^^^^^^^^^^^^^^^^^^^^^^^
/usr/local/lib/python3.11/json/decoder.py:337: in decode
    obj, end = self.raw_decode(s, idx=_w(s, 0).end())
               ^^^^^^^^^^^^^^^^^^^^^^^^^^^^^^^^^^^^^^
/usr/local/lib/python3.11/json/decoder.py:355: in raw_decode
    raise JSONDecodeError("Expecting value", s, err.value) from None
E   json.decoder.JSONDecodeError: Expecting value: line 1 column 1 (char 0)

During handling of the above exception, another exception occurred:
backend/tests/test_iteration26_security_p0.py:21: in test_root_health_returns_200
    data = response.json()
           ^^^^^^^^^^^^^^^
/root/.venv/lib/python3.11/site-packages/requests/models.py:980: in json
    raise RequestsJSONDecodeError(e.msg, e.doc, e.pos)
E   requests.exceptions.JSONDecodeError: Expecting value: line 1 column 1 (char 0)</failure></testcase><testcase classname="backend.tests.test_iteration26_security_p0.TestHealthEndpoints" name="test_api_health_returns_200" time="0.121" /><testcase classname="backend.tests.test_iteration26_security_p0.TestSecurityP0Endpoints" name="test_calibration_status_requires_auth" time="0.141" /><testcase classname="backend.tests.test_iteration26_security_p0.TestSecurityP0Endpoints" name="test_calibration_init_requires_auth" time="0.151" /><testcase classname="backend.tests.test_iteration26_security_p0.TestSecurityP0Endpoints" name="test_calibration_brain_requires_auth" time="0.141" /><testcase classname="backend.tests.test_iteration26_security_p0.TestSecurityP0Endpoints" name="test_executive_mirror_requires_auth" time="0.149" /><testcase classname="backend.tests.test_iteration26_security_p0.TestSecurityP0Endpoints" name="test_data_center_upload_requires_auth" time="0.141" /><testcase classname="backend.tests.test_iteration26_security_p0.TestExtractedRoutes" name="test_soundboard_conversations_requires_auth" time="0.118" /><testcase classname="backend.tests.test_iteration26_security_p0.TestExtractedRoutes" name="test_data_center_files_requires_auth" time="0.142" /><testcase classname="backend.tests.test_iteration26_security_p0.TestExtractedRoutes" name="test_data_center_categories_requires_auth" time="0.150" /><testcase classname="backend.tests.test_iteration26_security_p0.TestExtractedRoutes" name="test_soundboard_chat_requires_auth" time="0.123" /><testcase classname="backend.tests.test_iteration26_security_p0.TestMethodValidation" name="test_calibration_init_get_returns_405" time="0.381" /><testcase classname="backend.tests.test_iteration26_security_p0.TestMethodValidation" name="test_calibration_brain_get_returns_405" time="0.130" /><testcase classname="backend.tests.test_iteration26_security_p0.TestResponseFormat" name="test_auth_error_returns_json" time="0.116" /></testsuite></testsuites>