<?xml version="1.0" encoding="utf-8"?><testsuites name="pytest tests"><testsuite name="pytest" errors="0" failures="0" skipped="0" tests="6" time="0.329" timestamp="2026-02-10T22:00:53.307253+00:00" hostname="agent-env-28997d82-de1d-47ab-893c-12cb0e97db73"><testcase classname="backend.tests.test_iteration16_onboarding_state.TestOnboardingUnauthenticated" name="test_onboarding_status_requires_auth" time="0.059" /><testcase classname="backend.tests.test_iteration16_onboarding_state.TestOnboardingUnauthenticated" name="test_onboarding_save_requires_auth" time="0.041" /><testcase classname="backend.tests.test_iteration16_onboarding_state.TestOnboardingUnauthenticated" name="test_onboarding_complete_requires_auth" time="0.044" /><testcase classname="backend.tests.test_iteration16_onboarding_state.TestOnboardingUnauthenticated" name="test_business_profile_context_requires_auth" time="0.039" /><testcase classname="backend.tests.test_iteration16_onboarding_state.TestBackendIsRunning" name="test_backend_health" time="0.042" /><testcase classname="backend.tests.test_iteration16_onboarding_state.TestBackendIsRunning" name="test_backend_cors" time="0.042" /></testsuite></testsuites>