<?xml version="1.0" encoding="utf-8"?><testsuites name="pytest tests"><testsuite name="pytest" errors="0" failures="2" skipped="2" tests="8" time="24.107" timestamp="2026-03-14T00:22:23.273169+00:00" hostname="agent-env-5d83e6fc-44d5-485a-b42e-9bbae981d08c"><testcase classname="backend.tests.test_iteration_130_production.TestProductionAuth" name="test_01_login_successful" time="0.434" /><testcase classname="backend.tests.test_iteration_130_production.TestProductionAuth" name="test_02_calibration_status" time="2.733" /><testcase classname="backend.tests.test_iteration_130_production.TestWarRoom" name="test_03_war_room_without_product_or_service" time="2.201"><failure message="AssertionError: Unexpected status: 400&#10;assert 400 in [200, 422, 500]&#10; +  where 400 = &lt;Response [400]&gt;.status_code">backend/tests/test_iteration_130_production.py:109: in test_03_war_room_without_product_or_service
    assert response.status_code in [200, 422, 500], f"Unexpected status: {response.status_code}"
E   AssertionError: Unexpected status: 400
E   assert 400 in [200, 422, 500]
E    +  where 400 = &lt;Response [400]&gt;.status_code</failure></testcase><testcase classname="backend.tests.test_iteration_130_production.TestWarRoom" name="test_04_war_room_with_product_or_service" time="0.961"><failure message="assert 400 in [200, 500]&#10; +  where 400 = &lt;Response [400]&gt;.status_code">backend/tests/test_iteration_130_production.py:136: in test_04_war_room_with_product_or_service
    assert response.status_code in [200, 500]
E   assert 400 in [200, 500]
E    +  where 400 = &lt;Response [400]&gt;.status_code</failure></testcase><testcase classname="backend.tests.test_iteration_130_production.TestSoundboard" name="test_05_soundboard_advisory_prompt" time="9.694" /><testcase classname="backend.tests.test_iteration_130_production.TestBoardRoomDiagnosis" name="test_06_boardroom_diagnosis" time="0.079"><skipped type="pytest.skip" message="Auth failed: 401">/app/backend/tests/test_iteration_130_production.py:227: Auth failed: 401</skipped></testcase><testcase classname="backend.tests.test_iteration_130_production.TestBoardRoomDiagnosis" name="test_07_boardroom_respond" time="0.000"><skipped type="pytest.skip" message="Auth failed: 401">/app/backend/tests/test_iteration_130_production.py:246: Auth failed: 401</skipped></testcase><testcase classname="backend.tests.test_iteration_130_production.TestCalibrationDeepScan" name="test_08_calibration_enrichment_deep_scan" time="7.909" /></testsuite></testsuites>