<?xml version="1.0" encoding="utf-8"?><testsuites name="pytest tests"><testsuite name="pytest" errors="0" failures="2" skipped="0" tests="27" time="291.504" timestamp="2026-03-17T01:22:40.135870+00:00" hostname="agent-env-68a14882-1628-429a-a386-5c9ab90377b3"><testcase classname="backend.tests.test_iteration146_cognition_platform.TestUnifiedRevenueEndpoint" name="test_unified_revenue_returns_200" time="8.573" /><testcase classname="backend.tests.test_iteration146_cognition_platform.TestUnifiedRevenueEndpoint" name="test_unified_revenue_has_confidence_score" time="7.995" /><testcase classname="backend.tests.test_iteration146_cognition_platform.TestUnifiedRevenueEndpoint" name="test_unified_revenue_has_data_sources_count" time="7.316" /><testcase classname="backend.tests.test_iteration146_cognition_platform.TestUnifiedRevenueEndpoint" name="test_unified_revenue_has_data_freshness" time="6.910" /><testcase classname="backend.tests.test_iteration146_cognition_platform.TestUnifiedRevenueEndpoint" name="test_unified_revenue_has_lineage" time="8.204" /><testcase classname="backend.tests.test_iteration146_cognition_platform.TestBrainPrioritiesEndpoint" name="test_brain_priorities_returns_200" time="4.946" /><testcase classname="backend.tests.test_iteration146_cognition_platform.TestBrainPrioritiesEndpoint" name="test_brain_priorities_top_level_confidence_contract" time="4.653" /><testcase classname="backend.tests.test_iteration146_cognition_platform.TestBrainPrioritiesEndpoint" name="test_brain_priorities_concerns_have_recommended_action_id" time="4.620" /><testcase classname="backend.tests.test_iteration146_cognition_platform.TestBrainPrioritiesEndpoint" name="test_brain_priorities_concerns_have_confidence_data_fields" time="5.086" /><testcase classname="backend.tests.test_iteration146_cognition_platform.TestBrainInitialCalibrationEndpoint" name="test_brain_initial_calibration_returns_200" time="4.952" /><testcase classname="backend.tests.test_iteration146_cognition_platform.TestBrainInitialCalibrationEndpoint" name="test_brain_initial_calibration_has_status" time="5.166" /><testcase classname="backend.tests.test_iteration146_cognition_platform.TestBrainInitialCalibrationEndpoint" name="test_brain_initial_calibration_has_tenant_id" time="4.836" /><testcase classname="backend.tests.test_iteration146_cognition_platform.TestBrainInitialCalibrationEndpoint" name="test_brain_initial_calibration_has_top_concerns" time="4.862" /><testcase classname="backend.tests.test_iteration146_cognition_platform.TestBrainInitialCalibrationEndpoint" name="test_brain_initial_calibration_has_confidence_and_coverage" time="4.964" /><testcase classname="backend.tests.test_iteration146_cognition_platform.TestCognitionPlatformAuditEndpoint" name="test_cognition_platform_audit_returns_200" time="8.848" /><testcase classname="backend.tests.test_iteration146_cognition_platform.TestCognitionPlatformAuditEndpoint" name="test_cognition_platform_audit_has_summary" time="8.652" /><testcase classname="backend.tests.test_iteration146_cognition_platform.TestCognitionPlatformAuditEndpoint" name="test_cognition_platform_audit_has_sql_schema_and_tables" time="8.771" /><testcase classname="backend.tests.test_iteration146_cognition_platform.TestCognitionPlatformAuditEndpoint" name="test_cognition_platform_audit_has_sql_functions" time="38.284" /><testcase classname="backend.tests.test_iteration146_cognition_platform.TestCognitionPlatformAuditEndpoint" name="test_cognition_platform_audit_has_edge_functions" time="19.146" /><testcase classname="backend.tests.test_iteration146_cognition_platform.TestCognitionPlatformAuditEndpoint" name="test_cognition_platform_audit_has_webhooks" time="8.694" /><testcase classname="backend.tests.test_iteration146_cognition_platform.TestCognitionPlatformAuditEndpoint" name="test_cognition_platform_audit_has_serving_map" time="60.179"><failure message="assert 502 == 200&#10; +  where 502 = &lt;Response [502]&gt;.status_code">backend/tests/test_iteration146_cognition_platform.py:225: in test_cognition_platform_audit_has_serving_map
    assert response.status_code == 200
E   assert 502 == 200
E    +  where 502 = &lt;Response [502]&gt;.status_code</failure></testcase><testcase classname="backend.tests.test_iteration146_cognition_platform.TestSoundboardChatFallback" name="test_soundboard_chat_returns_200_or_fallback" time="26.159" /><testcase classname="backend.tests.test_iteration146_cognition_platform.TestSoundboardChatFallback" name="test_soundboard_chat_returns_reply_or_guardrail" time="9.247" /><testcase classname="backend.tests.test_iteration146_cognition_platform.TestSoundboardChatFallback" name="test_soundboard_chat_response_has_contract_fields_when_successful" time="9.540" /><testcase classname="backend.tests.test_iteration146_cognition_platform.TestAdditionalEndpoints" name="test_unified_advisor_has_data_contract" time="3.322" /><testcase classname="backend.tests.test_iteration146_cognition_platform.TestAdditionalEndpoints" name="test_unified_risk_has_data_contract" time="7.254" /><testcase classname="backend.tests.test_iteration146_cognition_platform.TestAdditionalEndpoints" name="test_unified_operations_has_data_contract" time="0.055"><failure message="requests.exceptions.ConnectionError: ('Connection aborted.', ConnectionResetError(104, 'Connection reset by peer'))">/usr/local/lib/python3.11/ssl.py:1055: in _create
    self.getpeername()
E   OSError: [Errno 107] Transport endpoint is not connected

During handling of the above exception, another exception occurred:
/root/.venv/lib/python3.11/site-packages/urllib3/connectionpool.py:787: in urlopen
    response = self._make_request(
/root/.venv/lib/python3.11/site-packages/urllib3/connectionpool.py:488: in _make_request
    raise new_e
/root/.venv/lib/python3.11/site-packages/urllib3/connectionpool.py:464: in _make_request
    self._validate_conn(conn)
/root/.venv/lib/python3.11/site-packages/urllib3/connectionpool.py:1093: in _validate_conn
    conn.connect()
/root/.venv/lib/python3.11/site-packages/urllib3/connection.py:796: in connect
    sock_and_verified = _ssl_wrap_socket_and_match_hostname(
/root/.venv/lib/python3.11/site-packages/urllib3/connection.py:975: in _ssl_wrap_socket_and_match_hostname
    ssl_sock = ssl_wrap_socket(
/root/.venv/lib/python3.11/site-packages/urllib3/util/ssl_.py:483: in ssl_wrap_socket
    ssl_sock = _ssl_wrap_socket_impl(sock, context, tls_in_tls, server_hostname)
               ^^^^^^^^^^^^^^^^^^^^^^^^^^^^^^^^^^^^^^^^^^^^^^^^^^^^^^^^^^^^^^^^^
/root/.venv/lib/python3.11/site-packages/urllib3/util/ssl_.py:527: in _ssl_wrap_socket_impl
    return ssl_context.wrap_socket(sock, server_hostname=server_hostname)
           ^^^^^^^^^^^^^^^^^^^^^^^^^^^^^^^^^^^^^^^^^^^^^^^^^^^^^^^^^^^^^^
/usr/local/lib/python3.11/ssl.py:517: in wrap_socket
    return self.sslsocket_class._create(
/usr/local/lib/python3.11/ssl.py:1067: in _create
    notconn_pre_handshake_data = self.recv(1)
                                 ^^^^^^^^^^^^
/usr/local/lib/python3.11/ssl.py:1297: in recv
    return super().recv(buflen, flags)
           ^^^^^^^^^^^^^^^^^^^^^^^^^^^
E   ConnectionResetError: [Errno 104] Connection reset by peer

During handling of the above exception, another exception occurred:
/root/.venv/lib/python3.11/site-packages/requests/adapters.py:644: in send
    resp = conn.urlopen(
/root/.venv/lib/python3.11/site-packages/urllib3/connectionpool.py:841: in urlopen
    retries = retries.increment(
/root/.venv/lib/python3.11/site-packages/urllib3/util/retry.py:474: in increment
    raise reraise(type(error), error, _stacktrace)
          ^^^^^^^^^^^^^^^^^^^^^^^^^^^^^^^^^^^^^^^^
/root/.venv/lib/python3.11/site-packages/urllib3/util/util.py:38: in reraise
    raise value.with_traceback(tb)
/root/.venv/lib/python3.11/site-packages/urllib3/connectionpool.py:787: in urlopen
    response = self._make_request(
/root/.venv/lib/python3.11/site-packages/urllib3/connectionpool.py:488: in _make_request
    raise new_e
/root/.venv/lib/python3.11/site-packages/urllib3/connectionpool.py:464: in _make_request
    self._validate_conn(conn)
/root/.venv/lib/python3.11/site-packages/urllib3/connectionpool.py:1093: in _validate_conn
    conn.connect()
/root/.venv/lib/python3.11/site-packages/urllib3/connection.py:796: in connect
    sock_and_verified = _ssl_wrap_socket_and_match_hostname(
/root/.venv/lib/python3.11/site-packages/urllib3/connection.py:975: in _ssl_wrap_socket_and_match_hostname
    ssl_sock = ssl_wrap_socket(
/root/.venv/lib/python3.11/site-packages/urllib3/util/ssl_.py:483: in ssl_wrap_socket
    ssl_sock = _ssl_wrap_socket_impl(sock, context, tls_in_tls, server_hostname)
               ^^^^^^^^^^^^^^^^^^^^^^^^^^^^^^^^^^^^^^^^^^^^^^^^^^^^^^^^^^^^^^^^^
/root/.venv/lib/python3.11/site-packages/urllib3/util/ssl_.py:527: in _ssl_wrap_socket_impl
    return ssl_context.wrap_socket(sock, server_hostname=server_hostname)
           ^^^^^^^^^^^^^^^^^^^^^^^^^^^^^^^^^^^^^^^^^^^^^^^^^^^^^^^^^^^^^^
/usr/local/lib/python3.11/ssl.py:517: in wrap_socket
    return self.sslsocket_class._create(
/usr/local/lib/python3.11/ssl.py:1067: in _create
    notconn_pre_handshake_data = self.recv(1)
                                 ^^^^^^^^^^^^
/usr/local/lib/python3.11/ssl.py:1297: in recv
    return super().recv(buflen, flags)
           ^^^^^^^^^^^^^^^^^^^^^^^^^^^
E   urllib3.exceptions.ProtocolError: ('Connection aborted.', ConnectionResetError(104, 'Connection reset by peer'))

During handling of the above exception, another exception occurred:
backend/tests/test_iteration146_cognition_platform.py:297: in test_unified_operations_has_data_contract
    response = requests.get(f"{BASE_URL}/api/unified/operations", headers=auth_headers)
               ^^^^^^^^^^^^^^^^^^^^^^^^^^^^^^^^^^^^^^^^^^^^^^^^^^^^^^^^^^^^^^^^^^^^^^^^
/root/.venv/lib/python3.11/site-packages/requests/api.py:73: in get
    return request("get", url, params=params, **kwargs)
           ^^^^^^^^^^^^^^^^^^^^^^^^^^^^^^^^^^^^^^^^^^^^
/root/.venv/lib/python3.11/site-packages/requests/api.py:59: in request
    return session.request(method=method, url=url, **kwargs)
           ^^^^^^^^^^^^^^^^^^^^^^^^^^^^^^^^^^^^^^^^^^^^^^^^^
/root/.venv/lib/python3.11/site-packages/requests/sessions.py:589: in request
    resp = self.send(prep, **send_kwargs)
           ^^^^^^^^^^^^^^^^^^^^^^^^^^^^^^
/root/.venv/lib/python3.11/site-packages/requests/sessions.py:703: in send
    r = adapter.send(request, **kwargs)
        ^^^^^^^^^^^^^^^^^^^^^^^^^^^^^^^
/root/.venv/lib/python3.11/site-packages/requests/adapters.py:659: in send
    raise ConnectionError(err, request=request)
E   requests.exceptions.ConnectionError: ('Connection aborted.', ConnectionResetError(104, 'Connection reset by peer'))</failure></testcase></testsuite></testsuites>