============================= test session starts ==============================
platform darwin -- Python 3.9.6, pytest-8.4.2, pluggy-1.6.0 -- /Library/Developer/CommandLineTools/usr/bin/python3
cachedir: .pytest_cache
rootdir: /private/tmp/biqc-marjo-r2b
plugins: anyio-4.12.1
collecting ... collected 14 items

backend/tests/test_customer_reviews_deep.py::TestPerPlatformSchema::test_extract_per_platform_schema PASSED [  7%]
backend/tests/test_customer_reviews_deep.py::TestPerPlatformSchema::test_all_five_target_platforms_covered PASSED [ 14%]
backend/tests/test_customer_reviews_deep.py::TestLLMSentimentReplacesKeywordBag::test_llm_sentiment_classification_replaces_keyword_bag PASSED [ 21%]
backend/tests/test_customer_reviews_deep.py::TestLLMSentimentReplacesKeywordBag::test_keyword_bag_words_alone_do_not_set_sentiment PASSED [ 28%]
backend/tests/test_customer_reviews_deep.py::TestLLMThemeExtraction::test_llm_theme_extraction_from_corpus PASSED [ 35%]
backend/tests/test_customer_reviews_deep.py::TestAggregatedWeightedAverage::test_aggregated_weighted_average PASSED [ 42%]
backend/tests/test_customer_reviews_deep.py::TestAggregatedWeightedAverage::test_sentiment_distribution_sums_to_100_or_zero PASSED [ 50%]
backend/tests/test_customer_reviews_deep.py::TestFacebookFailureMarkedInsufficient::test_facebook_failure_marked_insufficient_signal_not_silent PASSED [ 57%]
backend/tests/test_customer_reviews_deep.py::TestNoSupplierNamesInExternalResponse::test_no_supplier_names_in_external_response PASSED [ 64%]
backend/tests/test_customer_reviews_deep.py::TestNoSupplierNamesInExternalResponse::test_ai_errors_are_isolated_and_internal PASSED [ 71%]
backend/tests/test_customer_reviews_deep.py::TestProviderTracesPerPlatform::test_provider_traces_per_platform_pair_persisted PASSED [ 78%]
backend/tests/test_customer_reviews_deep.py::TestProviderTracesPerPlatform::test_trace_count_for_zero_data_path PASSED [ 85%]
backend/tests/test_customer_reviews_deep.py::TestFixtureSanity::test_happy_fixture_has_at_least_one_review_per_active_platform PASSED [ 92%]
backend/tests/test_customer_reviews_deep.py::TestFixtureSanity::test_facebook_failed_fixture_has_zero_data PASSED [100%]

============================== 14 passed in 0.03s ==============================
